# No-Compile Static Analysis Log

Root: /AntennaDistTorq/IP_AntennaDistTorq.c
Files: 1
Functions: 1
Call edges: 66
Field accesses: 28
Unresolved calls: 15
Missing local includes: 0
Function invariants: 47
Project invariants: 16

## Missing Local Includes
- none

## Duplicate Function Definitions
- none

## Unresolved Calls
- Cosx: AntennaDistTorq@IP_AntennaDistTorq.c:58, AntennaDistTorq@IP_AntennaDistTorq.c:60
- MatrixAdd33: AntennaDistTorq@IP_AntennaDistTorq.c:96, AntennaDistTorq@IP_AntennaDistTorq.c:133
- MatrixIdentity33: AntennaDistTorq@IP_AntennaDistTorq.c:92, AntennaDistTorq@IP_AntennaDistTorq.c:100, AntennaDistTorq@IP_AntennaDistTorq.c:129, AntennaDistTorq@IP_AntennaDistTorq.c:137, AntennaDistTorq@IP_AntennaDistTorq.c:144
- MatrixMulti313: AntennaDistTorq@IP_AntennaDistTorq.c:91, AntennaDistTorq@IP_AntennaDistTorq.c:99, AntennaDistTorq@IP_AntennaDistTorq.c:128, AntennaDistTorq@IP_AntennaDistTorq.c:136, AntennaDistTorq@IP_AntennaDistTorq.c:143
- MatrixMulti331: AntennaDistTorq@IP_AntennaDistTorq.c:78, AntennaDistTorq@IP_AntennaDistTorq.c:84, AntennaDistTorq@IP_AntennaDistTorq.c:106, AntennaDistTorq@IP_AntennaDistTorq.c:115, AntennaDistTorq@IP_AntennaDistTorq.c:117, AntennaDistTorq@IP_AntennaDistTorq.c:120, AntennaDistTorq@IP_AntennaDistTorq.c:150, AntennaDistTorq@IP_AntennaDistTorq.c:152
- MatrixMulti333: AntennaDistTorq@IP_AntennaDistTorq.c:76, AntennaDistTorq@IP_AntennaDistTorq.c:87, AntennaDistTorq@IP_AntennaDistTorq.c:88, AntennaDistTorq@IP_AntennaDistTorq.c:110, AntennaDistTorq@IP_AntennaDistTorq.c:124, AntennaDistTorq@IP_AntennaDistTorq.c:125
- MatrixMultiScalar33: AntennaDistTorq@IP_AntennaDistTorq.c:93, AntennaDistTorq@IP_AntennaDistTorq.c:95, AntennaDistTorq@IP_AntennaDistTorq.c:101, AntennaDistTorq@IP_AntennaDistTorq.c:103, AntennaDistTorq@IP_AntennaDistTorq.c:130, AntennaDistTorq@IP_AntennaDistTorq.c:132, AntennaDistTorq@IP_AntennaDistTorq.c:138, AntennaDistTorq@IP_AntennaDistTorq.c:140 (+2 more)
- MatrixSub33: AntennaDistTorq@IP_AntennaDistTorq.c:94, AntennaDistTorq@IP_AntennaDistTorq.c:102, AntennaDistTorq@IP_AntennaDistTorq.c:105, AntennaDistTorq@IP_AntennaDistTorq.c:131, AntennaDistTorq@IP_AntennaDistTorq.c:139, AntennaDistTorq@IP_AntennaDistTorq.c:146, AntennaDistTorq@IP_AntennaDistTorq.c:149, AntennaDistTorq@IP_AntennaDistTorq.c:151
- MatrixTran33: AntennaDistTorq@IP_AntennaDistTorq.c:75, AntennaDistTorq@IP_AntennaDistTorq.c:86, AntennaDistTorq@IP_AntennaDistTorq.c:109, AntennaDistTorq@IP_AntennaDistTorq.c:123
- Sinx: AntennaDistTorq@IP_AntennaDistTorq.c:57, AntennaDistTorq@IP_AntennaDistTorq.c:59
- V3Copy: AntennaDistTorq@IP_AntennaDistTorq.c:54, AntennaDistTorq@IP_AntennaDistTorq.c:160
- VectorAdd3: AntennaDistTorq@IP_AntennaDistTorq.c:79, AntennaDistTorq@IP_AntennaDistTorq.c:118, AntennaDistTorq@IP_AntennaDistTorq.c:121, AntennaDistTorq@IP_AntennaDistTorq.c:153, AntennaDistTorq@IP_AntennaDistTorq.c:156
- VectorDot3: AntennaDistTorq@IP_AntennaDistTorq.c:90, AntennaDistTorq@IP_AntennaDistTorq.c:98, AntennaDistTorq@IP_AntennaDistTorq.c:127, AntennaDistTorq@IP_AntennaDistTorq.c:135, AntennaDistTorq@IP_AntennaDistTorq.c:142
- VectorScalar3: AntennaDistTorq@IP_AntennaDistTorq.c:158
- VectorSub3: AntennaDistTorq@IP_AntennaDistTorq.c:157

## Call Graph
- AntennaDistTorq -> Cosx? x2, MatrixAdd33? x2, MatrixIdentity33? x5, MatrixMulti313? x5, MatrixMulti331? x8, MatrixMulti333? x6, MatrixMultiScalar33? x10, MatrixSub33? x8, MatrixTran33? x4, Sinx? x2, V3Copy? x2, VectorAdd3? x5, VectorDot3? x5, VectorScalar3?, VectorSub3?

## State Transitions
- none

## Field Access Summary
- sAntennaCtrl.Aaf: read=1 write=0 read_write=0 functions=AntennaDistTorq
- sAntennaCtrl.Baf: read=1 write=0 read_write=0 functions=AntennaDistTorq
- sAntennaCtrl.CAntenna: read=2 write=0 read_write=0 functions=AntennaDistTorq
- sAntennaCtrl.HsigmaDtpat: read=2 write=0 read_write=0 functions=AntennaDistTorq
- sAntennaCtrl.TDT: read=3 write=0 read_write=0 functions=AntennaDistTorq
- sAntennaCtrl.wDTa: read=1 write=0 read_write=0 functions=AntennaDistTorq
- sAntennaCtrl.wDTb: read=1 write=0 read_write=0 functions=AntennaDistTorq
- sAntennaPara.Ja1: read=1 write=0 read_write=0 functions=AntennaDistTorq
- sAntennaPara.Ja2: read=1 write=0 read_write=0 functions=AntennaDistTorq
- sAntennaPara.ma1: read=2 write=0 read_write=0 functions=AntennaDistTorq
- sAntennaPara.ma2: read=3 write=0 read_write=0 functions=AntennaDistTorq
- sAntennaPara.ro1: read=6 write=0 read_write=0 functions=AntennaDistTorq
- sAntennaPara.ro1c1: read=1 write=0 read_write=0 functions=AntennaDistTorq
- sAntennaPara.ro1o2: read=1 write=0 read_write=0 functions=AntennaDistTorq
- sAntennaPara.ro2c2: read=1 write=0 read_write=0 functions=AntennaDistTorq
- sTime.prd: read=1 write=0 read_write=0 functions=AntennaDistTorq

## Project Invariants
- [project_input_field/medium] sAntennaCtrl.Aaf is only read by AntennaDistTorq (field summary)
- [project_input_field/medium] sAntennaCtrl.Baf is only read by AntennaDistTorq (field summary)
- [project_input_field/medium] sAntennaCtrl.CAntenna is only read by AntennaDistTorq (field summary)
- [project_input_field/medium] sAntennaCtrl.HsigmaDtpat is only read by AntennaDistTorq (field summary)
- [project_input_field/medium] sAntennaCtrl.TDT is only read by AntennaDistTorq (field summary)
- [project_input_field/medium] sAntennaCtrl.wDTa is only read by AntennaDistTorq (field summary)
- [project_input_field/medium] sAntennaCtrl.wDTb is only read by AntennaDistTorq (field summary)
- [project_input_field/medium] sAntennaPara.Ja1 is only read by AntennaDistTorq (field summary)
- [project_input_field/medium] sAntennaPara.Ja2 is only read by AntennaDistTorq (field summary)
- [project_input_field/medium] sAntennaPara.ma1 is only read by AntennaDistTorq (field summary)
- [project_input_field/medium] sAntennaPara.ma2 is only read by AntennaDistTorq (field summary)
- [project_input_field/medium] sAntennaPara.ro1 is only read by AntennaDistTorq (field summary)
- [project_input_field/medium] sAntennaPara.ro1c1 is only read by AntennaDistTorq (field summary)
- [project_input_field/medium] sAntennaPara.ro1o2 is only read by AntennaDistTorq (field summary)
- [project_input_field/medium] sAntennaPara.ro2c2 is only read by AntennaDistTorq (field summary)
- [project_input_field/medium] sTime.prd is only read by AntennaDistTorq (field summary)

## Function Details
### AntennaDistTorq (IP_AntennaDistTorq.c:7)
- params: void
- locals: Aafj, Bafj, Bwa1, Bwa2, CBa1j, CBa2j, CGa1a2j, CGa1j, CGa2j, CJC, C_T, Cr, Ha1, Ha2, HsigmaDT, HsigmaDTpatj, JC, Ja11, Ja12, Ja21, Ja22, Ja23, cAaf, cBaf, rTor, roc1, roc2, roo2, rorT, sAaf, sBaf, wDTaj, wDTbj
- calls: V3Copy, Sinx, Cosx, Sinx, Cosx, MatrixTran33, MatrixMulti333, MatrixMulti331, VectorAdd3, MatrixMulti331, MatrixTran33, MatrixMulti333, MatrixMulti333, VectorDot3, MatrixMulti313, MatrixIdentity33, MatrixMultiScalar33, MatrixSub33, MatrixMultiScalar33, MatrixAdd33, VectorDot3, MatrixMulti313, MatrixIdentity33, MatrixMultiScalar33, MatrixSub33, MatrixMultiScalar33, MatrixSub33, MatrixMulti331, MatrixTran33, MatrixMulti333, MatrixMulti331, MatrixMulti331, VectorAdd3, MatrixMulti331, VectorAdd3, MatrixTran33, MatrixMulti333, MatrixMulti333, VectorDot3, MatrixMulti313, MatrixIdentity33, MatrixMultiScalar33, MatrixSub33, MatrixMultiScalar33, MatrixAdd33, VectorDot3, MatrixMulti313, MatrixIdentity33, MatrixMultiScalar33, MatrixSub33, MatrixMultiScalar33, VectorDot3, MatrixMulti313, MatrixIdentity33, MatrixMultiScalar33, MatrixSub33, MatrixMultiScalar33, MatrixSub33, MatrixMulti331, MatrixSub33, MatrixMulti331, VectorAdd3, VectorAdd3, VectorSub3, VectorScalar3, V3Copy
- undefined_calls: Cosx, MatrixAdd33, MatrixIdentity33, MatrixMulti313, MatrixMulti331, MatrixMulti333, MatrixMultiScalar33, MatrixSub33, MatrixTran33, Sinx, V3Copy, VectorAdd3, VectorDot3, VectorScalar3, VectorSub3
- reads: Aaf, Baf, Cosx, Sinx, VectorDot3, ro1, sAntennaCtrl, sAntennaPara, wDTa, wDTb
- writes: Aafj, Bafj, cAaf, cBaf, rTor, sAaf, sBaf, wDT, wDTaj, wDTbj
- summary.ensures_observed:
  - Aafj in [-1.79769e+308, 1.79769e+308]
  - Bafj in [-1.79769e+308, 1.79769e+308]
  - Bwa1 in [-1.79769e+308, 1.79769e+308]
  - Bwa2 in [-1.79769e+308, 1.79769e+308]
  - CBa1j in [-1.79769e+308, 1.79769e+308]
  - CBa2j in [-1.79769e+308, 1.79769e+308]
  - CGa1a2j in [-1.79769e+308, 1.79769e+308]
  - CGa1j in [-1.79769e+308, 1.79769e+308]
  - CGa2j in [-1.79769e+308, 1.79769e+308]
  - CJC in [-1.79769e+308, 1.79769e+308]
  - C_T in [-1.79769e+308, 1.79769e+308]
  - Cr in [-1.79769e+308, 1.79769e+308]
  - Ha1 in [-1.79769e+308, 1.79769e+308]
  - Ha2 in [-1.79769e+308, 1.79769e+308]
  - HsigmaDT in [-1.79769e+308, 1.79769e+308]
  - HsigmaDTpatj in [-1.79769e+308, 1.79769e+308]
  - ... 25 more
- invariants:
  - [value_range/medium] Aafj in [-1.79769e+308, 1.79769e+308] (decl float64@8)
  - [value_range/medium] Bafj in [-1.79769e+308, 1.79769e+308] (decl float64@9)
  - [value_range/medium] Bwa1 in [-1.79769e+308, 1.79769e+308] (decl float64@29)
  - [value_range/medium] Bwa2 in [-1.79769e+308, 1.79769e+308] (decl float64@30)
  - [value_range/medium] CBa1j in [-1.79769e+308, 1.79769e+308] (decl float64@22)
  - [value_range/medium] CBa2j in [-1.79769e+308, 1.79769e+308] (decl float64@24)
  - [value_range/medium] CGa1a2j in [-1.79769e+308, 1.79769e+308] (decl float64@17)
  - [value_range/medium] CGa1j in [-1.79769e+308, 1.79769e+308] (decl float64@14)
  - [value_range/medium] CGa2j in [-1.79769e+308, 1.79769e+308] (decl float64@16)
  - [value_range/medium] CJC in [-1.79769e+308, 1.79769e+308] (decl float64@33)
  - [value_range/medium] C_T in [-1.79769e+308, 1.79769e+308] (decl float64@25)
  - [value_range/medium] Cr in [-1.79769e+308, 1.79769e+308] (decl float64@44)
  - [value_range/medium] Ha1 in [-1.79769e+308, 1.79769e+308] (decl float64@42)
  - [value_range/medium] Ha2 in [-1.79769e+308, 1.79769e+308] (decl float64@43)
  - [value_range/medium] HsigmaDT in [-1.79769e+308, 1.79769e+308] (decl float64@13)
  - [value_range/medium] HsigmaDTpatj in [-1.79769e+308, 1.79769e+308] (decl float64@12)
  - [value_range/medium] JC in [-1.79769e+308, 1.79769e+308] (decl float64@31)
  - [value_range/medium] Ja11 in [-1.79769e+308, 1.79769e+308] (decl float64@36)
  - [value_range/medium] Ja12 in [-1.79769e+308, 1.79769e+308] (decl float64@38)
  - [value_range/medium] Ja21 in [-1.79769e+308, 1.79769e+308] (decl float64@39)
  - [value_range/medium] Ja22 in [-1.79769e+308, 1.79769e+308] (decl float64@40)
  - [value_range/medium] Ja23 in [-1.79769e+308, 1.79769e+308] (decl float64@41)
  - [value_range/medium] cAaf in [-1.79769e+308, 1.79769e+308] (decl float64@19)
  - [value_range/medium] cBaf in [-1.79769e+308, 1.79769e+308] (decl float64@21)
  - [value_range/medium] rTor in [-1.79769e+308, 1.79769e+308] (decl float64@35)
  - [value_range/medium] roc1 in [-1.79769e+308, 1.79769e+308] (decl float64@26)
  - [value_range/medium] roc2 in [-1.79769e+308, 1.79769e+308] (decl float64@28)
  - [value_range/medium] roo2 in [-1.79769e+308, 1.79769e+308] (decl float64@27)
  - [value_range/medium] rorT in [-1.79769e+308, 1.79769e+308] (decl float64@34)
  - [value_range/medium] sAaf in [-1.79769e+308, 1.79769e+308] (decl float64@18)
  - ... 17 more
- value_ranges:
  - Aafj: [-1.79769e+308, 1.79769e+308] (decl float64@8)
  - Bafj: [-1.79769e+308, 1.79769e+308] (decl float64@9)
  - Bwa1: [-1.79769e+308, 1.79769e+308] (decl float64@29)
  - Bwa2: [-1.79769e+308, 1.79769e+308] (decl float64@30)
  - CBa1j: [-1.79769e+308, 1.79769e+308] (decl float64@22)
  - CBa2j: [-1.79769e+308, 1.79769e+308] (decl float64@24)
  - CGa1a2j: [-1.79769e+308, 1.79769e+308] (decl float64@17)
  - CGa1j: [-1.79769e+308, 1.79769e+308] (decl float64@14)
  - CGa2j: [-1.79769e+308, 1.79769e+308] (decl float64@16)
  - CJC: [-1.79769e+308, 1.79769e+308] (decl float64@33)
  - C_T: [-1.79769e+308, 1.79769e+308] (decl float64@25)
  - Cr: [-1.79769e+308, 1.79769e+308] (decl float64@44)
  - Ha1: [-1.79769e+308, 1.79769e+308] (decl float64@42)
  - Ha2: [-1.79769e+308, 1.79769e+308] (decl float64@43)
  - HsigmaDT: [-1.79769e+308, 1.79769e+308] (decl float64@13)
  - HsigmaDTpatj: [-1.79769e+308, 1.79769e+308] (decl float64@12)
  - JC: [-1.79769e+308, 1.79769e+308] (decl float64@31)
  - Ja11: [-1.79769e+308, 1.79769e+308] (decl float64@36)
  - Ja12: [-1.79769e+308, 1.79769e+308] (decl float64@38)
  - Ja21: [-1.79769e+308, 1.79769e+308] (decl float64@39)
  - Ja22: [-1.79769e+308, 1.79769e+308] (decl float64@40)
  - Ja23: [-1.79769e+308, 1.79769e+308] (decl float64@41)
  - cAaf: [-1.79769e+308, 1.79769e+308] (decl float64@19)
  - cBaf: [-1.79769e+308, 1.79769e+308] (decl float64@21)
  - rTor: [-1.79769e+308, 1.79769e+308] (decl float64@35)
  - roc1: [-1.79769e+308, 1.79769e+308] (decl float64@26)
  - roc2: [-1.79769e+308, 1.79769e+308] (decl float64@28)
  - roo2: [-1.79769e+308, 1.79769e+308] (decl float64@27)
  - rorT: [-1.79769e+308, 1.79769e+308] (decl float64@34)
  - sAaf: [-1.79769e+308, 1.79769e+308] (decl float64@18)
  - sBaf: [-1.79769e+308, 1.79769e+308] (decl float64@20)
  - wDT[0]: [-1.79769e+308, 1.79769e+308] (known-symbol@81; literal@112)
  - wDT[1]: [-1.79769e+308, 1.79769e+308] (literal@82; known-symbol@113)
  - wDT[2]: [0, 0] (literal@83; literal@114)
  - wDT[3]: [0, 0] (numeric-expression@46)
  - wDTaj: [-1.79769e+308, 1.79769e+308] (decl float64@10)
  - wDTbj: [-1.79769e+308, 1.79769e+308] (decl float64@11)
- assignments:
  - 46: wDT[3] = <literal/unknown>
  - 50: Aafj = Aaf,sAntennaCtrl
  - 51: Bafj = Baf,sAntennaCtrl
  - 52: wDTaj = sAntennaCtrl,wDTa
  - 53: wDTbj = sAntennaCtrl,wDTb
  - 57: sAaf = Aafj,Sinx
  - 58: cAaf = Aafj,Cosx
  - 59: sBaf = Bafj,Sinx
  - 60: cBaf = Bafj,Cosx
  - 81: wDT[0] = wDTaj
  - 82: wDT[1] = <literal/unknown>
  - 83: wDT[2] = <literal/unknown>
  - 90: rTor = VectorDot3,roc1
  - 98: rTor = VectorDot3,ro1,roc1,sAntennaPara
  - 112: wDT[0] = <literal/unknown>
  - 113: wDT[1] = wDTbj
  - 114: wDT[2] = <literal/unknown>
  - 127: rTor = VectorDot3,roc2
  - 135: rTor = VectorDot3,ro1,roc2,sAntennaPara
  - 142: rTor = VectorDot3,roc2,roo2

## JSON
{
  "root": "/AntennaDistTorq/IP_AntennaDistTorq.c",
  "files": [
    {
      "file": "/AntennaDistTorq/IP_AntennaDistTorq.c",
      "lines": 164,
      "includes": [
        {
          "name": "IP_AntennaDistTorq.h",
          "kind": "local",
          "line": 1,
          "resolved": "/AntennaDistTorq/IP_AntennaDistTorq.h"
        }
      ],
      "macros": [],
      "typedefs": [],
      "globals": [],
      "functions": [
        {
          "name": "AntennaDistTorq",
          "line": 7,
          "params": []
        }
      ]
    }
  ],
  "summary": {
    "file_count": 1,
    "function_count": 1,
    "defined_function_count": 1,
    "declared_function_count": 0,
    "macro_count": 0,
    "typedef_count": 0,
    "global_count": 0,
    "call_edge_count": 66,
    "unresolved_call_count": 15,
    "field_access_count": 28,
    "missing_local_include_count": 0,
    "function_invariant_count": 47,
    "project_invariant_count": 16
  },
  "symbols": {
    "defined_functions": {
      "AntennaDistTorq": [
        {
          "file": "/AntennaDistTorq/IP_AntennaDistTorq.c",
          "line": 7
        }
      ]
    },
    "declared_functions": {},
    "macros": {},
    "typedefs": {},
    "enum_constants": [],
    "globals": {},
    "struct_fields": {},
    "duplicate_functions": {}
  },
  "functions": [
    {
      "file": "/AntennaDistTorq/IP_AntennaDistTorq.c",
      "name": "AntennaDistTorq",
      "line": 7,
      "return_type": "void",
      "params": [],
      "locals": [
        "Aafj",
        "Bafj",
        "Bwa1",
        "Bwa2",
        "CBa1j",
        "CBa2j",
        "CGa1a2j",
        "CGa1j",
        "CGa2j",
        "CJC",
        "C_T",
        "Cr",
        "Ha1",
        "Ha2",
        "HsigmaDT",
        "HsigmaDTpatj",
        "JC",
        "Ja11",
        "Ja12",
        "Ja21",
        "Ja22",
        "Ja23",
        "cAaf",
        "cBaf",
        "rTor",
        "roc1",
        "roc2",
        "roo2",
        "rorT",
        "sAaf",
        "sBaf",
        "wDTaj",
        "wDTbj"
      ],
      "calls": [
        {
          "name": "V3Copy",
          "line": 54,
          "kind": "function",
          "resolved": false
        },
        {
          "name": "Sinx",
          "line": 57,
          "kind": "function",
          "resolved": false
        },
        {
          "name": "Cosx",
          "line": 58,
          "kind": "function",
          "resolved": false
        },
        {
          "name": "Sinx",
          "line": 59,
          "kind": "function",
          "resolved": false
        },
        {
          "name": "Cosx",
          "line": 60,
          "kind": "function",
          "resolved": false
        },
        {
          "name": "MatrixTran33",
          "line": 75,
          "kind": "function",
          "resolved": false
        },
        {
          "name": "MatrixMulti333",
          "line": 76,
          "kind": "function",
          "resolved": false
        },
        {
          "name": "MatrixMulti331",
          "line": 78,
          "kind": "function",
          "resolved": false
        },
        {
          "name": "VectorAdd3",
          "line": 79,
          "kind": "function",
          "resolved": false
        },
        {
          "name": "MatrixMulti331",
          "line": 84,
          "kind": "function",
          "resolved": false
        },
        {
          "name": "MatrixTran33",
          "line": 86,
          "kind": "function",
          "resolved": false
        },
        {
          "name": "MatrixMulti333",
          "line": 87,
          "kind": "function",
          "resolved": false
        },
        {
          "name": "MatrixMulti333",
          "line": 88,
          "kind": "function",
          "resolved": false
        },
        {
          "name": "VectorDot3",
          "line": 90,
          "kind": "function",
          "resolved": false
        },
        {
          "name": "MatrixMulti313",
          "line": 91,
          "kind": "function",
          "resolved": false
        },
        {
          "name": "MatrixIdentity33",
          "line": 92,
          "kind": "function",
          "resolved": false
        },
        {
          "name": "MatrixMultiScalar33",
          "line": 93,
          "kind": "function",
          "resolved": false
        },
        {
          "name": "MatrixSub33",
          "line": 94,
          "kind": "function",
          "resolved": false
        },
        {
          "name": "MatrixMultiScalar33",
          "line": 95,
          "kind": "function",
          "resolved": false
        },
        {
          "name": "MatrixAdd33",
          "line": 96,
          "kind": "function",
          "resolved": false
        },
        {
          "name": "VectorDot3",
          "line": 98,
          "kind": "function",
          "resolved": false
        },
        {
          "name": "MatrixMulti313",
          "line": 99,
          "kind": "function",
          "resolved": false
        },
        {
          "name": "MatrixIdentity33",
          "line": 100,
          "kind": "function",
          "resolved": false
        },
        {
          "name": "MatrixMultiScalar33",
          "line": 101,
          "kind": "function",
          "resolved": false
        },
        {
          "name": "MatrixSub33",
          "line": 102,
          "kind": "function",
          "resolved": false
        },
        {
          "name": "MatrixMultiScalar33",
          "line": 103,
          "kind": "function",
          "resolved": false
        },
        {
          "name": "MatrixSub33",
          "line": 105,
          "kind": "function",
          "resolved": false
        },
        {
          "name": "MatrixMulti331",
          "line": 106,
          "kind": "function",
          "resolved": false
        },
        {
          "name": "MatrixTran33",
          "line": 109,
          "kind": "function",
          "resolved": false
        },
        {
          "name": "MatrixMulti333",
          "line": 110,
          "kind": "function",
          "resolved": false
        },
        {
          "name": "MatrixMulti331",
          "line": 115,
          "kind": "function",
          "resolved": false
        },
        {
          "name": "MatrixMulti331",
          "line": 117,
          "kind": "function",
          "resolved": false
        },
        {
          "name": "VectorAdd3",
          "line": 118,
          "kind": "function",
          "resolved": false
        },
        {
          "name": "MatrixMulti331",
          "line": 120,
          "kind": "function",
          "resolved": false
        },
        {
          "name": "VectorAdd3",
          "line": 121,
          "kind": "function",
          "resolved": false
        },
        {
          "name": "MatrixTran33",
          "line": 123,
          "kind": "function",
          "resolved": false
        },
        {
          "name": "MatrixMulti333",
          "line": 124,
          "kind": "function",
          "resolved": false
        },
        {
          "name": "MatrixMulti333",
          "line": 125,
          "kind": "function",
          "resolved": false
        },
        {
          "name": "VectorDot3",
          "line": 127,
          "kind": "function",
          "resolved": false
        },
        {
          "name": "MatrixMulti313",
          "line": 128,
          "kind": "function",
          "resolved": false
        },
        {
          "name": "MatrixIdentity33",
          "line": 129,
          "kind": "function",
          "resolved": false
        },
        {
          "name": "MatrixMultiScalar33",
          "line": 130,
          "kind": "function",
          "resolved": false
        },
        {
          "name": "MatrixSub33",
          "line": 131,
          "kind": "function",
          "resolved": false
        },
        {
          "name": "MatrixMultiScalar33",
          "line": 132,
          "kind": "function",
          "resolved": false
        },
        {
          "name": "MatrixAdd33",
          "line": 133,
          "kind": "function",
          "resolved": false
        },
        {
          "name": "VectorDot3",
          "line": 135,
          "kind": "function",
          "resolved": false
        },
        {
          "name": "MatrixMulti313",
          "line": 136,
          "kind": "function",
          "resolved": false
        },
        {
          "name": "MatrixIdentity33",
          "line": 137,
          "kind": "function",
          "resolved": false
        },
        {
          "name": "MatrixMultiScalar33",
          "line": 138,
          "kind": "function",
          "resolved": false
        },
        {
          "name": "MatrixSub33",
          "line": 139,
          "kind": "function",
          "resolved": false
        },
        {
          "name": "MatrixMultiScalar33",
          "line": 140,
          "kind": "function",
          "resolved": false
        },
        {
          "name": "VectorDot3",
          "line": 142,
          "kind": "function",
          "resolved": false
        },
        {
          "name": "MatrixMulti313",
          "line": 143,
          "kind": "function",
          "resolved": false
        },
        {
          "name": "MatrixIdentity33",
          "line": 144,
          "kind": "function",
          "resolved": false
        },
        {
          "name": "MatrixMultiScalar33",
          "line": 145,
          "kind": "function",
          "resolved": false
        },
        {
          "name": "MatrixSub33",
          "line": 146,
          "kind": "function",
          "resolved": false
        },
        {
          "name": "MatrixMultiScalar33",
          "line": 147,
          "kind": "function",
          "resolved": false
        },
        {
          "name": "MatrixSub33",
          "line": 149,
          "kind": "function",
          "resolved": false
        },
        {
          "name": "MatrixMulti331",
          "line": 150,
          "kind": "function",
          "resolved": false
        },
        {
          "name": "MatrixSub33",
          "line": 151,
          "kind": "function",
          "resolved": false
        },
        {
          "name": "MatrixMulti331",
          "line": 152,
          "kind": "function",
          "resolved": false
        },
        {
          "name": "VectorAdd3",
          "line": 153,
          "kind": "function",
          "resolved": false
        },
        {
          "name": "VectorAdd3",
          "line": 156,
          "kind": "function",
          "resolved": false
        },
        {
          "name": "VectorSub3",
          "line": 157,
          "kind": "function",
          "resolved": false
        },
        {
          "name": "VectorScalar3",
          "line": 158,
          "kind": "function",
          "resolved": false
        },
        {
          "name": "V3Copy",
          "line": 160,
          "kind": "function",
          "resolved": false
        }
      ],
      "assignments": [
        {
          "line": 46,
          "lhs": "wDT[3]",
          "operator": "=",
          "rhs": "{ 0.0, 0.0, 0.0 }",
          "rhs_identifiers": []
        },
        {
          "line": 50,
          "lhs": "Aafj",
          "operator": "=",
          "rhs": "sAntennaCtrl.Aaf",
          "rhs_identifiers": [
            "Aaf",
            "sAntennaCtrl"
          ]
        },
        {
          "line": 51,
          "lhs": "Bafj",
          "operator": "=",
          "rhs": "sAntennaCtrl.Baf",
          "rhs_identifiers": [
            "Baf",
            "sAntennaCtrl"
          ]
        },
        {
          "line": 52,
          "lhs": "wDTaj",
          "operator": "=",
          "rhs": "sAntennaCtrl.wDTa",
          "rhs_identifiers": [
            "sAntennaCtrl",
            "wDTa"
          ]
        },
        {
          "line": 53,
          "lhs": "wDTbj",
          "operator": "=",
          "rhs": "sAntennaCtrl.wDTb",
          "rhs_identifiers": [
            "sAntennaCtrl",
            "wDTb"
          ]
        },
        {
          "line": 57,
          "lhs": "sAaf",
          "operator": "=",
          "rhs": "Sinx( Aafj )",
          "rhs_identifiers": [
            "Aafj",
            "Sinx"
          ]
        },
        {
          "line": 58,
          "lhs": "cAaf",
          "operator": "=",
          "rhs": "Cosx( Aafj )",
          "rhs_identifiers": [
            "Aafj",
            "Cosx"
          ]
        },
        {
          "line": 59,
          "lhs": "sBaf",
          "operator": "=",
          "rhs": "Sinx( Bafj )",
          "rhs_identifiers": [
            "Bafj",
            "Sinx"
          ]
        },
        {
          "line": 60,
          "lhs": "cBaf",
          "operator": "=",
          "rhs": "Cosx( Bafj )",
          "rhs_identifiers": [
            "Bafj",
            "Cosx"
          ]
        },
        {
          "line": 81,
          "lhs": "wDT[0]",
          "operator": "=",
          "rhs": "wDTaj",
          "rhs_identifiers": [
            "wDTaj"
          ]
        },
        {
          "line": 82,
          "lhs": "wDT[1]",
          "operator": "=",
          "rhs": "0.0",
          "rhs_identifiers": []
        },
        {
          "line": 83,
          "lhs": "wDT[2]",
          "operator": "=",
          "rhs": "0.0",
          "rhs_identifiers": []
        },
        {
          "line": 90,
          "lhs": "rTor",
          "operator": "=",
          "rhs": "VectorDot3( roc1, roc1 )",
          "rhs_identifiers": [
            "VectorDot3",
            "roc1"
          ]
        },
        {
          "line": 98,
          "lhs": "rTor",
          "operator": "=",
          "rhs": "VectorDot3( roc1, sAntennaPara.ro1 )",
          "rhs_identifiers": [
            "VectorDot3",
            "ro1",
            "roc1",
            "sAntennaPara"
          ]
        },
        {
          "line": 112,
          "lhs": "wDT[0]",
          "operator": "=",
          "rhs": "0.0",
          "rhs_identifiers": []
        },
        {
          "line": 113,
          "lhs": "wDT[1]",
          "operator": "=",
          "rhs": "wDTbj",
          "rhs_identifiers": [
            "wDTbj"
          ]
        },
        {
          "line": 114,
          "lhs": "wDT[2]",
          "operator": "=",
          "rhs": "0.0",
          "rhs_identifiers": []
        },
        {
          "line": 127,
          "lhs": "rTor",
          "operator": "=",
          "rhs": "VectorDot3( roc2, roc2 )",
          "rhs_identifiers": [
            "VectorDot3",
            "roc2"
          ]
        },
        {
          "line": 135,
          "lhs": "rTor",
          "operator": "=",
          "rhs": "VectorDot3( roc2, sAntennaPara.ro1 )",
          "rhs_identifiers": [
            "VectorDot3",
            "ro1",
            "roc2",
            "sAntennaPara"
          ]
        },
        {
          "line": 142,
          "lhs": "rTor",
          "operator": "=",
          "rhs": "VectorDot3( roc2, roo2 )",
          "rhs_identifiers": [
            "VectorDot3",
            "roc2",
            "roo2"
          ]
        }
      ],
      "conditions": [],
      "switch_cases": [],
      "field_accesses": [
        {
          "line": 50,
          "object": "sAntennaCtrl",
          "operator": ".",
          "field": "Aaf",
          "access": "read",
          "name": "sAntennaCtrl.Aaf"
        },
        {
          "line": 51,
          "object": "sAntennaCtrl",
          "operator": ".",
          "field": "Baf",
          "access": "read",
          "name": "sAntennaCtrl.Baf"
        },
        {
          "line": 52,
          "object": "sAntennaCtrl",
          "operator": ".",
          "field": "wDTa",
          "access": "read",
          "name": "sAntennaCtrl.wDTa"
        },
        {
          "line": 53,
          "object": "sAntennaCtrl",
          "operator": ".",
          "field": "wDTb",
          "access": "read",
          "name": "sAntennaCtrl.wDTb"
        },
        {
          "line": 54,
          "object": "sAntennaCtrl",
          "operator": ".",
          "field": "HsigmaDtpat",
          "access": "read",
          "name": "sAntennaCtrl.HsigmaDtpat"
        },
        {
          "line": 75,
          "object": "sAntennaCtrl",
          "operator": ".",
          "field": "CAntenna",
          "access": "read",
          "name": "sAntennaCtrl.CAntenna"
        },
        {
          "line": 78,
          "object": "sAntennaPara",
          "operator": ".",
          "field": "ro1c1",
          "access": "read",
          "name": "sAntennaPara.ro1c1"
        },
        {
          "line": 79,
          "object": "sAntennaPara",
          "operator": ".",
          "field": "ro1",
          "access": "read",
          "name": "sAntennaPara.ro1"
        },
        {
          "line": 87,
          "object": "sAntennaPara",
          "operator": ".",
          "field": "Ja1",
          "access": "read",
          "name": "sAntennaPara.Ja1"
        },
        {
          "line": 95,
          "object": "sAntennaPara",
          "operator": ".",
          "field": "ma1",
          "access": "read",
          "name": "sAntennaPara.ma1"
        },
        {
          "line": 98,
          "object": "sAntennaPara",
          "operator": ".",
          "field": "ro1",
          "access": "read",
          "name": "sAntennaPara.ro1"
        },
        {
          "line": 99,
          "object": "sAntennaPara",
          "operator": ".",
          "field": "ro1",
          "access": "read",
          "name": "sAntennaPara.ro1"
        },
        {
          "line": 103,
          "object": "sAntennaPara",
          "operator": ".",
          "field": "ma1",
          "access": "read",
          "name": "sAntennaPara.ma1"
        },
        {
          "line": 109,
          "object": "sAntennaCtrl",
          "operator": ".",
          "field": "CAntenna",
          "access": "read",
          "name": "sAntennaCtrl.CAntenna"
        },
        {
          "line": 117,
          "object": "sAntennaPara",
          "operator": ".",
          "field": "ro1o2",
          "access": "read",
          "name": "sAntennaPara.ro1o2"
        },
        {
          "line": 118,
          "object": "sAntennaPara",
          "operator": ".",
          "field": "ro1",
          "access": "read",
          "name": "sAntennaPara.ro1"
        },
        {
          "line": 120,
          "object": "sAntennaPara",
          "operator": ".",
          "field": "ro2c2",
          "access": "read",
          "name": "sAntennaPara.ro2c2"
        },
        {
          "line": 124,
          "object": "sAntennaPara",
          "operator": ".",
          "field": "Ja2",
          "access": "read",
          "name": "sAntennaPara.Ja2"
        },
        {
          "line": 132,
          "object": "sAntennaPara",
          "operator": ".",
          "field": "ma2",
          "access": "read",
          "name": "sAntennaPara.ma2"
        },
        {
          "line": 135,
          "object": "sAntennaPara",
          "operator": ".",
          "field": "ro1",
          "access": "read",
          "name": "sAntennaPara.ro1"
        },
        {
          "line": 136,
          "object": "sAntennaPara",
          "operator": ".",
          "field": "ro1",
          "access": "read",
          "name": "sAntennaPara.ro1"
        },
        {
          "line": 140,
          "object": "sAntennaPara",
          "operator": ".",
          "field": "ma2",
          "access": "read",
          "name": "sAntennaPara.ma2"
        },
        {
          "line": 147,
          "object": "sAntennaPara",
          "operator": ".",
          "field": "ma2",
          "access": "read",
          "name": "sAntennaPara.ma2"
        },
        {
          "line": 157,
          "object": "sAntennaCtrl",
          "operator": ".",
          "field": "TDT",
          "access": "read",
          "name": "sAntennaCtrl.TDT"
        },
        {
          "line": 158,
          "object": "sAntennaCtrl",
          "operator": ".",
          "field": "TDT",
          "access": "read",
          "name": "sAntennaCtrl.TDT"
        },
        {
          "line": 158,
          "object": "sAntennaCtrl",
          "operator": ".",
          "field": "TDT",
          "access": "read",
          "name": "sAntennaCtrl.TDT"
        },
        {
          "line": 158,
          "object": "sTime",
          "operator": ".",
          "field": "prd",
          "access": "read",
          "name": "sTime.prd"
        },
        {
          "line": 160,
          "object": "sAntennaCtrl",
          "operator": ".",
          "field": "HsigmaDtpat",
          "access": "read",
          "name": "sAntennaCtrl.HsigmaDtpat"
        }
      ],
      "returns": [
        {
          "line": 162,
          "expression": "",
          "identifiers": []
        }
      ],
      "macro_uses": [
        {
          "name": "CJC",
          "line": 33,
          "known": false
        },
        {
          "name": "CJC",
          "line": 88,
          "known": false
        },
        {
          "name": "CJC",
          "line": 96,
          "known": false
        },
        {
          "name": "CJC",
          "line": 125,
          "known": false
        },
        {
          "name": "CJC",
          "line": 133,
          "known": false
        },
        {
          "name": "C_T",
          "line": 25,
          "known": false
        },
        {
          "name": "C_T",
          "line": 75,
          "known": false
        },
        {
          "name": "C_T",
          "line": 76,
          "known": false
        },
        {
          "name": "C_T",
          "line": 86,
          "known": false
        },
        {
          "name": "C_T",
          "line": 87,
          "known": false
        },
        {
          "name": "C_T",
          "line": 109,
          "known": false
        },
        {
          "name": "C_T",
          "line": 110,
          "known": false
        },
        {
          "name": "C_T",
          "line": 123,
          "known": false
        },
        {
          "name": "C_T",
          "line": 124,
          "known": false
        },
        {
          "name": "TDT",
          "line": 157,
          "known": false
        },
        {
          "name": "TDT",
          "line": 158,
          "known": false
        },
        {
          "name": "TDT",
          "line": 158,
          "known": false
        }
      ],
      "type_uses": [],
      "value_ranges": [
        {
          "symbol": "Aafj",
          "range": "[-1.79769e+308, 1.79769e+308]",
          "min": -1.7976931348623157e+308,
          "max": 1.7976931348623157e+308,
          "evidence": [
            "decl float64@8"
          ]
        },
        {
          "symbol": "Bafj",
          "range": "[-1.79769e+308, 1.79769e+308]",
          "min": -1.7976931348623157e+308,
          "max": 1.7976931348623157e+308,
          "evidence": [
            "decl float64@9"
          ]
        },
        {
          "symbol": "Bwa1",
          "range": "[-1.79769e+308, 1.79769e+308]",
          "min": -1.7976931348623157e+308,
          "max": 1.7976931348623157e+308,
          "evidence": [
            "decl float64@29"
          ]
        },
        {
          "symbol": "Bwa2",
          "range": "[-1.79769e+308, 1.79769e+308]",
          "min": -1.7976931348623157e+308,
          "max": 1.7976931348623157e+308,
          "evidence": [
            "decl float64@30"
          ]
        },
        {
          "symbol": "CBa1j",
          "range": "[-1.79769e+308, 1.79769e+308]",
          "min": -1.7976931348623157e+308,
          "max": 1.7976931348623157e+308,
          "evidence": [
            "decl float64@22"
          ]
        },
        {
          "symbol": "CBa2j",
          "range": "[-1.79769e+308, 1.79769e+308]",
          "min": -1.7976931348623157e+308,
          "max": 1.7976931348623157e+308,
          "evidence": [
            "decl float64@24"
          ]
        },
        {
          "symbol": "CGa1a2j",
          "range": "[-1.79769e+308, 1.79769e+308]",
          "min": -1.7976931348623157e+308,
          "max": 1.7976931348623157e+308,
          "evidence": [
            "decl float64@17"
          ]
        },
        {
          "symbol": "CGa1j",
          "range": "[-1.79769e+308, 1.79769e+308]",
          "min": -1.7976931348623157e+308,
          "max": 1.7976931348623157e+308,
          "evidence": [
            "decl float64@14"
          ]
        },
        {
          "symbol": "CGa2j",
          "range": "[-1.79769e+308, 1.79769e+308]",
          "min": -1.7976931348623157e+308,
          "max": 1.7976931348623157e+308,
          "evidence": [
            "decl float64@16"
          ]
        },
        {
          "symbol": "CJC",
          "range": "[-1.79769e+308, 1.79769e+308]",
          "min": -1.7976931348623157e+308,
          "max": 1.7976931348623157e+308,
          "evidence": [
            "decl float64@33"
          ]
        },
        {
          "symbol": "C_T",
          "range": "[-1.79769e+308, 1.79769e+308]",
          "min": -1.7976931348623157e+308,
          "max": 1.7976931348623157e+308,
          "evidence": [
            "decl float64@25"
          ]
        },
        {
          "symbol": "Cr",
          "range": "[-1.79769e+308, 1.79769e+308]",
          "min": -1.7976931348623157e+308,
          "max": 1.7976931348623157e+308,
          "evidence": [
            "decl float64@44"
          ]
        },
        {
          "symbol": "Ha1",
          "range": "[-1.79769e+308, 1.79769e+308]",
          "min": -1.7976931348623157e+308,
          "max": 1.7976931348623157e+308,
          "evidence": [
            "decl float64@42"
          ]
        },
        {
          "symbol": "Ha2",
          "range": "[-1.79769e+308, 1.79769e+308]",
          "min": -1.7976931348623157e+308,
          "max": 1.7976931348623157e+308,
          "evidence": [
            "decl float64@43"
          ]
        },
        {
          "symbol": "HsigmaDT",
          "range": "[-1.79769e+308, 1.79769e+308]",
          "min": -1.7976931348623157e+308,
          "max": 1.7976931348623157e+308,
          "evidence": [
            "decl float64@13"
          ]
        },
        {
          "symbol": "HsigmaDTpatj",
          "range": "[-1.79769e+308, 1.79769e+308]",
          "min": -1.7976931348623157e+308,
          "max": 1.7976931348623157e+308,
          "evidence": [
            "decl float64@12"
          ]
        },
        {
          "symbol": "JC",
          "range": "[-1.79769e+308, 1.79769e+308]",
          "min": -1.7976931348623157e+308,
          "max": 1.7976931348623157e+308,
          "evidence": [
            "decl float64@31"
          ]
        },
        {
          "symbol": "Ja11",
          "range": "[-1.79769e+308, 1.79769e+308]",
          "min": -1.7976931348623157e+308,
          "max": 1.7976931348623157e+308,
          "evidence": [
            "decl float64@36"
          ]
        },
        {
          "symbol": "Ja12",
          "range": "[-1.79769e+308, 1.79769e+308]",
          "min": -1.7976931348623157e+308,
          "max": 1.7976931348623157e+308,
          "evidence": [
            "decl float64@38"
          ]
        },
        {
          "symbol": "Ja21",
          "range": "[-1.79769e+308, 1.79769e+308]",
          "min": -1.7976931348623157e+308,
          "max": 1.7976931348623157e+308,
          "evidence": [
            "decl float64@39"
          ]
        },
        {
          "symbol": "Ja22",
          "range": "[-1.79769e+308, 1.79769e+308]",
          "min": -1.7976931348623157e+308,
          "max": 1.7976931348623157e+308,
          "evidence": [
            "decl float64@40"
          ]
        },
        {
          "symbol": "Ja23",
          "range": "[-1.79769e+308, 1.79769e+308]",
          "min": -1.7976931348623157e+308,
          "max": 1.7976931348623157e+308,
          "evidence": [
            "decl float64@41"
          ]
        },
        {
          "symbol": "cAaf",
          "range": "[-1.79769e+308, 1.79769e+308]",
          "min": -1.7976931348623157e+308,
          "max": 1.7976931348623157e+308,
          "evidence": [
            "decl float64@19"
          ]
        },
        {
          "symbol": "cBaf",
          "range": "[-1.79769e+308, 1.79769e+308]",
          "min": -1.7976931348623157e+308,
          "max": 1.7976931348623157e+308,
          "evidence": [
            "decl float64@21"
          ]
        },
        {
          "symbol": "rTor",
          "range": "[-1.79769e+308, 1.79769e+308]",
          "min": -1.7976931348623157e+308,
          "max": 1.7976931348623157e+308,
          "evidence": [
            "decl float64@35"
          ]
        },
        {
          "symbol": "roc1",
          "range": "[-1.79769e+308, 1.79769e+308]",
          "min": -1.7976931348623157e+308,
          "max": 1.7976931348623157e+308,
          "evidence": [
            "decl float64@26"
          ]
        },
        {
          "symbol": "roc2",
          "range": "[-1.79769e+308, 1.79769e+308]",
          "min": -1.7976931348623157e+308,
          "max": 1.7976931348623157e+308,
          "evidence": [
            "decl float64@28"
          ]
        },
        {
          "symbol": "roo2",
          "range": "[-1.79769e+308, 1.79769e+308]",
          "min": -1.7976931348623157e+308,
          "max": 1.7976931348623157e+308,
          "evidence": [
            "decl float64@27"
          ]
        },
        {
          "symbol": "rorT",
          "range": "[-1.79769e+308, 1.79769e+308]",
          "min": -1.7976931348623157e+308,
          "max": 1.7976931348623157e+308,
          "evidence": [
            "decl float64@34"
          ]
        },
        {
          "symbol": "sAaf",
          "range": "[-1.79769e+308, 1.79769e+308]",
          "min": -1.7976931348623157e+308,
          "max": 1.7976931348623157e+308,
          "evidence": [
            "decl float64@18"
          ]
        },
        {
          "symbol": "sBaf",
          "range": "[-1.79769e+308, 1.79769e+308]",
          "min": -1.7976931348623157e+308,
          "max": 1.7976931348623157e+308,
          "evidence": [
            "decl float64@20"
          ]
        },
        {
          "symbol": "wDT[0]",
          "range": "[-1.79769e+308, 1.79769e+308]",
          "min": -1.7976931348623157e+308,
          "max": 1.7976931348623157e+308,
          "evidence": [
            "known-symbol@81",
            "literal@112"
          ]
        },
        {
          "symbol": "wDT[1]",
          "range": "[-1.79769e+308, 1.79769e+308]",
          "min": -1.7976931348623157e+308,
          "max": 1.7976931348623157e+308,
          "evidence": [
            "literal@82",
            "known-symbol@113"
          ]
        },
        {
          "symbol": "wDT[2]",
          "range": "[0, 0]",
          "min": 0.0,
          "max": 0.0,
          "evidence": [
            "literal@83",
            "literal@114"
          ]
        },
        {
          "symbol": "wDT[3]",
          "range": "[0, 0]",
          "min": 0.0,
          "max": 0.0,
          "evidence": [
            "numeric-expression@46"
          ]
        },
        {
          "symbol": "wDTaj",
          "range": "[-1.79769e+308, 1.79769e+308]",
          "min": -1.7976931348623157e+308,
          "max": 1.7976931348623157e+308,
          "evidence": [
            "decl float64@10"
          ]
        },
        {
          "symbol": "wDTbj",
          "range": "[-1.79769e+308, 1.79769e+308]",
          "min": -1.7976931348623157e+308,
          "max": 1.7976931348623157e+308,
          "evidence": [
            "decl float64@11"
          ]
        }
      ],
      "condition_ranges": [],
      "reads": [
        "Aaf",
        "Baf",
        "Cosx",
        "Sinx",
        "VectorDot3",
        "ro1",
        "sAntennaCtrl",
        "sAntennaPara",
        "wDTa",
        "wDTb"
      ],
      "writes": [
        "Aafj",
        "Bafj",
        "cAaf",
        "cBaf",
        "rTor",
        "sAaf",
        "sBaf",
        "wDT",
        "wDTaj",
        "wDTbj"
      ],
      "global_reads": [],
      "global_writes": [],
      "input_fields": [
        "sAntennaCtrl.Aaf",
        "sAntennaCtrl.Baf",
        "sAntennaCtrl.CAntenna",
        "sAntennaCtrl.HsigmaDtpat",
        "sAntennaCtrl.TDT",
        "sAntennaCtrl.wDTa",
        "sAntennaCtrl.wDTb",
        "sAntennaPara.Ja1",
        "sAntennaPara.Ja2",
        "sAntennaPara.ma1",
        "sAntennaPara.ma2",
        "sAntennaPara.ro1",
        "sAntennaPara.ro1c1",
        "sAntennaPara.ro1o2",
        "sAntennaPara.ro2c2",
        "sTime.prd"
      ],
      "output_fields": [],
      "undefined_calls": [
        "Cosx",
        "MatrixAdd33",
        "MatrixIdentity33",
        "MatrixMulti313",
        "MatrixMulti331",
        "MatrixMulti333",
        "MatrixMultiScalar33",
        "MatrixSub33",
        "MatrixTran33",
        "Sinx",
        "V3Copy",
        "VectorAdd3",
        "VectorDot3",
        "VectorScalar3",
        "VectorSub3"
      ],
      "invariants": [
        {
          "kind": "value_range",
          "text": "Aafj in [-1.79769e+308, 1.79769e+308]",
          "confidence": "medium",
          "evidence": "decl float64@8",
          "symbol": "Aafj",
          "min": -1.7976931348623157e+308,
          "max": 1.7976931348623157e+308
        },
        {
          "kind": "value_range",
          "text": "Bafj in [-1.79769e+308, 1.79769e+308]",
          "confidence": "medium",
          "evidence": "decl float64@9",
          "symbol": "Bafj",
          "min": -1.7976931348623157e+308,
          "max": 1.7976931348623157e+308
        },
        {
          "kind": "value_range",
          "text": "Bwa1 in [-1.79769e+308, 1.79769e+308]",
          "confidence": "medium",
          "evidence": "decl float64@29",
          "symbol": "Bwa1",
          "min": -1.7976931348623157e+308,
          "max": 1.7976931348623157e+308
        },
        {
          "kind": "value_range",
          "text": "Bwa2 in [-1.79769e+308, 1.79769e+308]",
          "confidence": "medium",
          "evidence": "decl float64@30",
          "symbol": "Bwa2",
          "min": -1.7976931348623157e+308,
          "max": 1.7976931348623157e+308
        },
        {
          "kind": "value_range",
          "text": "CBa1j in [-1.79769e+308, 1.79769e+308]",
          "confidence": "medium",
          "evidence": "decl float64@22",
          "symbol": "CBa1j",
          "min": -1.7976931348623157e+308,
          "max": 1.7976931348623157e+308
        },
        {
          "kind": "value_range",
          "text": "CBa2j in [-1.79769e+308, 1.79769e+308]",
          "confidence": "medium",
          "evidence": "decl float64@24",
          "symbol": "CBa2j",
          "min": -1.7976931348623157e+308,
          "max": 1.7976931348623157e+308
        },
        {
          "kind": "value_range",
          "text": "CGa1a2j in [-1.79769e+308, 1.79769e+308]",
          "confidence": "medium",
          "evidence": "decl float64@17",
          "symbol": "CGa1a2j",
          "min": -1.7976931348623157e+308,
          "max": 1.7976931348623157e+308
        },
        {
          "kind": "value_range",
          "text": "CGa1j in [-1.79769e+308, 1.79769e+308]",
          "confidence": "medium",
          "evidence": "decl float64@14",
          "symbol": "CGa1j",
          "min": -1.7976931348623157e+308,
          "max": 1.7976931348623157e+308
        },
        {
          "kind": "value_range",
          "text": "CGa2j in [-1.79769e+308, 1.79769e+308]",
          "confidence": "medium",
          "evidence": "decl float64@16",
          "symbol": "CGa2j",
          "min": -1.7976931348623157e+308,
          "max": 1.7976931348623157e+308
        },
        {
          "kind": "value_range",
          "text": "CJC in [-1.79769e+308, 1.79769e+308]",
          "confidence": "medium",
          "evidence": "decl float64@33",
          "symbol": "CJC",
          "min": -1.7976931348623157e+308,
          "max": 1.7976931348623157e+308
        },
        {
          "kind": "value_range",
          "text": "C_T in [-1.79769e+308, 1.79769e+308]",
          "confidence": "medium",
          "evidence": "decl float64@25",
          "symbol": "C_T",
          "min": -1.7976931348623157e+308,
          "max": 1.7976931348623157e+308
        },
        {
          "kind": "value_range",
          "text": "Cr in [-1.79769e+308, 1.79769e+308]",
          "confidence": "medium",
          "evidence": "decl float64@44",
          "symbol": "Cr",
          "min": -1.7976931348623157e+308,
          "max": 1.7976931348623157e+308
        },
        {
          "kind": "value_range",
          "text": "Ha1 in [-1.79769e+308, 1.79769e+308]",
          "confidence": "medium",
          "evidence": "decl float64@42",
          "symbol": "Ha1",
          "min": -1.7976931348623157e+308,
          "max": 1.7976931348623157e+308
        },
        {
          "kind": "value_range",
          "text": "Ha2 in [-1.79769e+308, 1.79769e+308]",
          "confidence": "medium",
          "evidence": "decl float64@43",
          "symbol": "Ha2",
          "min": -1.7976931348623157e+308,
          "max": 1.7976931348623157e+308
        },
        {
          "kind": "value_range",
          "text": "HsigmaDT in [-1.79769e+308, 1.79769e+308]",
          "confidence": "medium",
          "evidence": "decl float64@13",
          "symbol": "HsigmaDT",
          "min": -1.7976931348623157e+308,
          "max": 1.7976931348623157e+308
        },
        {
          "kind": "value_range",
          "text": "HsigmaDTpatj in [-1.79769e+308, 1.79769e+308]",
          "confidence": "medium",
          "evidence": "decl float64@12",
          "symbol": "HsigmaDTpatj",
          "min": -1.7976931348623157e+308,
          "max": 1.7976931348623157e+308
        },
        {
          "kind": "value_range",
          "text": "JC in [-1.79769e+308, 1.79769e+308]",
          "confidence": "medium",
          "evidence": "decl float64@31",
          "symbol": "JC",
          "min": -1.7976931348623157e+308,
          "max": 1.7976931348623157e+308
        },
        {
          "kind": "value_range",
          "text": "Ja11 in [-1.79769e+308, 1.79769e+308]",
          "confidence": "medium",
          "evidence": "decl float64@36",
          "symbol": "Ja11",
          "min": -1.7976931348623157e+308,
          "max": 1.7976931348623157e+308
        },
        {
          "kind": "value_range",
          "text": "Ja12 in [-1.79769e+308, 1.79769e+308]",
          "confidence": "medium",
          "evidence": "decl float64@38",
          "symbol": "Ja12",
          "min": -1.7976931348623157e+308,
          "max": 1.7976931348623157e+308
        },
        {
          "kind": "value_range",
          "text": "Ja21 in [-1.79769e+308, 1.79769e+308]",
          "confidence": "medium",
          "evidence": "decl float64@39",
          "symbol": "Ja21",
          "min": -1.7976931348623157e+308,
          "max": 1.7976931348623157e+308
        },
        {
          "kind": "value_range",
          "text": "Ja22 in [-1.79769e+308, 1.79769e+308]",
          "confidence": "medium",
          "evidence": "decl float64@40",
          "symbol": "Ja22",
          "min": -1.7976931348623157e+308,
          "max": 1.7976931348623157e+308
        },
        {
          "kind": "value_range",
          "text": "Ja23 in [-1.79769e+308, 1.79769e+308]",
          "confidence": "medium",
          "evidence": "decl float64@41",
          "symbol": "Ja23",
          "min": -1.7976931348623157e+308,
          "max": 1.7976931348623157e+308
        },
        {
          "kind": "value_range",
          "text": "cAaf in [-1.79769e+308, 1.79769e+308]",
          "confidence": "medium",
          "evidence": "decl float64@19",
          "symbol": "cAaf",
          "min": -1.7976931348623157e+308,
          "max": 1.7976931348623157e+308
        },
        {
          "kind": "value_range",
          "text": "cBaf in [-1.79769e+308, 1.79769e+308]",
          "confidence": "medium",
          "evidence": "decl float64@21",
          "symbol": "cBaf",
          "min": -1.7976931348623157e+308,
          "max": 1.7976931348623157e+308
        },
        {
          "kind": "value_range",
          "text": "rTor in [-1.79769e+308, 1.79769e+308]",
          "confidence": "medium",
          "evidence": "decl float64@35",
          "symbol": "rTor",
          "min": -1.7976931348623157e+308,
          "max": 1.7976931348623157e+308
        },
        {
          "kind": "value_range",
          "text": "roc1 in [-1.79769e+308, 1.79769e+308]",
          "confidence": "medium",
          "evidence": "decl float64@26",
          "symbol": "roc1",
          "min": -1.7976931348623157e+308,
          "max": 1.7976931348623157e+308
        },
        {
          "kind": "value_range",
          "text": "roc2 in [-1.79769e+308, 1.79769e+308]",
          "confidence": "medium",
          "evidence": "decl float64@28",
          "symbol": "roc2",
          "min": -1.7976931348623157e+308,
          "max": 1.7976931348623157e+308
        },
        {
          "kind": "value_range",
          "text": "roo2 in [-1.79769e+308, 1.79769e+308]",
          "confidence": "medium",
          "evidence": "decl float64@27",
          "symbol": "roo2",
          "min": -1.7976931348623157e+308,
          "max": 1.7976931348623157e+308
        },
        {
          "kind": "value_range",
          "text": "rorT in [-1.79769e+308, 1.79769e+308]",
          "confidence": "medium",
          "evidence": "decl float64@34",
          "symbol": "rorT",
          "min": -1.7976931348623157e+308,
          "max": 1.7976931348623157e+308
        },
        {
          "kind": "value_range",
          "text": "sAaf in [-1.79769e+308, 1.79769e+308]",
          "confidence": "medium",
          "evidence": "decl float64@18",
          "symbol": "sAaf",
          "min": -1.7976931348623157e+308,
          "max": 1.7976931348623157e+308
        },
        {
          "kind": "value_range",
          "text": "sBaf in [-1.79769e+308, 1.79769e+308]",
          "confidence": "medium",
          "evidence": "decl float64@20",
          "symbol": "sBaf",
          "min": -1.7976931348623157e+308,
          "max": 1.7976931348623157e+308
        },
        {
          "kind": "value_range",
          "text": "wDT[0] in [-1.79769e+308, 1.79769e+308]",
          "confidence": "medium",
          "evidence": "known-symbol@81; literal@112",
          "symbol": "wDT[0]",
          "min": -1.7976931348623157e+308,
          "max": 1.7976931348623157e+308
        },
        {
          "kind": "value_range",
          "text": "wDT[1] in [-1.79769e+308, 1.79769e+308]",
          "confidence": "medium",
          "evidence": "literal@82; known-symbol@113",
          "symbol": "wDT[1]",
          "min": -1.7976931348623157e+308,
          "max": 1.7976931348623157e+308
        },
        {
          "kind": "value_range",
          "text": "wDT[2] in [0, 0]",
          "confidence": "medium",
          "evidence": "literal@83; literal@114",
          "symbol": "wDT[2]",
          "min": 0.0,
          "max": 0.0
        },
        {
          "kind": "value_range",
          "text": "wDT[3] in [0, 0]",
          "confidence": "medium",
          "evidence": "numeric-expression@46",
          "symbol": "wDT[3]",
          "min": 0.0,
          "max": 0.0
        },
        {
          "kind": "value_range",
          "text": "wDTaj in [-1.79769e+308, 1.79769e+308]",
          "confidence": "medium",
          "evidence": "decl float64@10",
          "symbol": "wDTaj",
          "min": -1.7976931348623157e+308,
          "max": 1.7976931348623157e+308
        },
        {
          "kind": "value_range",
          "text": "wDTbj in [-1.79769e+308, 1.79769e+308]",
          "confidence": "medium",
          "evidence": "decl float64@11",
          "symbol": "wDTbj",
          "min": -1.7976931348623157e+308,
          "max": 1.7976931348623157e+308
        },
        {
          "kind": "assignment_value",
          "text": "wDT[1] may be assigned 0.0",
          "confidence": "high",
          "line": 82,
          "evidence": "wDT[1] = 0.0",
          "symbol": "wDT[1]",
          "value": "0.0"
        },
        {
          "kind": "reset",
          "text": "wDT[1] is reset to 0",
          "confidence": "high",
          "line": 82,
          "evidence": "wDT[1] = 0.0",
          "symbol": "wDT[1]"
        },
        {
          "kind": "assignment_value",
          "text": "wDT[2] may be assigned 0.0",
          "confidence": "high",
          "line": 83,
          "evidence": "wDT[2] = 0.0",
          "symbol": "wDT[2]",
          "value": "0.0"
        },
        {
          "kind": "reset",
          "text": "wDT[2] is reset to 0",
          "confidence": "high",
          "line": 83,
          "evidence": "wDT[2] = 0.0",
          "symbol": "wDT[2]"
        },
        {
          "kind": "assignment_value",
          "text": "wDT[0] may be assigned 0.0",
          "confidence": "high",
          "line": 112,
          "evidence": "wDT[0] = 0.0",
          "symbol": "wDT[0]",
          "value": "0.0"
        },
        {
          "kind": "reset",
          "text": "wDT[0] is reset to 0",
          "confidence": "high",
          "line": 112,
          "evidence": "wDT[0] = 0.0",
          "symbol": "wDT[0]"
        },
        {
          "kind": "assignment_value",
          "text": "wDT[2] may be assigned 0.0",
          "confidence": "high",
          "line": 114,
          "evidence": "wDT[2] = 0.0",
          "symbol": "wDT[2]",
          "value": "0.0"
        },
        {
          "kind": "reset",
          "text": "wDT[2] is reset to 0",
          "confidence": "high",
          "line": 114,
          "evidence": "wDT[2] = 0.0",
          "symbol": "wDT[2]"
        },
        {
          "kind": "reads_fields",
          "text": "function may read fields: sAntennaCtrl.Aaf, sAntennaCtrl.Baf, sAntennaCtrl.CAntenna, sAntennaCtrl.HsigmaDtpat, sAntennaCtrl.TDT, sAntennaCtrl.wDTa, sAntennaCtrl.wDTb, sAntennaPara.Ja1, sAntennaPara.Ja2, sAntennaPara.ma1, sAntennaPara.ma2, sAntennaPara.ro1, sAntennaPara.ro1c1, sAntennaPara.ro1o2, sAntennaPara.ro2c2, sTime.prd",
          "confidence": "high",
          "evidence": "field reads",
          "fields": [
            "sAntennaCtrl.Aaf",
            "sAntennaCtrl.Baf",
            "sAntennaCtrl.CAntenna",
            "sAntennaCtrl.HsigmaDtpat",
            "sAntennaCtrl.TDT",
            "sAntennaCtrl.wDTa",
            "sAntennaCtrl.wDTb",
            "sAntennaPara.Ja1",
            "sAntennaPara.Ja2",
            "sAntennaPara.ma1",
            "sAntennaPara.ma2",
            "sAntennaPara.ro1",
            "sAntennaPara.ro1c1",
            "sAntennaPara.ro1o2",
            "sAntennaPara.ro2c2",
            "sTime.prd"
          ]
        },
        {
          "kind": "modifies_symbols",
          "text": "function may assign symbols: Aafj, Bafj, cAaf, cBaf, rTor, sAaf, sBaf, wDT[0], wDT[1], wDT[2], wDT[3], wDTaj, wDTbj",
          "confidence": "medium",
          "evidence": "assignments",
          "symbols": [
            "Aafj",
            "Bafj",
            "cAaf",
            "cBaf",
            "rTor",
            "sAaf",
            "sBaf",
            "wDT[0]",
            "wDT[1]",
            "wDT[2]",
            "wDT[3]",
            "wDTaj",
            "wDTbj"
          ]
        }
      ],
      "summary": {
        "requires_observed": [],
        "modifies": [],
        "ensures_observed": [
          "Aafj in [-1.79769e+308, 1.79769e+308]",
          "Bafj in [-1.79769e+308, 1.79769e+308]",
          "Bwa1 in [-1.79769e+308, 1.79769e+308]",
          "Bwa2 in [-1.79769e+308, 1.79769e+308]",
          "CBa1j in [-1.79769e+308, 1.79769e+308]",
          "CBa2j in [-1.79769e+308, 1.79769e+308]",
          "CGa1a2j in [-1.79769e+308, 1.79769e+308]",
          "CGa1j in [-1.79769e+308, 1.79769e+308]",
          "CGa2j in [-1.79769e+308, 1.79769e+308]",
          "CJC in [-1.79769e+308, 1.79769e+308]",
          "C_T in [-1.79769e+308, 1.79769e+308]",
          "Cr in [-1.79769e+308, 1.79769e+308]",
          "Ha1 in [-1.79769e+308, 1.79769e+308]",
          "Ha2 in [-1.79769e+308, 1.79769e+308]",
          "HsigmaDT in [-1.79769e+308, 1.79769e+308]",
          "HsigmaDTpatj in [-1.79769e+308, 1.79769e+308]",
          "JC in [-1.79769e+308, 1.79769e+308]",
          "Ja11 in [-1.79769e+308, 1.79769e+308]",
          "Ja12 in [-1.79769e+308, 1.79769e+308]",
          "Ja21 in [-1.79769e+308, 1.79769e+308]",
          "Ja22 in [-1.79769e+308, 1.79769e+308]",
          "Ja23 in [-1.79769e+308, 1.79769e+308]",
          "cAaf in [-1.79769e+308, 1.79769e+308]",
          "cBaf in [-1.79769e+308, 1.79769e+308]",
          "rTor in [-1.79769e+308, 1.79769e+308]",
          "roc1 in [-1.79769e+308, 1.79769e+308]",
          "roc2 in [-1.79769e+308, 1.79769e+308]",
          "roo2 in [-1.79769e+308, 1.79769e+308]",
          "rorT in [-1.79769e+308, 1.79769e+308]",
          "sAaf in [-1.79769e+308, 1.79769e+308]",
          "sBaf in [-1.79769e+308, 1.79769e+308]",
          "wDT[0] in [-1.79769e+308, 1.79769e+308]",
          "wDT[1] in [-1.79769e+308, 1.79769e+308]",
          "wDT[2] in [0, 0]",
          "wDT[3] in [0, 0]",
          "wDTaj in [-1.79769e+308, 1.79769e+308]",
          "wDTbj in [-1.79769e+308, 1.79769e+308]",
          "wDT[1] is reset to 0",
          "wDT[2] is reset to 0",
          "wDT[0] is reset to 0",
          "wDT[2] is reset to 0"
        ],
        "calls": [
          "V3Copy",
          "Sinx",
          "Cosx",
          "Sinx",
          "Cosx",
          "MatrixTran33",
          "MatrixMulti333",
          "MatrixMulti331",
          "VectorAdd3",
          "MatrixMulti331",
          "MatrixTran33",
          "MatrixMulti333",
          "MatrixMulti333",
          "VectorDot3",
          "MatrixMulti313",
          "MatrixIdentity33",
          "MatrixMultiScalar33",
          "MatrixSub33",
          "MatrixMultiScalar33",
          "MatrixAdd33",
          "VectorDot3",
          "MatrixMulti313",
          "MatrixIdentity33",
          "MatrixMultiScalar33",
          "MatrixSub33",
          "MatrixMultiScalar33",
          "MatrixSub33",
          "MatrixMulti331",
          "MatrixTran33",
          "MatrixMulti333",
          "MatrixMulti331",
          "MatrixMulti331",
          "VectorAdd3",
          "MatrixMulti331",
          "VectorAdd3",
          "MatrixTran33",
          "MatrixMulti333",
          "MatrixMulti333",
          "VectorDot3",
          "MatrixMulti313",
          "MatrixIdentity33",
          "MatrixMultiScalar33",
          "MatrixSub33",
          "MatrixMultiScalar33",
          "MatrixAdd33",
          "VectorDot3",
          "MatrixMulti313",
          "MatrixIdentity33",
          "MatrixMultiScalar33",
          "MatrixSub33",
          "MatrixMultiScalar33",
          "VectorDot3",
          "MatrixMulti313",
          "MatrixIdentity33",
          "MatrixMultiScalar33",
          "MatrixSub33",
          "MatrixMultiScalar33",
          "MatrixSub33",
          "MatrixMulti331",
          "MatrixSub33",
          "MatrixMulti331",
          "VectorAdd3",
          "VectorAdd3",
          "VectorSub3",
          "VectorScalar3",
          "V3Copy"
        ],
        "undefined_calls": [
          "Cosx",
          "MatrixAdd33",
          "MatrixIdentity33",
          "MatrixMulti313",
          "MatrixMulti331",
          "MatrixMulti333",
          "MatrixMultiScalar33",
          "MatrixSub33",
          "MatrixTran33",
          "Sinx",
          "V3Copy",
          "VectorAdd3",
          "VectorDot3",
          "VectorScalar3",
          "VectorSub3"
        ]
      }
    }
  ],
  "relations": {
    "call_graph": [
      {
        "caller": "AntennaDistTorq",
        "callee": "V3Copy",
        "file": "/AntennaDistTorq/IP_AntennaDistTorq.c",
        "line": 54,
        "kind": "function",
        "resolved": false
      },
      {
        "caller": "AntennaDistTorq",
        "callee": "Sinx",
        "file": "/AntennaDistTorq/IP_AntennaDistTorq.c",
        "line": 57,
        "kind": "function",
        "resolved": false
      },
      {
        "caller": "AntennaDistTorq",
        "callee": "Cosx",
        "file": "/AntennaDistTorq/IP_AntennaDistTorq.c",
        "line": 58,
        "kind": "function",
        "resolved": false
      },
      {
        "caller": "AntennaDistTorq",
        "callee": "Sinx",
        "file": "/AntennaDistTorq/IP_AntennaDistTorq.c",
        "line": 59,
        "kind": "function",
        "resolved": false
      },
      {
        "caller": "AntennaDistTorq",
        "callee": "Cosx",
        "file": "/AntennaDistTorq/IP_AntennaDistTorq.c",
        "line": 60,
        "kind": "function",
        "resolved": false
      },
      {
        "caller": "AntennaDistTorq",
        "callee": "MatrixTran33",
        "file": "/AntennaDistTorq/IP_AntennaDistTorq.c",
        "line": 75,
        "kind": "function",
        "resolved": false
      },
      {
        "caller": "AntennaDistTorq",
        "callee": "MatrixMulti333",
        "file": "/AntennaDistTorq/IP_AntennaDistTorq.c",
        "line": 76,
        "kind": "function",
        "resolved": false
      },
      {
        "caller": "AntennaDistTorq",
        "callee": "MatrixMulti331",
        "file": "/AntennaDistTorq/IP_AntennaDistTorq.c",
        "line": 78,
        "kind": "function",
        "resolved": false
      },
      {
        "caller": "AntennaDistTorq",
        "callee": "VectorAdd3",
        "file": "/AntennaDistTorq/IP_AntennaDistTorq.c",
        "line": 79,
        "kind": "function",
        "resolved": false
      },
      {
        "caller": "AntennaDistTorq",
        "callee": "MatrixMulti331",
        "file": "/AntennaDistTorq/IP_AntennaDistTorq.c",
        "line": 84,
        "kind": "function",
        "resolved": false
      },
      {
        "caller": "AntennaDistTorq",
        "callee": "MatrixTran33",
        "file": "/AntennaDistTorq/IP_AntennaDistTorq.c",
        "line": 86,
        "kind": "function",
        "resolved": false
      },
      {
        "caller": "AntennaDistTorq",
        "callee": "MatrixMulti333",
        "file": "/AntennaDistTorq/IP_AntennaDistTorq.c",
        "line": 87,
        "kind": "function",
        "resolved": false
      },
      {
        "caller": "AntennaDistTorq",
        "callee": "MatrixMulti333",
        "file": "/AntennaDistTorq/IP_AntennaDistTorq.c",
        "line": 88,
        "kind": "function",
        "resolved": false
      },
      {
        "caller": "AntennaDistTorq",
        "callee": "VectorDot3",
        "file": "/AntennaDistTorq/IP_AntennaDistTorq.c",
        "line": 90,
        "kind": "function",
        "resolved": false
      },
      {
        "caller": "AntennaDistTorq",
        "callee": "MatrixMulti313",
        "file": "/AntennaDistTorq/IP_AntennaDistTorq.c",
        "line": 91,
        "kind": "function",
        "resolved": false
      },
      {
        "caller": "AntennaDistTorq",
        "callee": "MatrixIdentity33",
        "file": "/AntennaDistTorq/IP_AntennaDistTorq.c",
        "line": 92,
        "kind": "function",
        "resolved": false
      },
      {
        "caller": "AntennaDistTorq",
        "callee": "MatrixMultiScalar33",
        "file": "/AntennaDistTorq/IP_AntennaDistTorq.c",
        "line": 93,
        "kind": "function",
        "resolved": false
      },
      {
        "caller": "AntennaDistTorq",
        "callee": "MatrixSub33",
        "file": "/AntennaDistTorq/IP_AntennaDistTorq.c",
        "line": 94,
        "kind": "function",
        "resolved": false
      },
      {
        "caller": "AntennaDistTorq",
        "callee": "MatrixMultiScalar33",
        "file": "/AntennaDistTorq/IP_AntennaDistTorq.c",
        "line": 95,
        "kind": "function",
        "resolved": false
      },
      {
        "caller": "AntennaDistTorq",
        "callee": "MatrixAdd33",
        "file": "/AntennaDistTorq/IP_AntennaDistTorq.c",
        "line": 96,
        "kind": "function",
        "resolved": false
      },
      {
        "caller": "AntennaDistTorq",
        "callee": "VectorDot3",
        "file": "/AntennaDistTorq/IP_AntennaDistTorq.c",
        "line": 98,
        "kind": "function",
        "resolved": false
      },
      {
        "caller": "AntennaDistTorq",
        "callee": "MatrixMulti313",
        "file": "/AntennaDistTorq/IP_AntennaDistTorq.c",
        "line": 99,
        "kind": "function",
        "resolved": false
      },
      {
        "caller": "AntennaDistTorq",
        "callee": "MatrixIdentity33",
        "file": "/AntennaDistTorq/IP_AntennaDistTorq.c",
        "line": 100,
        "kind": "function",
        "resolved": false
      },
      {
        "caller": "AntennaDistTorq",
        "callee": "MatrixMultiScalar33",
        "file": "/AntennaDistTorq/IP_AntennaDistTorq.c",
        "line": 101,
        "kind": "function",
        "resolved": false
      },
      {
        "caller": "AntennaDistTorq",
        "callee": "MatrixSub33",
        "file": "/AntennaDistTorq/IP_AntennaDistTorq.c",
        "line": 102,
        "kind": "function",
        "resolved": false
      },
      {
        "caller": "AntennaDistTorq",
        "callee": "MatrixMultiScalar33",
        "file": "/AntennaDistTorq/IP_AntennaDistTorq.c",
        "line": 103,
        "kind": "function",
        "resolved": false
      },
      {
        "caller": "AntennaDistTorq",
        "callee": "MatrixSub33",
        "file": "/AntennaDistTorq/IP_AntennaDistTorq.c",
        "line": 105,
        "kind": "function",
        "resolved": false
      },
      {
        "caller": "AntennaDistTorq",
        "callee": "MatrixMulti331",
        "file": "/AntennaDistTorq/IP_AntennaDistTorq.c",
        "line": 106,
        "kind": "function",
        "resolved": false
      },
      {
        "caller": "AntennaDistTorq",
        "callee": "MatrixTran33",
        "file": "/AntennaDistTorq/IP_AntennaDistTorq.c",
        "line": 109,
        "kind": "function",
        "resolved": false
      },
      {
        "caller": "AntennaDistTorq",
        "callee": "MatrixMulti333",
        "file": "/AntennaDistTorq/IP_AntennaDistTorq.c",
        "line": 110,
        "kind": "function",
        "resolved": false
      },
      {
        "caller": "AntennaDistTorq",
        "callee": "MatrixMulti331",
        "file": "/AntennaDistTorq/IP_AntennaDistTorq.c",
        "line": 115,
        "kind": "function",
        "resolved": false
      },
      {
        "caller": "AntennaDistTorq",
        "callee": "MatrixMulti331",
        "file": "/AntennaDistTorq/IP_AntennaDistTorq.c",
        "line": 117,
        "kind": "function",
        "resolved": false
      },
      {
        "caller": "AntennaDistTorq",
        "callee": "VectorAdd3",
        "file": "/AntennaDistTorq/IP_AntennaDistTorq.c",
        "line": 118,
        "kind": "function",
        "resolved": false
      },
      {
        "caller": "AntennaDistTorq",
        "callee": "MatrixMulti331",
        "file": "/AntennaDistTorq/IP_AntennaDistTorq.c",
        "line": 120,
        "kind": "function",
        "resolved": false
      },
      {
        "caller": "AntennaDistTorq",
        "callee": "VectorAdd3",
        "file": "/AntennaDistTorq/IP_AntennaDistTorq.c",
        "line": 121,
        "kind": "function",
        "resolved": false
      },
      {
        "caller": "AntennaDistTorq",
        "callee": "MatrixTran33",
        "file": "/AntennaDistTorq/IP_AntennaDistTorq.c",
        "line": 123,
        "kind": "function",
        "resolved": false
      },
      {
        "caller": "AntennaDistTorq",
        "callee": "MatrixMulti333",
        "file": "/AntennaDistTorq/IP_AntennaDistTorq.c",
        "line": 124,
        "kind": "function",
        "resolved": false
      },
      {
        "caller": "AntennaDistTorq",
        "callee": "MatrixMulti333",
        "file": "/AntennaDistTorq/IP_AntennaDistTorq.c",
        "line": 125,
        "kind": "function",
        "resolved": false
      },
      {
        "caller": "AntennaDistTorq",
        "callee": "VectorDot3",
        "file": "/AntennaDistTorq/IP_AntennaDistTorq.c",
        "line": 127,
        "kind": "function",
        "resolved": false
      },
      {
        "caller": "AntennaDistTorq",
        "callee": "MatrixMulti313",
        "file": "/AntennaDistTorq/IP_AntennaDistTorq.c",
        "line": 128,
        "kind": "function",
        "resolved": false
      },
      {
        "caller": "AntennaDistTorq",
        "callee": "MatrixIdentity33",
        "file": "/AntennaDistTorq/IP_AntennaDistTorq.c",
        "line": 129,
        "kind": "function",
        "resolved": false
      },
      {
        "caller": "AntennaDistTorq",
        "callee": "MatrixMultiScalar33",
        "file": "/AntennaDistTorq/IP_AntennaDistTorq.c",
        "line": 130,
        "kind": "function",
        "resolved": false
      },
      {
        "caller": "AntennaDistTorq",
        "callee": "MatrixSub33",
        "file": "/AntennaDistTorq/IP_AntennaDistTorq.c",
        "line": 131,
        "kind": "function",
        "resolved": false
      },
      {
        "caller": "AntennaDistTorq",
        "callee": "MatrixMultiScalar33",
        "file": "/AntennaDistTorq/IP_AntennaDistTorq.c",
        "line": 132,
        "kind": "function",
        "resolved": false
      },
      {
        "caller": "AntennaDistTorq",
        "callee": "MatrixAdd33",
        "file": "/AntennaDistTorq/IP_AntennaDistTorq.c",
        "line": 133,
        "kind": "function",
        "resolved": false
      },
      {
        "caller": "AntennaDistTorq",
        "callee": "VectorDot3",
        "file": "/AntennaDistTorq/IP_AntennaDistTorq.c",
        "line": 135,
        "kind": "function",
        "resolved": false
      },
      {
        "caller": "AntennaDistTorq",
        "callee": "MatrixMulti313",
        "file": "/AntennaDistTorq/IP_AntennaDistTorq.c",
        "line": 136,
        "kind": "function",
        "resolved": false
      },
      {
        "caller": "AntennaDistTorq",
        "callee": "MatrixIdentity33",
        "file": "/AntennaDistTorq/IP_AntennaDistTorq.c",
        "line": 137,
        "kind": "function",
        "resolved": false
      },
      {
        "caller": "AntennaDistTorq",
        "callee": "MatrixMultiScalar33",
        "file": "/AntennaDistTorq/IP_AntennaDistTorq.c",
        "line": 138,
        "kind": "function",
        "resolved": false
      },
      {
        "caller": "AntennaDistTorq",
        "callee": "MatrixSub33",
        "file": "/AntennaDistTorq/IP_AntennaDistTorq.c",
        "line": 139,
        "kind": "function",
        "resolved": false
      },
      {
        "caller": "AntennaDistTorq",
        "callee": "MatrixMultiScalar33",
        "file": "/AntennaDistTorq/IP_AntennaDistTorq.c",
        "line": 140,
        "kind": "function",
        "resolved": false
      },
      {
        "caller": "AntennaDistTorq",
        "callee": "VectorDot3",
        "file": "/AntennaDistTorq/IP_AntennaDistTorq.c",
        "line": 142,
        "kind": "function",
        "resolved": false
      },
      {
        "caller": "AntennaDistTorq",
        "callee": "MatrixMulti313",
        "file": "/AntennaDistTorq/IP_AntennaDistTorq.c",
        "line": 143,
        "kind": "function",
        "resolved": false
      },
      {
        "caller": "AntennaDistTorq",
        "callee": "MatrixIdentity33",
        "file": "/AntennaDistTorq/IP_AntennaDistTorq.c",
        "line": 144,
        "kind": "function",
        "resolved": false
      },
      {
        "caller": "AntennaDistTorq",
        "callee": "MatrixMultiScalar33",
        "file": "/AntennaDistTorq/IP_AntennaDistTorq.c",
        "line": 145,
        "kind": "function",
        "resolved": false
      },
      {
        "caller": "AntennaDistTorq",
        "callee": "MatrixSub33",
        "file": "/AntennaDistTorq/IP_AntennaDistTorq.c",
        "line": 146,
        "kind": "function",
        "resolved": false
      },
      {
        "caller": "AntennaDistTorq",
        "callee": "MatrixMultiScalar33",
        "file": "/AntennaDistTorq/IP_AntennaDistTorq.c",
        "line": 147,
        "kind": "function",
        "resolved": false
      },
      {
        "caller": "AntennaDistTorq",
        "callee": "MatrixSub33",
        "file": "/AntennaDistTorq/IP_AntennaDistTorq.c",
        "line": 149,
        "kind": "function",
        "resolved": false
      },
      {
        "caller": "AntennaDistTorq",
        "callee": "MatrixMulti331",
        "file": "/AntennaDistTorq/IP_AntennaDistTorq.c",
        "line": 150,
        "kind": "function",
        "resolved": false
      },
      {
        "caller": "AntennaDistTorq",
        "callee": "MatrixSub33",
        "file": "/AntennaDistTorq/IP_AntennaDistTorq.c",
        "line": 151,
        "kind": "function",
        "resolved": false
      },
      {
        "caller": "AntennaDistTorq",
        "callee": "MatrixMulti331",
        "file": "/AntennaDistTorq/IP_AntennaDistTorq.c",
        "line": 152,
        "kind": "function",
        "resolved": false
      },
      {
        "caller": "AntennaDistTorq",
        "callee": "VectorAdd3",
        "file": "/AntennaDistTorq/IP_AntennaDistTorq.c",
        "line": 153,
        "kind": "function",
        "resolved": false
      },
      {
        "caller": "AntennaDistTorq",
        "callee": "VectorAdd3",
        "file": "/AntennaDistTorq/IP_AntennaDistTorq.c",
        "line": 156,
        "kind": "function",
        "resolved": false
      },
      {
        "caller": "AntennaDistTorq",
        "callee": "VectorSub3",
        "file": "/AntennaDistTorq/IP_AntennaDistTorq.c",
        "line": 157,
        "kind": "function",
        "resolved": false
      },
      {
        "caller": "AntennaDistTorq",
        "callee": "VectorScalar3",
        "file": "/AntennaDistTorq/IP_AntennaDistTorq.c",
        "line": 158,
        "kind": "function",
        "resolved": false
      },
      {
        "caller": "AntennaDistTorq",
        "callee": "V3Copy",
        "file": "/AntennaDistTorq/IP_AntennaDistTorq.c",
        "line": 160,
        "kind": "function",
        "resolved": false
      }
    ],
    "field_accesses": [
      {
        "name": "sAntennaCtrl.Aaf",
        "reads": 1,
        "writes": 0,
        "read_writes": 0,
        "functions": [
          "AntennaDistTorq"
        ],
        "readers": [
          "AntennaDistTorq"
        ],
        "writers": []
      },
      {
        "name": "sAntennaCtrl.Baf",
        "reads": 1,
        "writes": 0,
        "read_writes": 0,
        "functions": [
          "AntennaDistTorq"
        ],
        "readers": [
          "AntennaDistTorq"
        ],
        "writers": []
      },
      {
        "name": "sAntennaCtrl.CAntenna",
        "reads": 2,
        "writes": 0,
        "read_writes": 0,
        "functions": [
          "AntennaDistTorq"
        ],
        "readers": [
          "AntennaDistTorq"
        ],
        "writers": []
      },
      {
        "name": "sAntennaCtrl.HsigmaDtpat",
        "reads": 2,
        "writes": 0,
        "read_writes": 0,
        "functions": [
          "AntennaDistTorq"
        ],
        "readers": [
          "AntennaDistTorq"
        ],
        "writers": []
      },
      {
        "name": "sAntennaCtrl.TDT",
        "reads": 3,
        "writes": 0,
        "read_writes": 0,
        "functions": [
          "AntennaDistTorq"
        ],
        "readers": [
          "AntennaDistTorq"
        ],
        "writers": []
      },
      {
        "name": "sAntennaCtrl.wDTa",
        "reads": 1,
        "writes": 0,
        "read_writes": 0,
        "functions": [
          "AntennaDistTorq"
        ],
        "readers": [
          "AntennaDistTorq"
        ],
        "writers": []
      },
      {
        "name": "sAntennaCtrl.wDTb",
        "reads": 1,
        "writes": 0,
        "read_writes": 0,
        "functions": [
          "AntennaDistTorq"
        ],
        "readers": [
          "AntennaDistTorq"
        ],
        "writers": []
      },
      {
        "name": "sAntennaPara.Ja1",
        "reads": 1,
        "writes": 0,
        "read_writes": 0,
        "functions": [
          "AntennaDistTorq"
        ],
        "readers": [
          "AntennaDistTorq"
        ],
        "writers": []
      },
      {
        "name": "sAntennaPara.Ja2",
        "reads": 1,
        "writes": 0,
        "read_writes": 0,
        "functions": [
          "AntennaDistTorq"
        ],
        "readers": [
          "AntennaDistTorq"
        ],
        "writers": []
      },
      {
        "name": "sAntennaPara.ma1",
        "reads": 2,
        "writes": 0,
        "read_writes": 0,
        "functions": [
          "AntennaDistTorq"
        ],
        "readers": [
          "AntennaDistTorq"
        ],
        "writers": []
      },
      {
        "name": "sAntennaPara.ma2",
        "reads": 3,
        "writes": 0,
        "read_writes": 0,
        "functions": [
          "AntennaDistTorq"
        ],
        "readers": [
          "AntennaDistTorq"
        ],
        "writers": []
      },
      {
        "name": "sAntennaPara.ro1",
        "reads": 6,
        "writes": 0,
        "read_writes": 0,
        "functions": [
          "AntennaDistTorq"
        ],
        "readers": [
          "AntennaDistTorq"
        ],
        "writers": []
      },
      {
        "name": "sAntennaPara.ro1c1",
        "reads": 1,
        "writes": 0,
        "read_writes": 0,
        "functions": [
          "AntennaDistTorq"
        ],
        "readers": [
          "AntennaDistTorq"
        ],
        "writers": []
      },
      {
        "name": "sAntennaPara.ro1o2",
        "reads": 1,
        "writes": 0,
        "read_writes": 0,
        "functions": [
          "AntennaDistTorq"
        ],
        "readers": [
          "AntennaDistTorq"
        ],
        "writers": []
      },
      {
        "name": "sAntennaPara.ro2c2",
        "reads": 1,
        "writes": 0,
        "read_writes": 0,
        "functions": [
          "AntennaDistTorq"
        ],
        "readers": [
          "AntennaDistTorq"
        ],
        "writers": []
      },
      {
        "name": "sTime.prd",
        "reads": 1,
        "writes": 0,
        "read_writes": 0,
        "functions": [
          "AntennaDistTorq"
        ],
        "readers": [
          "AntennaDistTorq"
        ],
        "writers": []
      }
    ],
    "state_transitions": [],
    "missing_local_includes": [],
    "unresolved_calls": {
      "Cosx": [
        {
          "caller": "AntennaDistTorq",
          "file": "/AntennaDistTorq/IP_AntennaDistTorq.c",
          "line": 58
        },
        {
          "caller": "AntennaDistTorq",
          "file": "/AntennaDistTorq/IP_AntennaDistTorq.c",
          "line": 60
        }
      ],
      "MatrixAdd33": [
        {
          "caller": "AntennaDistTorq",
          "file": "/AntennaDistTorq/IP_AntennaDistTorq.c",
          "line": 96
        },
        {
          "caller": "AntennaDistTorq",
          "file": "/AntennaDistTorq/IP_AntennaDistTorq.c",
          "line": 133
        }
      ],
      "MatrixIdentity33": [
        {
          "caller": "AntennaDistTorq",
          "file": "/AntennaDistTorq/IP_AntennaDistTorq.c",
          "line": 92
        },
        {
          "caller": "AntennaDistTorq",
          "file": "/AntennaDistTorq/IP_AntennaDistTorq.c",
          "line": 100
        },
        {
          "caller": "AntennaDistTorq",
          "file": "/AntennaDistTorq/IP_AntennaDistTorq.c",
          "line": 129
        },
        {
          "caller": "AntennaDistTorq",
          "file": "/AntennaDistTorq/IP_AntennaDistTorq.c",
          "line": 137
        },
        {
          "caller": "AntennaDistTorq",
          "file": "/AntennaDistTorq/IP_AntennaDistTorq.c",
          "line": 144
        }
      ],
      "MatrixMulti313": [
        {
          "caller": "AntennaDistTorq",
          "file": "/AntennaDistTorq/IP_AntennaDistTorq.c",
          "line": 91
        },
        {
          "caller": "AntennaDistTorq",
          "file": "/AntennaDistTorq/IP_AntennaDistTorq.c",
          "line": 99
        },
        {
          "caller": "AntennaDistTorq",
          "file": "/AntennaDistTorq/IP_AntennaDistTorq.c",
          "line": 128
        },
        {
          "caller": "AntennaDistTorq",
          "file": "/AntennaDistTorq/IP_AntennaDistTorq.c",
          "line": 136
        },
        {
          "caller": "AntennaDistTorq",
          "file": "/AntennaDistTorq/IP_AntennaDistTorq.c",
          "line": 143
        }
      ],
      "MatrixMulti331": [
        {
          "caller": "AntennaDistTorq",
          "file": "/AntennaDistTorq/IP_AntennaDistTorq.c",
          "line": 78
        },
        {
          "caller": "AntennaDistTorq",
          "file": "/AntennaDistTorq/IP_AntennaDistTorq.c",
          "line": 84
        },
        {
          "caller": "AntennaDistTorq",
          "file": "/AntennaDistTorq/IP_AntennaDistTorq.c",
          "line": 106
        },
        {
          "caller": "AntennaDistTorq",
          "file": "/AntennaDistTorq/IP_AntennaDistTorq.c",
          "line": 115
        },
        {
          "caller": "AntennaDistTorq",
          "file": "/AntennaDistTorq/IP_AntennaDistTorq.c",
          "line": 117
        },
        {
          "caller": "AntennaDistTorq",
          "file": "/AntennaDistTorq/IP_AntennaDistTorq.c",
          "line": 120
        },
        {
          "caller": "AntennaDistTorq",
          "file": "/AntennaDistTorq/IP_AntennaDistTorq.c",
          "line": 150
        },
        {
          "caller": "AntennaDistTorq",
          "file": "/AntennaDistTorq/IP_AntennaDistTorq.c",
          "line": 152
        }
      ],
      "MatrixMulti333": [
        {
          "caller": "AntennaDistTorq",
          "file": "/AntennaDistTorq/IP_AntennaDistTorq.c",
          "line": 76
        },
        {
          "caller": "AntennaDistTorq",
          "file": "/AntennaDistTorq/IP_AntennaDistTorq.c",
          "line": 87
        },
        {
          "caller": "AntennaDistTorq",
          "file": "/AntennaDistTorq/IP_AntennaDistTorq.c",
          "line": 88
        },
        {
          "caller": "AntennaDistTorq",
          "file": "/AntennaDistTorq/IP_AntennaDistTorq.c",
          "line": 110
        },
        {
          "caller": "AntennaDistTorq",
          "file": "/AntennaDistTorq/IP_AntennaDistTorq.c",
          "line": 124
        },
        {
          "caller": "AntennaDistTorq",
          "file": "/AntennaDistTorq/IP_AntennaDistTorq.c",
          "line": 125
        }
      ],
      "MatrixMultiScalar33": [
        {
          "caller": "AntennaDistTorq",
          "file": "/AntennaDistTorq/IP_AntennaDistTorq.c",
          "line": 93
        },
        {
          "caller": "AntennaDistTorq",
          "file": "/AntennaDistTorq/IP_AntennaDistTorq.c",
          "line": 95
        },
        {
          "caller": "AntennaDistTorq",
          "file": "/AntennaDistTorq/IP_AntennaDistTorq.c",
          "line": 101
        },
        {
          "caller": "AntennaDistTorq",
          "file": "/AntennaDistTorq/IP_AntennaDistTorq.c",
          "line": 103
        },
        {
          "caller": "AntennaDistTorq",
          "file": "/AntennaDistTorq/IP_AntennaDistTorq.c",
          "line": 130
        },
        {
          "caller": "AntennaDistTorq",
          "file": "/AntennaDistTorq/IP_AntennaDistTorq.c",
          "line": 132
        },
        {
          "caller": "AntennaDistTorq",
          "file": "/AntennaDistTorq/IP_AntennaDistTorq.c",
          "line": 138
        },
        {
          "caller": "AntennaDistTorq",
          "file": "/AntennaDistTorq/IP_AntennaDistTorq.c",
          "line": 140
        },
        {
          "caller": "AntennaDistTorq",
          "file": "/AntennaDistTorq/IP_AntennaDistTorq.c",
          "line": 145
        },
        {
          "caller": "AntennaDistTorq",
          "file": "/AntennaDistTorq/IP_AntennaDistTorq.c",
          "line": 147
        }
      ],
      "MatrixSub33": [
        {
          "caller": "AntennaDistTorq",
          "file": "/AntennaDistTorq/IP_AntennaDistTorq.c",
          "line": 94
        },
        {
          "caller": "AntennaDistTorq",
          "file": "/AntennaDistTorq/IP_AntennaDistTorq.c",
          "line": 102
        },
        {
          "caller": "AntennaDistTorq",
          "file": "/AntennaDistTorq/IP_AntennaDistTorq.c",
          "line": 105
        },
        {
          "caller": "AntennaDistTorq",
          "file": "/AntennaDistTorq/IP_AntennaDistTorq.c",
          "line": 131
        },
        {
          "caller": "AntennaDistTorq",
          "file": "/AntennaDistTorq/IP_AntennaDistTorq.c",
          "line": 139
        },
        {
          "caller": "AntennaDistTorq",
          "file": "/AntennaDistTorq/IP_AntennaDistTorq.c",
          "line": 146
        },
        {
          "caller": "AntennaDistTorq",
          "file": "/AntennaDistTorq/IP_AntennaDistTorq.c",
          "line": 149
        },
        {
          "caller": "AntennaDistTorq",
          "file": "/AntennaDistTorq/IP_AntennaDistTorq.c",
          "line": 151
        }
      ],
      "MatrixTran33": [
        {
          "caller": "AntennaDistTorq",
          "file": "/AntennaDistTorq/IP_AntennaDistTorq.c",
          "line": 75
        },
        {
          "caller": "AntennaDistTorq",
          "file": "/AntennaDistTorq/IP_AntennaDistTorq.c",
          "line": 86
        },
        {
          "caller": "AntennaDistTorq",
          "file": "/AntennaDistTorq/IP_AntennaDistTorq.c",
          "line": 109
        },
        {
          "caller": "AntennaDistTorq",
          "file": "/AntennaDistTorq/IP_AntennaDistTorq.c",
          "line": 123
        }
      ],
      "Sinx": [
        {
          "caller": "AntennaDistTorq",
          "file": "/AntennaDistTorq/IP_AntennaDistTorq.c",
          "line": 57
        },
        {
          "caller": "AntennaDistTorq",
          "file": "/AntennaDistTorq/IP_AntennaDistTorq.c",
          "line": 59
        }
      ],
      "V3Copy": [
        {
          "caller": "AntennaDistTorq",
          "file": "/AntennaDistTorq/IP_AntennaDistTorq.c",
          "line": 54
        },
        {
          "caller": "AntennaDistTorq",
          "file": "/AntennaDistTorq/IP_AntennaDistTorq.c",
          "line": 160
        }
      ],
      "VectorAdd3": [
        {
          "caller": "AntennaDistTorq",
          "file": "/AntennaDistTorq/IP_AntennaDistTorq.c",
          "line": 79
        },
        {
          "caller": "AntennaDistTorq",
          "file": "/AntennaDistTorq/IP_AntennaDistTorq.c",
          "line": 118
        },
        {
          "caller": "AntennaDistTorq",
          "file": "/AntennaDistTorq/IP_AntennaDistTorq.c",
          "line": 121
        },
        {
          "caller": "AntennaDistTorq",
          "file": "/AntennaDistTorq/IP_AntennaDistTorq.c",
          "line": 153
        },
        {
          "caller": "AntennaDistTorq",
          "file": "/AntennaDistTorq/IP_AntennaDistTorq.c",
          "line": 156
        }
      ],
      "VectorDot3": [
        {
          "caller": "AntennaDistTorq",
          "file": "/AntennaDistTorq/IP_AntennaDistTorq.c",
          "line": 90
        },
        {
          "caller": "AntennaDistTorq",
          "file": "/AntennaDistTorq/IP_AntennaDistTorq.c",
          "line": 98
        },
        {
          "caller": "AntennaDistTorq",
          "file": "/AntennaDistTorq/IP_AntennaDistTorq.c",
          "line": 127
        },
        {
          "caller": "AntennaDistTorq",
          "file": "/AntennaDistTorq/IP_AntennaDistTorq.c",
          "line": 135
        },
        {
          "caller": "AntennaDistTorq",
          "file": "/AntennaDistTorq/IP_AntennaDistTorq.c",
          "line": 142
        }
      ],
      "VectorScalar3": [
        {
          "caller": "AntennaDistTorq",
          "file": "/AntennaDistTorq/IP_AntennaDistTorq.c",
          "line": 158
        }
      ],
      "VectorSub3": [
        {
          "caller": "AntennaDistTorq",
          "file": "/AntennaDistTorq/IP_AntennaDistTorq.c",
          "line": 157
        }
      ]
    }
  },
  "invariants": {
    "project": [
      {
        "kind": "project_input_field",
        "text": "sAntennaCtrl.Aaf is only read by AntennaDistTorq",
        "confidence": "medium",
        "evidence": "field summary",
        "field": "sAntennaCtrl.Aaf",
        "readers": [
          "AntennaDistTorq"
        ]
      },
      {
        "kind": "project_input_field",
        "text": "sAntennaCtrl.Baf is only read by AntennaDistTorq",
        "confidence": "medium",
        "evidence": "field summary",
        "field": "sAntennaCtrl.Baf",
        "readers": [
          "AntennaDistTorq"
        ]
      },
      {
        "kind": "project_input_field",
        "text": "sAntennaCtrl.CAntenna is only read by AntennaDistTorq",
        "confidence": "medium",
        "evidence": "field summary",
        "field": "sAntennaCtrl.CAntenna",
        "readers": [
          "AntennaDistTorq"
        ]
      },
      {
        "kind": "project_input_field",
        "text": "sAntennaCtrl.HsigmaDtpat is only read by AntennaDistTorq",
        "confidence": "medium",
        "evidence": "field summary",
        "field": "sAntennaCtrl.HsigmaDtpat",
        "readers": [
          "AntennaDistTorq"
        ]
      },
      {
        "kind": "project_input_field",
        "text": "sAntennaCtrl.TDT is only read by AntennaDistTorq",
        "confidence": "medium",
        "evidence": "field summary",
        "field": "sAntennaCtrl.TDT",
        "readers": [
          "AntennaDistTorq"
        ]
      },
      {
        "kind": "project_input_field",
        "text": "sAntennaCtrl.wDTa is only read by AntennaDistTorq",
        "confidence": "medium",
        "evidence": "field summary",
        "field": "sAntennaCtrl.wDTa",
        "readers": [
          "AntennaDistTorq"
        ]
      },
      {
        "kind": "project_input_field",
        "text": "sAntennaCtrl.wDTb is only read by AntennaDistTorq",
        "confidence": "medium",
        "evidence": "field summary",
        "field": "sAntennaCtrl.wDTb",
        "readers": [
          "AntennaDistTorq"
        ]
      },
      {
        "kind": "project_input_field",
        "text": "sAntennaPara.Ja1 is only read by AntennaDistTorq",
        "confidence": "medium",
        "evidence": "field summary",
        "field": "sAntennaPara.Ja1",
        "readers": [
          "AntennaDistTorq"
        ]
      },
      {
        "kind": "project_input_field",
        "text": "sAntennaPara.Ja2 is only read by AntennaDistTorq",
        "confidence": "medium",
        "evidence": "field summary",
        "field": "sAntennaPara.Ja2",
        "readers": [
          "AntennaDistTorq"
        ]
      },
      {
        "kind": "project_input_field",
        "text": "sAntennaPara.ma1 is only read by AntennaDistTorq",
        "confidence": "medium",
        "evidence": "field summary",
        "field": "sAntennaPara.ma1",
        "readers": [
          "AntennaDistTorq"
        ]
      },
      {
        "kind": "project_input_field",
        "text": "sAntennaPara.ma2 is only read by AntennaDistTorq",
        "confidence": "medium",
        "evidence": "field summary",
        "field": "sAntennaPara.ma2",
        "readers": [
          "AntennaDistTorq"
        ]
      },
      {
        "kind": "project_input_field",
        "text": "sAntennaPara.ro1 is only read by AntennaDistTorq",
        "confidence": "medium",
        "evidence": "field summary",
        "field": "sAntennaPara.ro1",
        "readers": [
          "AntennaDistTorq"
        ]
      },
      {
        "kind": "project_input_field",
        "text": "sAntennaPara.ro1c1 is only read by AntennaDistTorq",
        "confidence": "medium",
        "evidence": "field summary",
        "field": "sAntennaPara.ro1c1",
        "readers": [
          "AntennaDistTorq"
        ]
      },
      {
        "kind": "project_input_field",
        "text": "sAntennaPara.ro1o2 is only read by AntennaDistTorq",
        "confidence": "medium",
        "evidence": "field summary",
        "field": "sAntennaPara.ro1o2",
        "readers": [
          "AntennaDistTorq"
        ]
      },
      {
        "kind": "project_input_field",
        "text": "sAntennaPara.ro2c2 is only read by AntennaDistTorq",
        "confidence": "medium",
        "evidence": "field summary",
        "field": "sAntennaPara.ro2c2",
        "readers": [
          "AntennaDistTorq"
        ]
      },
      {
        "kind": "project_input_field",
        "text": "sTime.prd is only read by AntennaDistTorq",
        "confidence": "medium",
        "evidence": "field summary",
        "field": "sTime.prd",
        "readers": [
          "AntennaDistTorq"
        ]
      }
    ]
  }
}
