===== source2fsm batch debug =====
name: STSUseFlag
source: IP_STSUseFlag.c
source directory: /0526/Orbiter_flat_out/STSUseFlag
output directory: /0526/Orbiter_flat_out/STSUseFlag
copied input .c files:
  IP_STSUseFlag.c
===== docker output =====
source-only mode: /work/input/IP_STSUseFlag.c
source-only cfg
function "STSUseFlag" found
nodes: 16
edges: 21
dot: /work/output/.STSUseFlag.dot
cfg nodes:
  n0 [if] if ( sSTSAtt.dataSrc == 1 )
  n1 [if] if ( sBusSTSObj.update == TRUE32 )
  n2 [if] if ( sSTSAtt.stsFlg == 1 )
  n3 [basic] sSTSAtt.stsFlg = 6;
  n4 [if] if ( sSTSAtt.stsFlg == 2 )
  n5 [basic] sSTSAtt.stsFlg = 7;
  n6 [if] if ( sSTSAtt.stsFlg == 4 )
  n7 [basic] sSTSAtt.stsFlg = 8;
  n8 [basic] sSTSAtt.useOld = sSTSAtt.stsFlg;
  n9 [if] if ( sSTSAtt.stsFlg != 3 )
  n10 [basic] sSTSAtt.stsFlg = sSTSAtt.useOld;
  n11 [basic] sBusSTSObj.update = FALSE32;
  n12 [terminal] return;
png: /work/output/STSUseFlag.png
