# No-Compile Static Analysis Log

Root: /0526/Orbiter_flat_out/STSUseFlag/IP_STSUseFlag.c
Files: 1
Functions: 1
Call edges: 0
Field accesses: 14
Unresolved calls: 0
Missing local includes: 0
Function invariants: 22
Project invariants: 4

## Missing Local Includes
- none

## Duplicate Function Definitions
- none

## Unresolved Calls
- none

## Call Graph

## State Transitions
- none

## Field Access Summary
- sBusSTSObj.update: read=1 write=1 read_write=0 functions=STSUseFlag
- sSTSAtt.dataSrc: read=1 write=0 read_write=0 functions=STSUseFlag
- sSTSAtt.stsFlg: read=5 write=4 read_write=0 functions=STSUseFlag
- sSTSAtt.useOld: read=1 write=1 read_write=0 functions=STSUseFlag

## Project Invariants
- [project_state_field/medium] sBusSTSObj.update is read and written (field summary)
- [project_input_field/medium] sSTSAtt.dataSrc is only read by STSUseFlag (field summary)
- [project_state_field/medium] sSTSAtt.stsFlg is read and written (field summary)
- [project_state_field/medium] sSTSAtt.useOld is read and written (field summary)

## Function Details
### STSUseFlag (IP_STSUseFlag.c:7)
- params: void
- locals: none
- calls: none
- undefined_calls: none
- reads: FALSE32, TRUE32, dataSrc, sBusSTSObj, sSTSAtt, stsFlg, update, useOld
- writes: sBusSTSObj, sSTSAtt
- summary.modifies: sBusSTSObj.update, sSTSAtt.stsFlg, sSTSAtt.useOld
- summary.ensures_observed:
  - sBusSTSObj.update in [0, 0]
  - sSTSAtt.stsFlg in [6, 8]
  - sSTSAtt.useOld in [6, 8]
  - sSTSAtt.stsFlg assigned values are subset of {6, 7, 8}
- invariants:
  - [value_range/medium] sBusSTSObj.update in [0, 0] (macro FALSE32@43)
  - [value_range/medium] sSTSAtt.stsFlg in [6, 8] (literal@14; literal@18; literal@22; known-symbol@36)
  - [value_range/medium] sSTSAtt.useOld in [6, 8] (known-symbol@29)
  - [condition_range/high]@8 sSTSAtt.dataSrc in [1, 1] when sSTSAtt.dataSrc == 1 (sSTSAtt.dataSrc == 1)
  - [condition_range/high]@10 sBusSTSObj.update in [1, 4294967295] when sBusSTSObj.update == TRUE32 (sBusSTSObj.update == TRUE32)
  - [condition_range/high]@12 sSTSAtt.stsFlg in [1, 1] when sSTSAtt.stsFlg == 1 (sSTSAtt.stsFlg == 1)
  - [condition_range/high]@16 sSTSAtt.stsFlg in [2, 2] when sSTSAtt.stsFlg == 2 (sSTSAtt.stsFlg == 2)
  - [condition_range/high]@20 sSTSAtt.stsFlg in [4, 4] when sSTSAtt.stsFlg == 4 (sSTSAtt.stsFlg == 4)
  - [branch_condition/high]@8 inside if branch: sSTSAtt.dataSrc == 1 (sSTSAtt.dataSrc == 1)
  - [branch_condition/high]@10 inside if branch: sBusSTSObj.update == TRUE32 (sBusSTSObj.update == TRUE32)
  - [branch_condition/high]@12 inside if branch: sSTSAtt.stsFlg == 1 (sSTSAtt.stsFlg == 1)
  - [branch_condition/high]@16 inside if branch: sSTSAtt.stsFlg == 2 (sSTSAtt.stsFlg == 2)
  - [branch_condition/high]@20 inside if branch: sSTSAtt.stsFlg == 4 (sSTSAtt.stsFlg == 4)
  - [branch_condition/high]@34 inside if branch: sSTSAtt.stsFlg != 3 (sSTSAtt.stsFlg != 3)
  - [assignment_value/high]@14 sSTSAtt.stsFlg may be assigned 6 (sSTSAtt.stsFlg = 6)
  - [assignment_value/high]@18 sSTSAtt.stsFlg may be assigned 7 (sSTSAtt.stsFlg = 7)
  - [assignment_value/high]@22 sSTSAtt.stsFlg may be assigned 8 (sSTSAtt.stsFlg = 8)
  - [assignment_value/high]@43 sBusSTSObj.update may be assigned FALSE32 (sBusSTSObj.update = FALSE32)
  - [assigned_value_set/medium] sSTSAtt.stsFlg assigned values are subset of {6, 7, 8} (literal/macro assignments)
  - [modifies_fields/high] function may modify fields: sBusSTSObj.update, sSTSAtt.stsFlg, sSTSAtt.useOld (field writes)
  - [reads_fields/high] function may read fields: sBusSTSObj.update, sSTSAtt.dataSrc, sSTSAtt.stsFlg, sSTSAtt.useOld (field reads)
  - [modifies_symbols/medium] function may assign symbols: sBusSTSObj.update, sSTSAtt.stsFlg, sSTSAtt.useOld (assignments)
- value_ranges:
  - sBusSTSObj.update: [0, 0] (macro FALSE32@43)
  - sSTSAtt.stsFlg: [6, 8] (literal@14; literal@18; literal@22; known-symbol@36)
  - sSTSAtt.useOld: [6, 8] (known-symbol@29)
- condition_ranges:
  - sSTSAtt.dataSrc: [1, 1] when sSTSAtt.dataSrc == 1@8
  - sBusSTSObj.update: [1, 4294967295] when sBusSTSObj.update == TRUE32@10
  - sSTSAtt.stsFlg: [1, 1] when sSTSAtt.stsFlg == 1@12
  - sSTSAtt.stsFlg: [2, 2] when sSTSAtt.stsFlg == 2@16
  - sSTSAtt.stsFlg: [4, 4] when sSTSAtt.stsFlg == 4@20
- conditions:
  - if@8: sSTSAtt.dataSrc == 1
  - if@10: sBusSTSObj.update == TRUE32
  - if@12: sSTSAtt.stsFlg == 1
  - if@16: sSTSAtt.stsFlg == 2
  - if@20: sSTSAtt.stsFlg == 4
  - if@34: sSTSAtt.stsFlg != 3
- assignments:
  - 14: sSTSAtt.stsFlg = <literal/unknown>
  - 18: sSTSAtt.stsFlg = <literal/unknown>
  - 22: sSTSAtt.stsFlg = <literal/unknown>
  - 29: sSTSAtt.useOld = sSTSAtt,stsFlg
  - 36: sSTSAtt.stsFlg = sSTSAtt,useOld
  - 43: sBusSTSObj.update = FALSE32

## JSON
{
  "root": "/0526/Orbiter_flat_out/STSUseFlag/IP_STSUseFlag.c",
  "files": [
    {
      "file": "/0526/Orbiter_flat_out/STSUseFlag/IP_STSUseFlag.c",
      "lines": 48,
      "includes": [
        {
          "name": "IP_STSUseFlag.h",
          "kind": "local",
          "line": 1,
          "resolved": "/0526/Orbiter_flat_out/STSUseFlag/IP_STSUseFlag.h"
        }
      ],
      "macros": [],
      "typedefs": [],
      "globals": [],
      "functions": [
        {
          "name": "STSUseFlag",
          "line": 7,
          "params": []
        }
      ]
    }
  ],
  "summary": {
    "file_count": 1,
    "function_count": 1,
    "defined_function_count": 1,
    "declared_function_count": 0,
    "macro_count": 0,
    "typedef_count": 0,
    "global_count": 0,
    "call_edge_count": 0,
    "unresolved_call_count": 0,
    "field_access_count": 14,
    "missing_local_include_count": 0,
    "function_invariant_count": 22,
    "project_invariant_count": 4
  },
  "symbols": {
    "defined_functions": {
      "STSUseFlag": [
        {
          "file": "/0526/Orbiter_flat_out/STSUseFlag/IP_STSUseFlag.c",
          "line": 7
        }
      ]
    },
    "declared_functions": {},
    "macros": {},
    "typedefs": {},
    "enum_constants": [],
    "globals": {},
    "struct_fields": {},
    "duplicate_functions": {}
  },
  "functions": [
    {
      "file": "/0526/Orbiter_flat_out/STSUseFlag/IP_STSUseFlag.c",
      "name": "STSUseFlag",
      "line": 7,
      "return_type": "void",
      "params": [],
      "locals": [],
      "calls": [],
      "assignments": [
        {
          "line": 14,
          "lhs": "sSTSAtt.stsFlg",
          "operator": "=",
          "rhs": "6",
          "rhs_identifiers": []
        },
        {
          "line": 18,
          "lhs": "sSTSAtt.stsFlg",
          "operator": "=",
          "rhs": "7",
          "rhs_identifiers": []
        },
        {
          "line": 22,
          "lhs": "sSTSAtt.stsFlg",
          "operator": "=",
          "rhs": "8",
          "rhs_identifiers": []
        },
        {
          "line": 29,
          "lhs": "sSTSAtt.useOld",
          "operator": "=",
          "rhs": "sSTSAtt.stsFlg",
          "rhs_identifiers": [
            "sSTSAtt",
            "stsFlg"
          ]
        },
        {
          "line": 36,
          "lhs": "sSTSAtt.stsFlg",
          "operator": "=",
          "rhs": "sSTSAtt.useOld",
          "rhs_identifiers": [
            "sSTSAtt",
            "useOld"
          ]
        },
        {
          "line": 43,
          "lhs": "sBusSTSObj.update",
          "operator": "=",
          "rhs": "FALSE32",
          "rhs_identifiers": [
            "FALSE32"
          ]
        }
      ],
      "conditions": [
        {
          "line": 8,
          "kind": "if",
          "expression": "sSTSAtt.dataSrc == 1",
          "identifiers": [
            "dataSrc",
            "sSTSAtt"
          ]
        },
        {
          "line": 10,
          "kind": "if",
          "expression": "sBusSTSObj.update == TRUE32",
          "identifiers": [
            "TRUE32",
            "sBusSTSObj",
            "update"
          ]
        },
        {
          "line": 12,
          "kind": "if",
          "expression": "sSTSAtt.stsFlg == 1",
          "identifiers": [
            "sSTSAtt",
            "stsFlg"
          ]
        },
        {
          "line": 16,
          "kind": "if",
          "expression": "sSTSAtt.stsFlg == 2",
          "identifiers": [
            "sSTSAtt",
            "stsFlg"
          ]
        },
        {
          "line": 20,
          "kind": "if",
          "expression": "sSTSAtt.stsFlg == 4",
          "identifiers": [
            "sSTSAtt",
            "stsFlg"
          ]
        },
        {
          "line": 34,
          "kind": "if",
          "expression": "sSTSAtt.stsFlg != 3",
          "identifiers": [
            "sSTSAtt",
            "stsFlg"
          ]
        }
      ],
      "switch_cases": [],
      "field_accesses": [
        {
          "line": 8,
          "object": "sSTSAtt",
          "operator": ".",
          "field": "dataSrc",
          "access": "read",
          "name": "sSTSAtt.dataSrc"
        },
        {
          "line": 10,
          "object": "sBusSTSObj",
          "operator": ".",
          "field": "update",
          "access": "read",
          "name": "sBusSTSObj.update"
        },
        {
          "line": 12,
          "object": "sSTSAtt",
          "operator": ".",
          "field": "stsFlg",
          "access": "read",
          "name": "sSTSAtt.stsFlg"
        },
        {
          "line": 14,
          "object": "sSTSAtt",
          "operator": ".",
          "field": "stsFlg",
          "access": "write",
          "name": "sSTSAtt.stsFlg"
        },
        {
          "line": 16,
          "object": "sSTSAtt",
          "operator": ".",
          "field": "stsFlg",
          "access": "read",
          "name": "sSTSAtt.stsFlg"
        },
        {
          "line": 18,
          "object": "sSTSAtt",
          "operator": ".",
          "field": "stsFlg",
          "access": "write",
          "name": "sSTSAtt.stsFlg"
        },
        {
          "line": 20,
          "object": "sSTSAtt",
          "operator": ".",
          "field": "stsFlg",
          "access": "read",
          "name": "sSTSAtt.stsFlg"
        },
        {
          "line": 22,
          "object": "sSTSAtt",
          "operator": ".",
          "field": "stsFlg",
          "access": "write",
          "name": "sSTSAtt.stsFlg"
        },
        {
          "line": 29,
          "object": "sSTSAtt",
          "operator": ".",
          "field": "useOld",
          "access": "write",
          "name": "sSTSAtt.useOld"
        },
        {
          "line": 29,
          "object": "sSTSAtt",
          "operator": ".",
          "field": "stsFlg",
          "access": "read",
          "name": "sSTSAtt.stsFlg"
        },
        {
          "line": 34,
          "object": "sSTSAtt",
          "operator": ".",
          "field": "stsFlg",
          "access": "read",
          "name": "sSTSAtt.stsFlg"
        },
        {
          "line": 36,
          "object": "sSTSAtt",
          "operator": ".",
          "field": "stsFlg",
          "access": "write",
          "name": "sSTSAtt.stsFlg"
        },
        {
          "line": 36,
          "object": "sSTSAtt",
          "operator": ".",
          "field": "useOld",
          "access": "read",
          "name": "sSTSAtt.useOld"
        },
        {
          "line": 43,
          "object": "sBusSTSObj",
          "operator": ".",
          "field": "update",
          "access": "write",
          "name": "sBusSTSObj.update"
        }
      ],
      "returns": [
        {
          "line": 46,
          "expression": "",
          "identifiers": []
        }
      ],
      "macro_uses": [
        {
          "name": "FALSE32",
          "line": 43,
          "known": false
        },
        {
          "name": "TRUE32",
          "line": 10,
          "known": false
        }
      ],
      "type_uses": [],
      "value_ranges": [
        {
          "symbol": "sBusSTSObj.update",
          "range": "[0, 0]",
          "min": 0.0,
          "max": 0.0,
          "evidence": [
            "macro FALSE32@43"
          ]
        },
        {
          "symbol": "sSTSAtt.stsFlg",
          "range": "[6, 8]",
          "min": 6.0,
          "max": 8.0,
          "evidence": [
            "literal@14",
            "literal@18",
            "literal@22",
            "known-symbol@36"
          ]
        },
        {
          "symbol": "sSTSAtt.useOld",
          "range": "[6, 8]",
          "min": 6.0,
          "max": 8.0,
          "evidence": [
            "known-symbol@29"
          ]
        }
      ],
      "condition_ranges": [
        {
          "symbol": "sSTSAtt.dataSrc",
          "range": "[1, 1]",
          "min": 1.0,
          "max": 1.0,
          "line": 8,
          "condition": "sSTSAtt.dataSrc == 1"
        },
        {
          "symbol": "sBusSTSObj.update",
          "range": "[1, 4294967295]",
          "min": 1.0,
          "max": 4294967295.0,
          "line": 10,
          "condition": "sBusSTSObj.update == TRUE32"
        },
        {
          "symbol": "sSTSAtt.stsFlg",
          "range": "[1, 1]",
          "min": 1.0,
          "max": 1.0,
          "line": 12,
          "condition": "sSTSAtt.stsFlg == 1"
        },
        {
          "symbol": "sSTSAtt.stsFlg",
          "range": "[2, 2]",
          "min": 2.0,
          "max": 2.0,
          "line": 16,
          "condition": "sSTSAtt.stsFlg == 2"
        },
        {
          "symbol": "sSTSAtt.stsFlg",
          "range": "[4, 4]",
          "min": 4.0,
          "max": 4.0,
          "line": 20,
          "condition": "sSTSAtt.stsFlg == 4"
        }
      ],
      "reads": [
        "FALSE32",
        "TRUE32",
        "dataSrc",
        "sBusSTSObj",
        "sSTSAtt",
        "stsFlg",
        "update",
        "useOld"
      ],
      "writes": [
        "sBusSTSObj",
        "sSTSAtt"
      ],
      "global_reads": [],
      "global_writes": [],
      "input_fields": [
        "sBusSTSObj.update",
        "sSTSAtt.dataSrc",
        "sSTSAtt.stsFlg",
        "sSTSAtt.useOld"
      ],
      "output_fields": [
        "sBusSTSObj.update",
        "sSTSAtt.stsFlg",
        "sSTSAtt.useOld"
      ],
      "undefined_calls": [],
      "invariants": [
        {
          "kind": "value_range",
          "text": "sBusSTSObj.update in [0, 0]",
          "confidence": "medium",
          "evidence": "macro FALSE32@43",
          "symbol": "sBusSTSObj.update",
          "min": 0.0,
          "max": 0.0
        },
        {
          "kind": "value_range",
          "text": "sSTSAtt.stsFlg in [6, 8]",
          "confidence": "medium",
          "evidence": "literal@14; literal@18; literal@22; known-symbol@36",
          "symbol": "sSTSAtt.stsFlg",
          "min": 6.0,
          "max": 8.0
        },
        {
          "kind": "value_range",
          "text": "sSTSAtt.useOld in [6, 8]",
          "confidence": "medium",
          "evidence": "known-symbol@29",
          "symbol": "sSTSAtt.useOld",
          "min": 6.0,
          "max": 8.0
        },
        {
          "kind": "condition_range",
          "text": "sSTSAtt.dataSrc in [1, 1] when sSTSAtt.dataSrc == 1",
          "confidence": "high",
          "line": 8,
          "evidence": "sSTSAtt.dataSrc == 1",
          "symbol": "sSTSAtt.dataSrc",
          "min": 1.0,
          "max": 1.0
        },
        {
          "kind": "condition_range",
          "text": "sBusSTSObj.update in [1, 4294967295] when sBusSTSObj.update == TRUE32",
          "confidence": "high",
          "line": 10,
          "evidence": "sBusSTSObj.update == TRUE32",
          "symbol": "sBusSTSObj.update",
          "min": 1.0,
          "max": 4294967295.0
        },
        {
          "kind": "condition_range",
          "text": "sSTSAtt.stsFlg in [1, 1] when sSTSAtt.stsFlg == 1",
          "confidence": "high",
          "line": 12,
          "evidence": "sSTSAtt.stsFlg == 1",
          "symbol": "sSTSAtt.stsFlg",
          "min": 1.0,
          "max": 1.0
        },
        {
          "kind": "condition_range",
          "text": "sSTSAtt.stsFlg in [2, 2] when sSTSAtt.stsFlg == 2",
          "confidence": "high",
          "line": 16,
          "evidence": "sSTSAtt.stsFlg == 2",
          "symbol": "sSTSAtt.stsFlg",
          "min": 2.0,
          "max": 2.0
        },
        {
          "kind": "condition_range",
          "text": "sSTSAtt.stsFlg in [4, 4] when sSTSAtt.stsFlg == 4",
          "confidence": "high",
          "line": 20,
          "evidence": "sSTSAtt.stsFlg == 4",
          "symbol": "sSTSAtt.stsFlg",
          "min": 4.0,
          "max": 4.0
        },
        {
          "kind": "branch_condition",
          "text": "inside if branch: sSTSAtt.dataSrc == 1",
          "confidence": "high",
          "line": 8,
          "evidence": "sSTSAtt.dataSrc == 1",
          "identifiers": [
            "dataSrc",
            "sSTSAtt"
          ]
        },
        {
          "kind": "branch_condition",
          "text": "inside if branch: sBusSTSObj.update == TRUE32",
          "confidence": "high",
          "line": 10,
          "evidence": "sBusSTSObj.update == TRUE32",
          "identifiers": [
            "TRUE32",
            "sBusSTSObj",
            "update"
          ]
        },
        {
          "kind": "branch_condition",
          "text": "inside if branch: sSTSAtt.stsFlg == 1",
          "confidence": "high",
          "line": 12,
          "evidence": "sSTSAtt.stsFlg == 1",
          "identifiers": [
            "sSTSAtt",
            "stsFlg"
          ]
        },
        {
          "kind": "branch_condition",
          "text": "inside if branch: sSTSAtt.stsFlg == 2",
          "confidence": "high",
          "line": 16,
          "evidence": "sSTSAtt.stsFlg == 2",
          "identifiers": [
            "sSTSAtt",
            "stsFlg"
          ]
        },
        {
          "kind": "branch_condition",
          "text": "inside if branch: sSTSAtt.stsFlg == 4",
          "confidence": "high",
          "line": 20,
          "evidence": "sSTSAtt.stsFlg == 4",
          "identifiers": [
            "sSTSAtt",
            "stsFlg"
          ]
        },
        {
          "kind": "branch_condition",
          "text": "inside if branch: sSTSAtt.stsFlg != 3",
          "confidence": "high",
          "line": 34,
          "evidence": "sSTSAtt.stsFlg != 3",
          "identifiers": [
            "sSTSAtt",
            "stsFlg"
          ]
        },
        {
          "kind": "assignment_value",
          "text": "sSTSAtt.stsFlg may be assigned 6",
          "confidence": "high",
          "line": 14,
          "evidence": "sSTSAtt.stsFlg = 6",
          "symbol": "sSTSAtt.stsFlg",
          "value": "6"
        },
        {
          "kind": "assignment_value",
          "text": "sSTSAtt.stsFlg may be assigned 7",
          "confidence": "high",
          "line": 18,
          "evidence": "sSTSAtt.stsFlg = 7",
          "symbol": "sSTSAtt.stsFlg",
          "value": "7"
        },
        {
          "kind": "assignment_value",
          "text": "sSTSAtt.stsFlg may be assigned 8",
          "confidence": "high",
          "line": 22,
          "evidence": "sSTSAtt.stsFlg = 8",
          "symbol": "sSTSAtt.stsFlg",
          "value": "8"
        },
        {
          "kind": "assignment_value",
          "text": "sBusSTSObj.update may be assigned FALSE32",
          "confidence": "high",
          "line": 43,
          "evidence": "sBusSTSObj.update = FALSE32",
          "symbol": "sBusSTSObj.update",
          "value": "FALSE32"
        },
        {
          "kind": "assigned_value_set",
          "text": "sSTSAtt.stsFlg assigned values are subset of {6, 7, 8}",
          "confidence": "medium",
          "evidence": "literal/macro assignments",
          "symbol": "sSTSAtt.stsFlg",
          "values": [
            "6",
            "7",
            "8"
          ]
        },
        {
          "kind": "modifies_fields",
          "text": "function may modify fields: sBusSTSObj.update, sSTSAtt.stsFlg, sSTSAtt.useOld",
          "confidence": "high",
          "evidence": "field writes",
          "fields": [
            "sBusSTSObj.update",
            "sSTSAtt.stsFlg",
            "sSTSAtt.useOld"
          ]
        },
        {
          "kind": "reads_fields",
          "text": "function may read fields: sBusSTSObj.update, sSTSAtt.dataSrc, sSTSAtt.stsFlg, sSTSAtt.useOld",
          "confidence": "high",
          "evidence": "field reads",
          "fields": [
            "sBusSTSObj.update",
            "sSTSAtt.dataSrc",
            "sSTSAtt.stsFlg",
            "sSTSAtt.useOld"
          ]
        },
        {
          "kind": "modifies_symbols",
          "text": "function may assign symbols: sBusSTSObj.update, sSTSAtt.stsFlg, sSTSAtt.useOld",
          "confidence": "medium",
          "evidence": "assignments",
          "symbols": [
            "sBusSTSObj.update",
            "sSTSAtt.stsFlg",
            "sSTSAtt.useOld"
          ]
        }
      ],
      "summary": {
        "requires_observed": [
          "inside if branch: sSTSAtt.dataSrc == 1",
          "inside if branch: sBusSTSObj.update == TRUE32",
          "inside if branch: sSTSAtt.stsFlg == 1",
          "inside if branch: sSTSAtt.stsFlg == 2",
          "inside if branch: sSTSAtt.stsFlg == 4",
          "inside if branch: sSTSAtt.stsFlg != 3"
        ],
        "modifies": [
          "sBusSTSObj.update",
          "sSTSAtt.stsFlg",
          "sSTSAtt.useOld"
        ],
        "ensures_observed": [
          "sBusSTSObj.update in [0, 0]",
          "sSTSAtt.stsFlg in [6, 8]",
          "sSTSAtt.useOld in [6, 8]",
          "sSTSAtt.stsFlg assigned values are subset of {6, 7, 8}"
        ],
        "calls": [],
        "undefined_calls": []
      }
    }
  ],
  "relations": {
    "call_graph": [],
    "field_accesses": [
      {
        "name": "sBusSTSObj.update",
        "reads": 1,
        "writes": 1,
        "read_writes": 0,
        "functions": [
          "STSUseFlag"
        ],
        "readers": [
          "STSUseFlag"
        ],
        "writers": [
          "STSUseFlag"
        ]
      },
      {
        "name": "sSTSAtt.dataSrc",
        "reads": 1,
        "writes": 0,
        "read_writes": 0,
        "functions": [
          "STSUseFlag"
        ],
        "readers": [
          "STSUseFlag"
        ],
        "writers": []
      },
      {
        "name": "sSTSAtt.stsFlg",
        "reads": 5,
        "writes": 4,
        "read_writes": 0,
        "functions": [
          "STSUseFlag"
        ],
        "readers": [
          "STSUseFlag"
        ],
        "writers": [
          "STSUseFlag"
        ]
      },
      {
        "name": "sSTSAtt.useOld",
        "reads": 1,
        "writes": 1,
        "read_writes": 0,
        "functions": [
          "STSUseFlag"
        ],
        "readers": [
          "STSUseFlag"
        ],
        "writers": [
          "STSUseFlag"
        ]
      }
    ],
    "state_transitions": [],
    "missing_local_includes": [],
    "unresolved_calls": {}
  },
  "invariants": {
    "project": [
      {
        "kind": "project_state_field",
        "text": "sBusSTSObj.update is read and written",
        "confidence": "medium",
        "evidence": "field summary",
        "field": "sBusSTSObj.update",
        "readers": [
          "STSUseFlag"
        ],
        "writers": [
          "STSUseFlag"
        ]
      },
      {
        "kind": "project_input_field",
        "text": "sSTSAtt.dataSrc is only read by STSUseFlag",
        "confidence": "medium",
        "evidence": "field summary",
        "field": "sSTSAtt.dataSrc",
        "readers": [
          "STSUseFlag"
        ]
      },
      {
        "kind": "project_state_field",
        "text": "sSTSAtt.stsFlg is read and written",
        "confidence": "medium",
        "evidence": "field summary",
        "field": "sSTSAtt.stsFlg",
        "readers": [
          "STSUseFlag"
        ],
        "writers": [
          "STSUseFlag"
        ]
      },
      {
        "kind": "project_state_field",
        "text": "sSTSAtt.useOld is read and written",
        "confidence": "medium",
        "evidence": "field summary",
        "field": "sSTSAtt.useOld",
        "readers": [
          "STSUseFlag"
        ],
        "writers": [
          "STSUseFlag"
        ]
      }
    ]
  }
}
