# No-Compile Static Analysis Log

Root: /0526/Orbiter_flat_out/STSCmdPack/IP_STSCmdPack.c
Files: 1
Functions: 1
Call edges: 9
Field accesses: 0
Unresolved calls: 6
Missing local includes: 0
Function invariants: 67
Project invariants: 0

## Missing Local Includes
- none

## Duplicate Function Definitions
- none

## Unresolved Calls
- CheckSumAdd08to32: STSCmdPack@IP_STSCmdPack.c:83
- Memsetx: STSCmdPack@IP_STSCmdPack.c:15
- UI32_HIHI8: STSCmdPack@IP_STSCmdPack.c:84
- UI32_HILO8: STSCmdPack@IP_STSCmdPack.c:78, STSCmdPack@IP_STSCmdPack.c:85
- UI32_LOHI8: STSCmdPack@IP_STSCmdPack.c:79, STSCmdPack@IP_STSCmdPack.c:86
- UI32_LOLO8: STSCmdPack@IP_STSCmdPack.c:80, STSCmdPack@IP_STSCmdPack.c:87

## Call Graph
- STSCmdPack -> CheckSumAdd08to32?, Memsetx?, UI32_HIHI8?, UI32_HILO8? x2, UI32_LOHI8? x2, UI32_LOLO8? x2

## State Transitions
- none

## Field Access Summary

## Project Invariants
- none

## Function Details
### STSCmdPack (IP_STSCmdPack.c:7)
- params: unint32 devNO, unint32 cmdID
- locals: chkSum, cmdLen, pBuf, pkLen, valid
- calls: Memsetx, UI32_HILO8, UI32_LOHI8, UI32_LOLO8, CheckSumAdd08to32, UI32_HIHI8, UI32_HILO8, UI32_LOHI8, UI32_LOLO8
- undefined_calls: CheckSumAdd08to32, Memsetx, UI32_HIHI8, UI32_HILO8, UI32_LOHI8, UI32_LOLO8
- reads: CheckSumAdd08to32, FALSE32, TRUE32, UI32_HIHI8, UI32_HILO8, UI32_LOHI8, UI32_LOLO8, sSTSObj, siint32, testBuf
- writes: chkSum, cmdLen, pBuf, pkLen, valid
- summary.ensures_observed:
  - chkSum in [0, 4294967295]
  - cmdID in [0, 4294967295]
  - cmdLen in [0, 4294967295]
  - devNO in [0, 4294967295]
  - pBuf in [0, 255]
  - pBuf[0] in [164, 164]
  - pBuf[13] in [32, 32]
  - pBuf[14] in [0, 0]
  - pBuf[15] in [32, 32]
  - pBuf[17] in [1, 1]
  - pBuf[18] in [255, 255]
  - pBuf[19] in [255, 255]
  - pBuf[1] in [43, 43]
  - pBuf[25] in [1, 1]
  - pBuf[26] in [255, 255]
  - pBuf[27] in [255, 255]
  - ... 15 more
- invariants:
  - [value_range/medium] chkSum in [0, 4294967295] (decl unint32@9; literal@9)
  - [value_range/medium] cmdID in [0, 4294967295] (type unint32)
  - [value_range/medium] cmdLen in [0, 4294967295] (decl unint32@10; literal@10; literal@26; literal@41; literal@49; literal@58; literal@63; literal@68)
  - [value_range/medium] devNO in [0, 4294967295] (type unint32)
  - [value_range/medium] pBuf in [0, 255] (decl unint08@12)
  - [value_range/medium] pBuf[0] in [164, 164] (literal@17)
  - [value_range/medium] pBuf[13] in [32, 32] (literal@46)
  - [value_range/medium] pBuf[14] in [0, 0] (literal@47; literal@55)
  - [value_range/medium] pBuf[15] in [32, 32] (literal@48; literal@56)
  - [value_range/medium] pBuf[17] in [1, 1] (literal@33)
  - [value_range/medium] pBuf[18] in [255, 255] (literal@34)
  - [value_range/medium] pBuf[19] in [255, 255] (literal@35)
  - [value_range/medium] pBuf[1] in [43, 43] (literal@18)
  - [value_range/medium] pBuf[25] in [1, 1] (literal@37)
  - [value_range/medium] pBuf[26] in [255, 255] (literal@38)
  - [value_range/medium] pBuf[27] in [255, 255] (literal@39)
  - [value_range/medium] pBuf[2] in [177, 177] (literal@19)
  - [value_range/medium] pBuf[3] in [242, 242] (literal@20)
  - [value_range/medium] pBuf[8] in [1, 254] (literal@25; literal@30; literal@45; literal@53; literal@62; literal@67)
  - [value_range/medium] pkLen in [0, 4294967295] (decl unint32@8; literal@8)
  - [value_range/medium] valid in [0, 4294967295] (decl unint32@11; macro TRUE32@11; macro FALSE32@72)
  - [condition_range/high]@76 valid in [1, 4294967295] when valid == TRUE32 (valid == TRUE32)
  - [branch_condition/high]@22 inside switch branch: cmdID (cmdID)
  - [branch_condition/high]@76 inside if branch: valid == TRUE32 (valid == TRUE32)
  - [assignment_value/high]@8 pkLen may be assigned 0 (pkLen = 0)
  - [reset/high]@8 pkLen is reset to 0 (pkLen = 0)
  - [assignment_value/high]@9 chkSum may be assigned 0 (chkSum = 0)
  - [reset/high]@9 chkSum is reset to 0 (chkSum = 0)
  - [assignment_value/high]@10 cmdLen may be assigned 0 (cmdLen = 0)
  - [reset/high]@10 cmdLen is reset to 0 (cmdLen = 0)
  - ... 37 more
- value_ranges:
  - chkSum: [0, 4294967295] (decl unint32@9; literal@9)
  - cmdID: [0, 4294967295] (type unint32)
  - cmdLen: [0, 4294967295] (decl unint32@10; literal@10; literal@26; literal@41; +4 more)
  - devNO: [0, 4294967295] (type unint32)
  - pBuf: [0, 255] (decl unint08@12)
  - pBuf[0]: [164, 164] (literal@17)
  - pBuf[13]: [32, 32] (literal@46)
  - pBuf[14]: [0, 0] (literal@47; literal@55)
  - pBuf[15]: [32, 32] (literal@48; literal@56)
  - pBuf[17]: [1, 1] (literal@33)
  - pBuf[18]: [255, 255] (literal@34)
  - pBuf[19]: [255, 255] (literal@35)
  - pBuf[1]: [43, 43] (literal@18)
  - pBuf[25]: [1, 1] (literal@37)
  - pBuf[26]: [255, 255] (literal@38)
  - pBuf[27]: [255, 255] (literal@39)
  - pBuf[2]: [177, 177] (literal@19)
  - pBuf[3]: [242, 242] (literal@20)
  - pBuf[8]: [1, 254] (literal@25; literal@30; literal@45; literal@53; +2 more)
  - pkLen: [0, 4294967295] (decl unint32@8; literal@8)
  - valid: [0, 4294967295] (decl unint32@11; macro TRUE32@11; macro FALSE32@72)
- condition_ranges:
  - valid: [1, 4294967295] when valid == TRUE32@76
- conditions:
  - switch@22: cmdID
  - if@76: valid == TRUE32
- assignments:
  - 8: pkLen = <literal/unknown>
  - 9: chkSum = <literal/unknown>
  - 10: cmdLen = <literal/unknown>
  - 11: valid = TRUE32
  - 14: pBuf = devNO,sSTSObj,testBuf
  - 17: pBuf[0] = <literal/unknown>
  - 18: pBuf[1] = <literal/unknown>
  - 19: pBuf[2] = <literal/unknown>
  - 20: pBuf[3] = <literal/unknown>
  - 25: pBuf[8] = <literal/unknown>
  - 26: cmdLen = <literal/unknown>
  - 30: pBuf[8] = <literal/unknown>
  - 33: pBuf[17] = <literal/unknown>
  - 34: pBuf[18] = <literal/unknown>
  - 35: pBuf[19] = <literal/unknown>
  - 37: pBuf[25] = <literal/unknown>
  - 38: pBuf[26] = <literal/unknown>
  - 39: pBuf[27] = <literal/unknown>
  - 41: cmdLen = <literal/unknown>
  - 45: pBuf[8] = <literal/unknown>
  - 46: pBuf[13] = <literal/unknown>
  - 47: pBuf[14] = <literal/unknown>
  - 48: pBuf[15] = <literal/unknown>
  - 49: cmdLen = <literal/unknown>
  - 53: pBuf[8] = <literal/unknown>
  - 55: pBuf[14] = <literal/unknown>
  - 56: pBuf[15] = <literal/unknown>
  - 58: cmdLen = <literal/unknown>
  - 62: pBuf[8] = <literal/unknown>
  - 63: cmdLen = <literal/unknown>
  - 67: pBuf[8] = <literal/unknown>
  - 68: cmdLen = <literal/unknown>
  - 72: valid = FALSE32
  - 78: pBuf[9] = UI32_HILO8,cmdLen
  - 79: pBuf[10] = UI32_LOHI8,cmdLen
  - 80: pBuf[11] = UI32_LOLO8,cmdLen
  - 81: pkLen = cmdLen
  - 83: chkSum = CheckSumAdd08to32,cmdLen,pBuf,siint32
  - 84: pBuf[4] = UI32_HIHI8,chkSum
  - 85: pBuf[5] = UI32_HILO8,chkSum
  - ... 2 more

## JSON
{
  "root": "/0526/Orbiter_flat_out/STSCmdPack/IP_STSCmdPack.c",
  "files": [
    {
      "file": "/0526/Orbiter_flat_out/STSCmdPack/IP_STSCmdPack.c",
      "lines": 92,
      "includes": [
        {
          "name": "IP_STSCmdPack.h",
          "kind": "local",
          "line": 1,
          "resolved": "/0526/Orbiter_flat_out/STSCmdPack/IP_STSCmdPack.h"
        }
      ],
      "macros": [],
      "typedefs": [],
      "globals": [],
      "functions": [
        {
          "name": "STSCmdPack",
          "line": 7,
          "params": [
            "unint32 devNO",
            "unint32 cmdID"
          ]
        }
      ]
    }
  ],
  "summary": {
    "file_count": 1,
    "function_count": 1,
    "defined_function_count": 1,
    "declared_function_count": 0,
    "macro_count": 0,
    "typedef_count": 0,
    "global_count": 0,
    "call_edge_count": 9,
    "unresolved_call_count": 6,
    "field_access_count": 0,
    "missing_local_include_count": 0,
    "function_invariant_count": 67,
    "project_invariant_count": 0
  },
  "symbols": {
    "defined_functions": {
      "STSCmdPack": [
        {
          "file": "/0526/Orbiter_flat_out/STSCmdPack/IP_STSCmdPack.c",
          "line": 7
        }
      ]
    },
    "declared_functions": {},
    "macros": {},
    "typedefs": {},
    "enum_constants": [],
    "globals": {},
    "struct_fields": {},
    "duplicate_functions": {}
  },
  "functions": [
    {
      "file": "/0526/Orbiter_flat_out/STSCmdPack/IP_STSCmdPack.c",
      "name": "STSCmdPack",
      "line": 7,
      "return_type": "unint32",
      "params": [
        "unint32 devNO",
        "unint32 cmdID"
      ],
      "locals": [
        "chkSum",
        "cmdLen",
        "pBuf",
        "pkLen",
        "valid"
      ],
      "calls": [
        {
          "name": "Memsetx",
          "line": 15,
          "kind": "function",
          "resolved": false
        },
        {
          "name": "UI32_HILO8",
          "line": 78,
          "kind": "function",
          "resolved": false
        },
        {
          "name": "UI32_LOHI8",
          "line": 79,
          "kind": "function",
          "resolved": false
        },
        {
          "name": "UI32_LOLO8",
          "line": 80,
          "kind": "function",
          "resolved": false
        },
        {
          "name": "CheckSumAdd08to32",
          "line": 83,
          "kind": "function",
          "resolved": false
        },
        {
          "name": "UI32_HIHI8",
          "line": 84,
          "kind": "function",
          "resolved": false
        },
        {
          "name": "UI32_HILO8",
          "line": 85,
          "kind": "function",
          "resolved": false
        },
        {
          "name": "UI32_LOHI8",
          "line": 86,
          "kind": "function",
          "resolved": false
        },
        {
          "name": "UI32_LOLO8",
          "line": 87,
          "kind": "function",
          "resolved": false
        }
      ],
      "assignments": [
        {
          "line": 8,
          "lhs": "pkLen",
          "operator": "=",
          "rhs": "0",
          "rhs_identifiers": []
        },
        {
          "line": 9,
          "lhs": "chkSum",
          "operator": "=",
          "rhs": "0",
          "rhs_identifiers": []
        },
        {
          "line": 10,
          "lhs": "cmdLen",
          "operator": "=",
          "rhs": "0",
          "rhs_identifiers": []
        },
        {
          "line": 11,
          "lhs": "valid",
          "operator": "=",
          "rhs": "TRUE32",
          "rhs_identifiers": [
            "TRUE32"
          ]
        },
        {
          "line": 14,
          "lhs": "pBuf",
          "operator": "=",
          "rhs": "&sSTSObj[devNO].testBuf[0]",
          "rhs_identifiers": [
            "devNO",
            "sSTSObj",
            "testBuf"
          ]
        },
        {
          "line": 17,
          "lhs": "pBuf[0]",
          "operator": "=",
          "rhs": "0xA4",
          "rhs_identifiers": []
        },
        {
          "line": 18,
          "lhs": "pBuf[1]",
          "operator": "=",
          "rhs": "0x2B",
          "rhs_identifiers": []
        },
        {
          "line": 19,
          "lhs": "pBuf[2]",
          "operator": "=",
          "rhs": "0xB1",
          "rhs_identifiers": []
        },
        {
          "line": 20,
          "lhs": "pBuf[3]",
          "operator": "=",
          "rhs": "0xF2",
          "rhs_identifiers": []
        },
        {
          "line": 25,
          "lhs": "pBuf[8]",
          "operator": "=",
          "rhs": "0x0D",
          "rhs_identifiers": []
        },
        {
          "line": 26,
          "lhs": "cmdLen",
          "operator": "=",
          "rhs": "40",
          "rhs_identifiers": []
        },
        {
          "line": 30,
          "lhs": "pBuf[8]",
          "operator": "=",
          "rhs": "0x0D",
          "rhs_identifiers": []
        },
        {
          "line": 33,
          "lhs": "pBuf[17]",
          "operator": "=",
          "rhs": "1",
          "rhs_identifiers": []
        },
        {
          "line": 34,
          "lhs": "pBuf[18]",
          "operator": "=",
          "rhs": "0xFF",
          "rhs_identifiers": []
        },
        {
          "line": 35,
          "lhs": "pBuf[19]",
          "operator": "=",
          "rhs": "0xFF",
          "rhs_identifiers": []
        },
        {
          "line": 37,
          "lhs": "pBuf[25]",
          "operator": "=",
          "rhs": "1",
          "rhs_identifiers": []
        },
        {
          "line": 38,
          "lhs": "pBuf[26]",
          "operator": "=",
          "rhs": "0xFF",
          "rhs_identifiers": []
        },
        {
          "line": 39,
          "lhs": "pBuf[27]",
          "operator": "=",
          "rhs": "0xFF",
          "rhs_identifiers": []
        },
        {
          "line": 41,
          "lhs": "cmdLen",
          "operator": "=",
          "rhs": "40",
          "rhs_identifiers": []
        },
        {
          "line": 45,
          "lhs": "pBuf[8]",
          "operator": "=",
          "rhs": "0x02",
          "rhs_identifiers": []
        },
        {
          "line": 46,
          "lhs": "pBuf[13]",
          "operator": "=",
          "rhs": "0x20",
          "rhs_identifiers": []
        },
        {
          "line": 47,
          "lhs": "pBuf[14]",
          "operator": "=",
          "rhs": "0x00",
          "rhs_identifiers": []
        },
        {
          "line": 48,
          "lhs": "pBuf[15]",
          "operator": "=",
          "rhs": "0x20",
          "rhs_identifiers": []
        },
        {
          "line": 49,
          "lhs": "cmdLen",
          "operator": "=",
          "rhs": "4",
          "rhs_identifiers": []
        },
        {
          "line": 53,
          "lhs": "pBuf[8]",
          "operator": "=",
          "rhs": "0x02",
          "rhs_identifiers": []
        },
        {
          "line": 55,
          "lhs": "pBuf[14]",
          "operator": "=",
          "rhs": "0x00",
          "rhs_identifiers": []
        },
        {
          "line": 56,
          "lhs": "pBuf[15]",
          "operator": "=",
          "rhs": "0x20",
          "rhs_identifiers": []
        },
        {
          "line": 58,
          "lhs": "cmdLen",
          "operator": "=",
          "rhs": "4",
          "rhs_identifiers": []
        },
        {
          "line": 62,
          "lhs": "pBuf[8]",
          "operator": "=",
          "rhs": "0x1",
          "rhs_identifiers": []
        },
        {
          "line": 63,
          "lhs": "cmdLen",
          "operator": "=",
          "rhs": "0",
          "rhs_identifiers": []
        },
        {
          "line": 67,
          "lhs": "pBuf[8]",
          "operator": "=",
          "rhs": "0xFE",
          "rhs_identifiers": []
        },
        {
          "line": 68,
          "lhs": "cmdLen",
          "operator": "=",
          "rhs": "0",
          "rhs_identifiers": []
        },
        {
          "line": 72,
          "lhs": "valid",
          "operator": "=",
          "rhs": "FALSE32",
          "rhs_identifiers": [
            "FALSE32"
          ]
        },
        {
          "line": 78,
          "lhs": "pBuf[9]",
          "operator": "=",
          "rhs": "UI32_HILO8(cmdLen)",
          "rhs_identifiers": [
            "UI32_HILO8",
            "cmdLen"
          ]
        },
        {
          "line": 79,
          "lhs": "pBuf[10]",
          "operator": "=",
          "rhs": "UI32_LOHI8(cmdLen)",
          "rhs_identifiers": [
            "UI32_LOHI8",
            "cmdLen"
          ]
        },
        {
          "line": 80,
          "lhs": "pBuf[11]",
          "operator": "=",
          "rhs": "UI32_LOLO8(cmdLen)",
          "rhs_identifiers": [
            "UI32_LOLO8",
            "cmdLen"
          ]
        },
        {
          "line": 81,
          "lhs": "pkLen",
          "operator": "=",
          "rhs": "cmdLen + 12",
          "rhs_identifiers": [
            "cmdLen"
          ]
        },
        {
          "line": 83,
          "lhs": "chkSum",
          "operator": "=",
          "rhs": "CheckSumAdd08to32( &pBuf[8], (siint32)( cmdLen + 4 ) )",
          "rhs_identifiers": [
            "CheckSumAdd08to32",
            "cmdLen",
            "pBuf",
            "siint32"
          ]
        },
        {
          "line": 84,
          "lhs": "pBuf[4]",
          "operator": "=",
          "rhs": "UI32_HIHI8(chkSum)",
          "rhs_identifiers": [
            "UI32_HIHI8",
            "chkSum"
          ]
        },
        {
          "line": 85,
          "lhs": "pBuf[5]",
          "operator": "=",
          "rhs": "UI32_HILO8(chkSum)",
          "rhs_identifiers": [
            "UI32_HILO8",
            "chkSum"
          ]
        },
        {
          "line": 86,
          "lhs": "pBuf[6]",
          "operator": "=",
          "rhs": "UI32_LOHI8(chkSum)",
          "rhs_identifiers": [
            "UI32_LOHI8",
            "chkSum"
          ]
        },
        {
          "line": 87,
          "lhs": "pBuf[7]",
          "operator": "=",
          "rhs": "UI32_LOLO8(chkSum)",
          "rhs_identifiers": [
            "UI32_LOLO8",
            "chkSum"
          ]
        }
      ],
      "conditions": [
        {
          "line": 22,
          "kind": "switch",
          "expression": "cmdID",
          "identifiers": [
            "cmdID"
          ]
        },
        {
          "line": 76,
          "kind": "if",
          "expression": "valid == TRUE32",
          "identifiers": [
            "TRUE32",
            "valid"
          ]
        }
      ],
      "switch_cases": [
        {
          "line": 24,
          "label": "case 1"
        },
        {
          "line": 29,
          "label": "case 2"
        },
        {
          "line": 44,
          "label": "case 3"
        },
        {
          "line": 52,
          "label": "case 4"
        },
        {
          "line": 61,
          "label": "case 5"
        },
        {
          "line": 66,
          "label": "case 6"
        },
        {
          "line": 71,
          "label": "default"
        }
      ],
      "field_accesses": [],
      "returns": [
        {
          "line": 90,
          "expression": "pkLen",
          "identifiers": [
            "pkLen"
          ]
        }
      ],
      "macro_uses": [
        {
          "name": "FALSE32",
          "line": 72,
          "known": false
        },
        {
          "name": "TRUE32",
          "line": 11,
          "known": false
        },
        {
          "name": "TRUE32",
          "line": 76,
          "known": false
        },
        {
          "name": "UI32_HIHI8",
          "line": 84,
          "known": false
        },
        {
          "name": "UI32_HILO8",
          "line": 78,
          "known": false
        },
        {
          "name": "UI32_HILO8",
          "line": 85,
          "known": false
        },
        {
          "name": "UI32_LOHI8",
          "line": 79,
          "known": false
        },
        {
          "name": "UI32_LOHI8",
          "line": 86,
          "known": false
        },
        {
          "name": "UI32_LOLO8",
          "line": 80,
          "known": false
        },
        {
          "name": "UI32_LOLO8",
          "line": 87,
          "known": false
        }
      ],
      "type_uses": [],
      "value_ranges": [
        {
          "symbol": "chkSum",
          "range": "[0, 4294967295]",
          "min": 0.0,
          "max": 4294967295.0,
          "evidence": [
            "decl unint32@9",
            "literal@9"
          ]
        },
        {
          "symbol": "cmdID",
          "range": "[0, 4294967295]",
          "min": 0.0,
          "max": 4294967295.0,
          "evidence": [
            "type unint32"
          ]
        },
        {
          "symbol": "cmdLen",
          "range": "[0, 4294967295]",
          "min": 0.0,
          "max": 4294967295.0,
          "evidence": [
            "decl unint32@10",
            "literal@10",
            "literal@26",
            "literal@41",
            "literal@49",
            "literal@58",
            "literal@63",
            "literal@68"
          ]
        },
        {
          "symbol": "devNO",
          "range": "[0, 4294967295]",
          "min": 0.0,
          "max": 4294967295.0,
          "evidence": [
            "type unint32"
          ]
        },
        {
          "symbol": "pBuf",
          "range": "[0, 255]",
          "min": 0.0,
          "max": 255.0,
          "evidence": [
            "decl unint08@12"
          ]
        },
        {
          "symbol": "pBuf[0]",
          "range": "[164, 164]",
          "min": 164.0,
          "max": 164.0,
          "evidence": [
            "literal@17"
          ]
        },
        {
          "symbol": "pBuf[13]",
          "range": "[32, 32]",
          "min": 32.0,
          "max": 32.0,
          "evidence": [
            "literal@46"
          ]
        },
        {
          "symbol": "pBuf[14]",
          "range": "[0, 0]",
          "min": 0.0,
          "max": 0.0,
          "evidence": [
            "literal@47",
            "literal@55"
          ]
        },
        {
          "symbol": "pBuf[15]",
          "range": "[32, 32]",
          "min": 32.0,
          "max": 32.0,
          "evidence": [
            "literal@48",
            "literal@56"
          ]
        },
        {
          "symbol": "pBuf[17]",
          "range": "[1, 1]",
          "min": 1.0,
          "max": 1.0,
          "evidence": [
            "literal@33"
          ]
        },
        {
          "symbol": "pBuf[18]",
          "range": "[255, 255]",
          "min": 255.0,
          "max": 255.0,
          "evidence": [
            "literal@34"
          ]
        },
        {
          "symbol": "pBuf[19]",
          "range": "[255, 255]",
          "min": 255.0,
          "max": 255.0,
          "evidence": [
            "literal@35"
          ]
        },
        {
          "symbol": "pBuf[1]",
          "range": "[43, 43]",
          "min": 43.0,
          "max": 43.0,
          "evidence": [
            "literal@18"
          ]
        },
        {
          "symbol": "pBuf[25]",
          "range": "[1, 1]",
          "min": 1.0,
          "max": 1.0,
          "evidence": [
            "literal@37"
          ]
        },
        {
          "symbol": "pBuf[26]",
          "range": "[255, 255]",
          "min": 255.0,
          "max": 255.0,
          "evidence": [
            "literal@38"
          ]
        },
        {
          "symbol": "pBuf[27]",
          "range": "[255, 255]",
          "min": 255.0,
          "max": 255.0,
          "evidence": [
            "literal@39"
          ]
        },
        {
          "symbol": "pBuf[2]",
          "range": "[177, 177]",
          "min": 177.0,
          "max": 177.0,
          "evidence": [
            "literal@19"
          ]
        },
        {
          "symbol": "pBuf[3]",
          "range": "[242, 242]",
          "min": 242.0,
          "max": 242.0,
          "evidence": [
            "literal@20"
          ]
        },
        {
          "symbol": "pBuf[8]",
          "range": "[1, 254]",
          "min": 1.0,
          "max": 254.0,
          "evidence": [
            "literal@25",
            "literal@30",
            "literal@45",
            "literal@53",
            "literal@62",
            "literal@67"
          ]
        },
        {
          "symbol": "pkLen",
          "range": "[0, 4294967295]",
          "min": 0.0,
          "max": 4294967295.0,
          "evidence": [
            "decl unint32@8",
            "literal@8"
          ]
        },
        {
          "symbol": "valid",
          "range": "[0, 4294967295]",
          "min": 0.0,
          "max": 4294967295.0,
          "evidence": [
            "decl unint32@11",
            "macro TRUE32@11",
            "macro FALSE32@72"
          ]
        }
      ],
      "condition_ranges": [
        {
          "symbol": "valid",
          "range": "[1, 4294967295]",
          "min": 1.0,
          "max": 4294967295.0,
          "line": 76,
          "condition": "valid == TRUE32"
        }
      ],
      "reads": [
        "CheckSumAdd08to32",
        "FALSE32",
        "TRUE32",
        "UI32_HIHI8",
        "UI32_HILO8",
        "UI32_LOHI8",
        "UI32_LOLO8",
        "sSTSObj",
        "siint32",
        "testBuf"
      ],
      "writes": [
        "chkSum",
        "cmdLen",
        "pBuf",
        "pkLen",
        "valid"
      ],
      "global_reads": [],
      "global_writes": [],
      "input_fields": [],
      "output_fields": [],
      "undefined_calls": [
        "CheckSumAdd08to32",
        "Memsetx",
        "UI32_HIHI8",
        "UI32_HILO8",
        "UI32_LOHI8",
        "UI32_LOLO8"
      ],
      "invariants": [
        {
          "kind": "value_range",
          "text": "chkSum in [0, 4294967295]",
          "confidence": "medium",
          "evidence": "decl unint32@9; literal@9",
          "symbol": "chkSum",
          "min": 0.0,
          "max": 4294967295.0
        },
        {
          "kind": "value_range",
          "text": "cmdID in [0, 4294967295]",
          "confidence": "medium",
          "evidence": "type unint32",
          "symbol": "cmdID",
          "min": 0.0,
          "max": 4294967295.0
        },
        {
          "kind": "value_range",
          "text": "cmdLen in [0, 4294967295]",
          "confidence": "medium",
          "evidence": "decl unint32@10; literal@10; literal@26; literal@41; literal@49; literal@58; literal@63; literal@68",
          "symbol": "cmdLen",
          "min": 0.0,
          "max": 4294967295.0
        },
        {
          "kind": "value_range",
          "text": "devNO in [0, 4294967295]",
          "confidence": "medium",
          "evidence": "type unint32",
          "symbol": "devNO",
          "min": 0.0,
          "max": 4294967295.0
        },
        {
          "kind": "value_range",
          "text": "pBuf in [0, 255]",
          "confidence": "medium",
          "evidence": "decl unint08@12",
          "symbol": "pBuf",
          "min": 0.0,
          "max": 255.0
        },
        {
          "kind": "value_range",
          "text": "pBuf[0] in [164, 164]",
          "confidence": "medium",
          "evidence": "literal@17",
          "symbol": "pBuf[0]",
          "min": 164.0,
          "max": 164.0
        },
        {
          "kind": "value_range",
          "text": "pBuf[13] in [32, 32]",
          "confidence": "medium",
          "evidence": "literal@46",
          "symbol": "pBuf[13]",
          "min": 32.0,
          "max": 32.0
        },
        {
          "kind": "value_range",
          "text": "pBuf[14] in [0, 0]",
          "confidence": "medium",
          "evidence": "literal@47; literal@55",
          "symbol": "pBuf[14]",
          "min": 0.0,
          "max": 0.0
        },
        {
          "kind": "value_range",
          "text": "pBuf[15] in [32, 32]",
          "confidence": "medium",
          "evidence": "literal@48; literal@56",
          "symbol": "pBuf[15]",
          "min": 32.0,
          "max": 32.0
        },
        {
          "kind": "value_range",
          "text": "pBuf[17] in [1, 1]",
          "confidence": "medium",
          "evidence": "literal@33",
          "symbol": "pBuf[17]",
          "min": 1.0,
          "max": 1.0
        },
        {
          "kind": "value_range",
          "text": "pBuf[18] in [255, 255]",
          "confidence": "medium",
          "evidence": "literal@34",
          "symbol": "pBuf[18]",
          "min": 255.0,
          "max": 255.0
        },
        {
          "kind": "value_range",
          "text": "pBuf[19] in [255, 255]",
          "confidence": "medium",
          "evidence": "literal@35",
          "symbol": "pBuf[19]",
          "min": 255.0,
          "max": 255.0
        },
        {
          "kind": "value_range",
          "text": "pBuf[1] in [43, 43]",
          "confidence": "medium",
          "evidence": "literal@18",
          "symbol": "pBuf[1]",
          "min": 43.0,
          "max": 43.0
        },
        {
          "kind": "value_range",
          "text": "pBuf[25] in [1, 1]",
          "confidence": "medium",
          "evidence": "literal@37",
          "symbol": "pBuf[25]",
          "min": 1.0,
          "max": 1.0
        },
        {
          "kind": "value_range",
          "text": "pBuf[26] in [255, 255]",
          "confidence": "medium",
          "evidence": "literal@38",
          "symbol": "pBuf[26]",
          "min": 255.0,
          "max": 255.0
        },
        {
          "kind": "value_range",
          "text": "pBuf[27] in [255, 255]",
          "confidence": "medium",
          "evidence": "literal@39",
          "symbol": "pBuf[27]",
          "min": 255.0,
          "max": 255.0
        },
        {
          "kind": "value_range",
          "text": "pBuf[2] in [177, 177]",
          "confidence": "medium",
          "evidence": "literal@19",
          "symbol": "pBuf[2]",
          "min": 177.0,
          "max": 177.0
        },
        {
          "kind": "value_range",
          "text": "pBuf[3] in [242, 242]",
          "confidence": "medium",
          "evidence": "literal@20",
          "symbol": "pBuf[3]",
          "min": 242.0,
          "max": 242.0
        },
        {
          "kind": "value_range",
          "text": "pBuf[8] in [1, 254]",
          "confidence": "medium",
          "evidence": "literal@25; literal@30; literal@45; literal@53; literal@62; literal@67",
          "symbol": "pBuf[8]",
          "min": 1.0,
          "max": 254.0
        },
        {
          "kind": "value_range",
          "text": "pkLen in [0, 4294967295]",
          "confidence": "medium",
          "evidence": "decl unint32@8; literal@8",
          "symbol": "pkLen",
          "min": 0.0,
          "max": 4294967295.0
        },
        {
          "kind": "value_range",
          "text": "valid in [0, 4294967295]",
          "confidence": "medium",
          "evidence": "decl unint32@11; macro TRUE32@11; macro FALSE32@72",
          "symbol": "valid",
          "min": 0.0,
          "max": 4294967295.0
        },
        {
          "kind": "condition_range",
          "text": "valid in [1, 4294967295] when valid == TRUE32",
          "confidence": "high",
          "line": 76,
          "evidence": "valid == TRUE32",
          "symbol": "valid",
          "min": 1.0,
          "max": 4294967295.0
        },
        {
          "kind": "branch_condition",
          "text": "inside switch branch: cmdID",
          "confidence": "high",
          "line": 22,
          "evidence": "cmdID",
          "identifiers": [
            "cmdID"
          ]
        },
        {
          "kind": "branch_condition",
          "text": "inside if branch: valid == TRUE32",
          "confidence": "high",
          "line": 76,
          "evidence": "valid == TRUE32",
          "identifiers": [
            "TRUE32",
            "valid"
          ]
        },
        {
          "kind": "assignment_value",
          "text": "pkLen may be assigned 0",
          "confidence": "high",
          "line": 8,
          "evidence": "pkLen = 0",
          "symbol": "pkLen",
          "value": "0"
        },
        {
          "kind": "reset",
          "text": "pkLen is reset to 0",
          "confidence": "high",
          "line": 8,
          "evidence": "pkLen = 0",
          "symbol": "pkLen"
        },
        {
          "kind": "assignment_value",
          "text": "chkSum may be assigned 0",
          "confidence": "high",
          "line": 9,
          "evidence": "chkSum = 0",
          "symbol": "chkSum",
          "value": "0"
        },
        {
          "kind": "reset",
          "text": "chkSum is reset to 0",
          "confidence": "high",
          "line": 9,
          "evidence": "chkSum = 0",
          "symbol": "chkSum"
        },
        {
          "kind": "assignment_value",
          "text": "cmdLen may be assigned 0",
          "confidence": "high",
          "line": 10,
          "evidence": "cmdLen = 0",
          "symbol": "cmdLen",
          "value": "0"
        },
        {
          "kind": "reset",
          "text": "cmdLen is reset to 0",
          "confidence": "high",
          "line": 10,
          "evidence": "cmdLen = 0",
          "symbol": "cmdLen"
        },
        {
          "kind": "assignment_value",
          "text": "valid may be assigned TRUE32",
          "confidence": "high",
          "line": 11,
          "evidence": "valid = TRUE32",
          "symbol": "valid",
          "value": "TRUE32"
        },
        {
          "kind": "assignment_value",
          "text": "pBuf[0] may be assigned 0xA4",
          "confidence": "high",
          "line": 17,
          "evidence": "pBuf[0] = 0xA4",
          "symbol": "pBuf[0]",
          "value": "0xA4"
        },
        {
          "kind": "assignment_value",
          "text": "pBuf[1] may be assigned 0x2B",
          "confidence": "high",
          "line": 18,
          "evidence": "pBuf[1] = 0x2B",
          "symbol": "pBuf[1]",
          "value": "0x2B"
        },
        {
          "kind": "assignment_value",
          "text": "pBuf[2] may be assigned 0xB1",
          "confidence": "high",
          "line": 19,
          "evidence": "pBuf[2] = 0xB1",
          "symbol": "pBuf[2]",
          "value": "0xB1"
        },
        {
          "kind": "assignment_value",
          "text": "pBuf[3] may be assigned 0xF2",
          "confidence": "high",
          "line": 20,
          "evidence": "pBuf[3] = 0xF2",
          "symbol": "pBuf[3]",
          "value": "0xF2"
        },
        {
          "kind": "assignment_value",
          "text": "pBuf[8] may be assigned 0x0D",
          "confidence": "high",
          "line": 25,
          "evidence": "pBuf[8] = 0x0D",
          "symbol": "pBuf[8]",
          "value": "0x0D"
        },
        {
          "kind": "assignment_value",
          "text": "cmdLen may be assigned 40",
          "confidence": "high",
          "line": 26,
          "evidence": "cmdLen = 40",
          "symbol": "cmdLen",
          "value": "40"
        },
        {
          "kind": "assignment_value",
          "text": "pBuf[8] may be assigned 0x0D",
          "confidence": "high",
          "line": 30,
          "evidence": "pBuf[8] = 0x0D",
          "symbol": "pBuf[8]",
          "value": "0x0D"
        },
        {
          "kind": "assignment_value",
          "text": "pBuf[17] may be assigned 1",
          "confidence": "high",
          "line": 33,
          "evidence": "pBuf[17] = 1",
          "symbol": "pBuf[17]",
          "value": "1"
        },
        {
          "kind": "assignment_value",
          "text": "pBuf[18] may be assigned 0xFF",
          "confidence": "high",
          "line": 34,
          "evidence": "pBuf[18] = 0xFF",
          "symbol": "pBuf[18]",
          "value": "0xFF"
        },
        {
          "kind": "assignment_value",
          "text": "pBuf[19] may be assigned 0xFF",
          "confidence": "high",
          "line": 35,
          "evidence": "pBuf[19] = 0xFF",
          "symbol": "pBuf[19]",
          "value": "0xFF"
        },
        {
          "kind": "assignment_value",
          "text": "pBuf[25] may be assigned 1",
          "confidence": "high",
          "line": 37,
          "evidence": "pBuf[25] = 1",
          "symbol": "pBuf[25]",
          "value": "1"
        },
        {
          "kind": "assignment_value",
          "text": "pBuf[26] may be assigned 0xFF",
          "confidence": "high",
          "line": 38,
          "evidence": "pBuf[26] = 0xFF",
          "symbol": "pBuf[26]",
          "value": "0xFF"
        },
        {
          "kind": "assignment_value",
          "text": "pBuf[27] may be assigned 0xFF",
          "confidence": "high",
          "line": 39,
          "evidence": "pBuf[27] = 0xFF",
          "symbol": "pBuf[27]",
          "value": "0xFF"
        },
        {
          "kind": "assignment_value",
          "text": "cmdLen may be assigned 40",
          "confidence": "high",
          "line": 41,
          "evidence": "cmdLen = 40",
          "symbol": "cmdLen",
          "value": "40"
        },
        {
          "kind": "assignment_value",
          "text": "pBuf[8] may be assigned 0x02",
          "confidence": "high",
          "line": 45,
          "evidence": "pBuf[8] = 0x02",
          "symbol": "pBuf[8]",
          "value": "0x02"
        },
        {
          "kind": "assignment_value",
          "text": "pBuf[13] may be assigned 0x20",
          "confidence": "high",
          "line": 46,
          "evidence": "pBuf[13] = 0x20",
          "symbol": "pBuf[13]",
          "value": "0x20"
        },
        {
          "kind": "assignment_value",
          "text": "pBuf[14] may be assigned 0x00",
          "confidence": "high",
          "line": 47,
          "evidence": "pBuf[14] = 0x00",
          "symbol": "pBuf[14]",
          "value": "0x00"
        },
        {
          "kind": "reset",
          "text": "pBuf[14] is reset to 0",
          "confidence": "high",
          "line": 47,
          "evidence": "pBuf[14] = 0x00",
          "symbol": "pBuf[14]"
        },
        {
          "kind": "assignment_value",
          "text": "pBuf[15] may be assigned 0x20",
          "confidence": "high",
          "line": 48,
          "evidence": "pBuf[15] = 0x20",
          "symbol": "pBuf[15]",
          "value": "0x20"
        },
        {
          "kind": "assignment_value",
          "text": "cmdLen may be assigned 4",
          "confidence": "high",
          "line": 49,
          "evidence": "cmdLen = 4",
          "symbol": "cmdLen",
          "value": "4"
        },
        {
          "kind": "assignment_value",
          "text": "pBuf[8] may be assigned 0x02",
          "confidence": "high",
          "line": 53,
          "evidence": "pBuf[8] = 0x02",
          "symbol": "pBuf[8]",
          "value": "0x02"
        },
        {
          "kind": "assignment_value",
          "text": "pBuf[14] may be assigned 0x00",
          "confidence": "high",
          "line": 55,
          "evidence": "pBuf[14] = 0x00",
          "symbol": "pBuf[14]",
          "value": "0x00"
        },
        {
          "kind": "reset",
          "text": "pBuf[14] is reset to 0",
          "confidence": "high",
          "line": 55,
          "evidence": "pBuf[14] = 0x00",
          "symbol": "pBuf[14]"
        },
        {
          "kind": "assignment_value",
          "text": "pBuf[15] may be assigned 0x20",
          "confidence": "high",
          "line": 56,
          "evidence": "pBuf[15] = 0x20",
          "symbol": "pBuf[15]",
          "value": "0x20"
        },
        {
          "kind": "assignment_value",
          "text": "cmdLen may be assigned 4",
          "confidence": "high",
          "line": 58,
          "evidence": "cmdLen = 4",
          "symbol": "cmdLen",
          "value": "4"
        },
        {
          "kind": "assignment_value",
          "text": "pBuf[8] may be assigned 0x1",
          "confidence": "high",
          "line": 62,
          "evidence": "pBuf[8] = 0x1",
          "symbol": "pBuf[8]",
          "value": "0x1"
        },
        {
          "kind": "assignment_value",
          "text": "cmdLen may be assigned 0",
          "confidence": "high",
          "line": 63,
          "evidence": "cmdLen = 0",
          "symbol": "cmdLen",
          "value": "0"
        },
        {
          "kind": "reset",
          "text": "cmdLen is reset to 0",
          "confidence": "high",
          "line": 63,
          "evidence": "cmdLen = 0",
          "symbol": "cmdLen"
        },
        {
          "kind": "assignment_value",
          "text": "pBuf[8] may be assigned 0xFE",
          "confidence": "high",
          "line": 67,
          "evidence": "pBuf[8] = 0xFE",
          "symbol": "pBuf[8]",
          "value": "0xFE"
        },
        {
          "kind": "assignment_value",
          "text": "cmdLen may be assigned 0",
          "confidence": "high",
          "line": 68,
          "evidence": "cmdLen = 0",
          "symbol": "cmdLen",
          "value": "0"
        },
        {
          "kind": "reset",
          "text": "cmdLen is reset to 0",
          "confidence": "high",
          "line": 68,
          "evidence": "cmdLen = 0",
          "symbol": "cmdLen"
        },
        {
          "kind": "assignment_value",
          "text": "valid may be assigned FALSE32",
          "confidence": "high",
          "line": 72,
          "evidence": "valid = FALSE32",
          "symbol": "valid",
          "value": "FALSE32"
        },
        {
          "kind": "assigned_value_set",
          "text": "cmdLen assigned values are subset of {0, 4, 40}",
          "confidence": "medium",
          "evidence": "literal/macro assignments",
          "symbol": "cmdLen",
          "values": [
            "0",
            "4",
            "40"
          ]
        },
        {
          "kind": "assigned_value_set",
          "text": "pBuf[8] assigned values are subset of {0x02, 0x0D, 0x1, 0xFE}",
          "confidence": "medium",
          "evidence": "literal/macro assignments",
          "symbol": "pBuf[8]",
          "values": [
            "0x02",
            "0x0D",
            "0x1",
            "0xFE"
          ]
        },
        {
          "kind": "assigned_value_set",
          "text": "valid assigned values are subset of {FALSE32, TRUE32}",
          "confidence": "medium",
          "evidence": "literal/macro assignments",
          "symbol": "valid",
          "values": [
            "FALSE32",
            "TRUE32"
          ]
        },
        {
          "kind": "modifies_symbols",
          "text": "function may assign symbols: chkSum, cmdLen, pBuf, pBuf[0], pBuf[10], pBuf[11], pBuf[13], pBuf[14], pBuf[15], pBuf[17], pBuf[18], pBuf[19], pBuf[1], pBuf[25], pBuf[26], pBuf[27], pBuf[2], pBuf[3], pBuf[4], pBuf[5], pBuf[6], pBuf[7], pBuf[8], pBuf[9], pkLen, valid",
          "confidence": "medium",
          "evidence": "assignments",
          "symbols": [
            "chkSum",
            "cmdLen",
            "pBuf",
            "pBuf[0]",
            "pBuf[10]",
            "pBuf[11]",
            "pBuf[13]",
            "pBuf[14]",
            "pBuf[15]",
            "pBuf[17]",
            "pBuf[18]",
            "pBuf[19]",
            "pBuf[1]",
            "pBuf[25]",
            "pBuf[26]",
            "pBuf[27]",
            "pBuf[2]",
            "pBuf[3]",
            "pBuf[4]",
            "pBuf[5]",
            "pBuf[6]",
            "pBuf[7]",
            "pBuf[8]",
            "pBuf[9]",
            "pkLen",
            "valid"
          ]
        }
      ],
      "summary": {
        "requires_observed": [
          "inside switch branch: cmdID",
          "inside if branch: valid == TRUE32"
        ],
        "modifies": [],
        "ensures_observed": [
          "chkSum in [0, 4294967295]",
          "cmdID in [0, 4294967295]",
          "cmdLen in [0, 4294967295]",
          "devNO in [0, 4294967295]",
          "pBuf in [0, 255]",
          "pBuf[0] in [164, 164]",
          "pBuf[13] in [32, 32]",
          "pBuf[14] in [0, 0]",
          "pBuf[15] in [32, 32]",
          "pBuf[17] in [1, 1]",
          "pBuf[18] in [255, 255]",
          "pBuf[19] in [255, 255]",
          "pBuf[1] in [43, 43]",
          "pBuf[25] in [1, 1]",
          "pBuf[26] in [255, 255]",
          "pBuf[27] in [255, 255]",
          "pBuf[2] in [177, 177]",
          "pBuf[3] in [242, 242]",
          "pBuf[8] in [1, 254]",
          "pkLen in [0, 4294967295]",
          "valid in [0, 4294967295]",
          "pkLen is reset to 0",
          "chkSum is reset to 0",
          "cmdLen is reset to 0",
          "pBuf[14] is reset to 0",
          "pBuf[14] is reset to 0",
          "cmdLen is reset to 0",
          "cmdLen is reset to 0",
          "cmdLen assigned values are subset of {0, 4, 40}",
          "pBuf[8] assigned values are subset of {0x02, 0x0D, 0x1, 0xFE}",
          "valid assigned values are subset of {FALSE32, TRUE32}"
        ],
        "calls": [
          "Memsetx",
          "UI32_HILO8",
          "UI32_LOHI8",
          "UI32_LOLO8",
          "CheckSumAdd08to32",
          "UI32_HIHI8",
          "UI32_HILO8",
          "UI32_LOHI8",
          "UI32_LOLO8"
        ],
        "undefined_calls": [
          "CheckSumAdd08to32",
          "Memsetx",
          "UI32_HIHI8",
          "UI32_HILO8",
          "UI32_LOHI8",
          "UI32_LOLO8"
        ]
      }
    }
  ],
  "relations": {
    "call_graph": [
      {
        "caller": "STSCmdPack",
        "callee": "Memsetx",
        "file": "/0526/Orbiter_flat_out/STSCmdPack/IP_STSCmdPack.c",
        "line": 15,
        "kind": "function",
        "resolved": false
      },
      {
        "caller": "STSCmdPack",
        "callee": "UI32_HILO8",
        "file": "/0526/Orbiter_flat_out/STSCmdPack/IP_STSCmdPack.c",
        "line": 78,
        "kind": "function",
        "resolved": false
      },
      {
        "caller": "STSCmdPack",
        "callee": "UI32_LOHI8",
        "file": "/0526/Orbiter_flat_out/STSCmdPack/IP_STSCmdPack.c",
        "line": 79,
        "kind": "function",
        "resolved": false
      },
      {
        "caller": "STSCmdPack",
        "callee": "UI32_LOLO8",
        "file": "/0526/Orbiter_flat_out/STSCmdPack/IP_STSCmdPack.c",
        "line": 80,
        "kind": "function",
        "resolved": false
      },
      {
        "caller": "STSCmdPack",
        "callee": "CheckSumAdd08to32",
        "file": "/0526/Orbiter_flat_out/STSCmdPack/IP_STSCmdPack.c",
        "line": 83,
        "kind": "function",
        "resolved": false
      },
      {
        "caller": "STSCmdPack",
        "callee": "UI32_HIHI8",
        "file": "/0526/Orbiter_flat_out/STSCmdPack/IP_STSCmdPack.c",
        "line": 84,
        "kind": "function",
        "resolved": false
      },
      {
        "caller": "STSCmdPack",
        "callee": "UI32_HILO8",
        "file": "/0526/Orbiter_flat_out/STSCmdPack/IP_STSCmdPack.c",
        "line": 85,
        "kind": "function",
        "resolved": false
      },
      {
        "caller": "STSCmdPack",
        "callee": "UI32_LOHI8",
        "file": "/0526/Orbiter_flat_out/STSCmdPack/IP_STSCmdPack.c",
        "line": 86,
        "kind": "function",
        "resolved": false
      },
      {
        "caller": "STSCmdPack",
        "callee": "UI32_LOLO8",
        "file": "/0526/Orbiter_flat_out/STSCmdPack/IP_STSCmdPack.c",
        "line": 87,
        "kind": "function",
        "resolved": false
      }
    ],
    "field_accesses": [],
    "state_transitions": [],
    "missing_local_includes": [],
    "unresolved_calls": {
      "CheckSumAdd08to32": [
        {
          "caller": "STSCmdPack",
          "file": "/0526/Orbiter_flat_out/STSCmdPack/IP_STSCmdPack.c",
          "line": 83
        }
      ],
      "Memsetx": [
        {
          "caller": "STSCmdPack",
          "file": "/0526/Orbiter_flat_out/STSCmdPack/IP_STSCmdPack.c",
          "line": 15
        }
      ],
      "UI32_HIHI8": [
        {
          "caller": "STSCmdPack",
          "file": "/0526/Orbiter_flat_out/STSCmdPack/IP_STSCmdPack.c",
          "line": 84
        }
      ],
      "UI32_HILO8": [
        {
          "caller": "STSCmdPack",
          "file": "/0526/Orbiter_flat_out/STSCmdPack/IP_STSCmdPack.c",
          "line": 78
        },
        {
          "caller": "STSCmdPack",
          "file": "/0526/Orbiter_flat_out/STSCmdPack/IP_STSCmdPack.c",
          "line": 85
        }
      ],
      "UI32_LOHI8": [
        {
          "caller": "STSCmdPack",
          "file": "/0526/Orbiter_flat_out/STSCmdPack/IP_STSCmdPack.c",
          "line": 79
        },
        {
          "caller": "STSCmdPack",
          "file": "/0526/Orbiter_flat_out/STSCmdPack/IP_STSCmdPack.c",
          "line": 86
        }
      ],
      "UI32_LOLO8": [
        {
          "caller": "STSCmdPack",
          "file": "/0526/Orbiter_flat_out/STSCmdPack/IP_STSCmdPack.c",
          "line": 80
        },
        {
          "caller": "STSCmdPack",
          "file": "/0526/Orbiter_flat_out/STSCmdPack/IP_STSCmdPack.c",
          "line": 87
        }
      ]
    }
  },
  "invariants": {
    "project": []
  }
}
