===== source2fsm batch debug =====
name: STSTransDataSave
source: IP_STSTransDataSave.c
source directory: /0526/Orbiter_flat_out/STSTransDataSave
output directory: /0526/Orbiter_flat_out/STSTransDataSave
copied input .c files:
  IP_STSTransDataSave.c
===== docker output =====
source-only mode: /work/input/IP_STSTransDataSave.c
source-only cfg
function "STSTransDataSave" found
nodes: 7
edges: 7
dot: /work/output/.STSTransDataSave.dot
cfg nodes:
  n0 [basic] unint32 pDst;
  n1 [if] if ( sSTSTran.ptr < 776 )
  n2 [basic] pDst = SRAM_BASE + STS_PK_UP + sSTSTran.ptr; | Memcpyx( (unint08*)pDst, sSTSTran.dataBuf, 248 ); | sSTSTran.ptr = sSTSTran.ptr + 248;
  n3 [terminal] return;
png: /work/output/STSTransDataSave.png
