===== source2fsm batch debug =====
name: STSOnOff
source: IP_STSOnOff.c
source directory: /0526/Orbiter_flat_out/STSOnOff
output directory: /0526/Orbiter_flat_out/STSOnOff
copied input .c files:
  IP_STSOnOff.c
===== docker output =====
source-only mode: /work/input/IP_STSOnOff.c
source-only cfg
function "STSOnOff" found
nodes: 9
edges: 10
dot: /work/output/.STSOnOff.dot
cfg nodes:
  n0 [basic] unint32 partID = 0; | unint32 bit = 0; | unint08 para = 0; | unint32 stsbit[8] = | 0, 1, 4, 5, 6, 7, 2, 3 | ; | partID = devNO - DEV_STSA;
  n1 [if] if ( act == OPEN )
  n2 [basic] bit = stsbit[partID*2] ;
  n3 [if] if ( act == CLOSE )
  n4 [basic] bit = stsbit[partID*2 + 1] ;
  n5 [terminal] UI08_BIT_SET( para, bit ); | sICUObj[0].cmdBuf[15] = para; | sICUObj[1].cmdBuf[15] = para; | return;
png: /work/output/STSOnOff.png
