# No-Compile Static Analysis Log

Root: /0526/Orbiter_flat_out/STSOnOff/IP_STSOnOff.c
Files: 1
Functions: 1
Call edges: 1
Field accesses: 0
Unresolved calls: 1
Missing local includes: 0
Function invariants: 16
Project invariants: 0

## Missing Local Includes
- none

## Duplicate Function Definitions
- none

## Unresolved Calls
- UI08_BIT_SET: STSOnOff@IP_STSOnOff.c:29

## Call Graph
- STSOnOff -> UI08_BIT_SET?

## State Transitions
- none

## Field Access Summary

## Project Invariants
- none

## Function Details
### STSOnOff (IP_STSOnOff.c:7)
- params: unint32 devNO, unint32 act
- locals: bit, para, partID
- calls: UI08_BIT_SET
- undefined_calls: UI08_BIT_SET
- reads: CLOSE, DEV_STSA, OPEN, stsbit
- writes: bit, cmdBuf, para, partID, stsbit
- summary.ensures_observed:
  - act in [0, 4294967295]
  - bit in [0, 4294967295]
  - cmdBuf[15] in [0, 255]
  - devNO in [0, 4294967295]
  - para in [0, 255]
  - partID in [0, 4294967295]
  - stsbit[8] in [0, 7]
  - partID is reset to 0
  - bit is reset to 0
  - para is reset to 0
- invariants:
  - [value_range/medium] act in [0, 4294967295] (type unint32)
  - [value_range/medium] bit in [0, 4294967295] (decl unint32@9; literal@9)
  - [value_range/medium] cmdBuf[15] in [0, 255] (known-symbol@31; known-symbol@32)
  - [value_range/medium] devNO in [0, 4294967295] (type unint32)
  - [value_range/medium] para in [0, 255] (decl unint08@10; literal@10)
  - [value_range/medium] partID in [0, 4294967295] (decl unint32@8; literal@8)
  - [value_range/medium] stsbit[8] in [0, 7] (numeric-expression@11)
  - [branch_condition/high]@16 inside if branch: act == OPEN (act == OPEN)
  - [branch_condition/high]@20 inside if branch: act == CLOSE (act == CLOSE)
  - [assignment_value/high]@8 partID may be assigned 0 (partID = 0)
  - [reset/high]@8 partID is reset to 0 (partID = 0)
  - [assignment_value/high]@9 bit may be assigned 0 (bit = 0)
  - [reset/high]@9 bit is reset to 0 (bit = 0)
  - [assignment_value/high]@10 para may be assigned 0 (para = 0)
  - [reset/high]@10 para is reset to 0 (para = 0)
  - [modifies_symbols/medium] function may assign symbols: bit, cmdBuf[15], para, partID, stsbit[8] (assignments)
- value_ranges:
  - act: [0, 4294967295] (type unint32)
  - bit: [0, 4294967295] (decl unint32@9; literal@9)
  - cmdBuf[15]: [0, 255] (known-symbol@31; known-symbol@32)
  - devNO: [0, 4294967295] (type unint32)
  - para: [0, 255] (decl unint08@10; literal@10)
  - partID: [0, 4294967295] (decl unint32@8; literal@8)
  - stsbit[8]: [0, 7] (numeric-expression@11)
- conditions:
  - if@16: act == OPEN
  - if@20: act == CLOSE
- assignments:
  - 8: partID = <literal/unknown>
  - 9: bit = <literal/unknown>
  - 10: para = <literal/unknown>
  - 11: stsbit[8] = <literal/unknown>
  - 14: partID = DEV_STSA,devNO
  - 18: bit = partID,stsbit
  - 22: bit = partID,stsbit
  - 31: cmdBuf[15] = para
  - 32: cmdBuf[15] = para

## JSON
{
  "root": "/0526/Orbiter_flat_out/STSOnOff/IP_STSOnOff.c",
  "files": [
    {
      "file": "/0526/Orbiter_flat_out/STSOnOff/IP_STSOnOff.c",
      "lines": 36,
      "includes": [
        {
          "name": "IP_STSOnOff.h",
          "kind": "local",
          "line": 1,
          "resolved": "/0526/Orbiter_flat_out/STSOnOff/IP_STSOnOff.h"
        }
      ],
      "macros": [],
      "typedefs": [],
      "globals": [],
      "functions": [
        {
          "name": "STSOnOff",
          "line": 7,
          "params": [
            "unint32 devNO",
            "unint32 act"
          ]
        }
      ]
    }
  ],
  "summary": {
    "file_count": 1,
    "function_count": 1,
    "defined_function_count": 1,
    "declared_function_count": 0,
    "macro_count": 0,
    "typedef_count": 0,
    "global_count": 0,
    "call_edge_count": 1,
    "unresolved_call_count": 1,
    "field_access_count": 0,
    "missing_local_include_count": 0,
    "function_invariant_count": 16,
    "project_invariant_count": 0
  },
  "symbols": {
    "defined_functions": {
      "STSOnOff": [
        {
          "file": "/0526/Orbiter_flat_out/STSOnOff/IP_STSOnOff.c",
          "line": 7
        }
      ]
    },
    "declared_functions": {},
    "macros": {},
    "typedefs": {},
    "enum_constants": [],
    "globals": {},
    "struct_fields": {},
    "duplicate_functions": {}
  },
  "functions": [
    {
      "file": "/0526/Orbiter_flat_out/STSOnOff/IP_STSOnOff.c",
      "name": "STSOnOff",
      "line": 7,
      "return_type": "void",
      "params": [
        "unint32 devNO",
        "unint32 act"
      ],
      "locals": [
        "bit",
        "para",
        "partID"
      ],
      "calls": [
        {
          "name": "UI08_BIT_SET",
          "line": 29,
          "kind": "function",
          "resolved": false
        }
      ],
      "assignments": [
        {
          "line": 8,
          "lhs": "partID",
          "operator": "=",
          "rhs": "0",
          "rhs_identifiers": []
        },
        {
          "line": 9,
          "lhs": "bit",
          "operator": "=",
          "rhs": "0",
          "rhs_identifiers": []
        },
        {
          "line": 10,
          "lhs": "para",
          "operator": "=",
          "rhs": "0",
          "rhs_identifiers": []
        },
        {
          "line": 11,
          "lhs": "stsbit[8]",
          "operator": "=",
          "rhs": "{ 0, 1, 4, 5, 6, 7, 2, 3 }",
          "rhs_identifiers": []
        },
        {
          "line": 14,
          "lhs": "partID",
          "operator": "=",
          "rhs": "devNO - DEV_STSA",
          "rhs_identifiers": [
            "DEV_STSA",
            "devNO"
          ]
        },
        {
          "line": 18,
          "lhs": "bit",
          "operator": "=",
          "rhs": "stsbit[partID*2]",
          "rhs_identifiers": [
            "partID",
            "stsbit"
          ]
        },
        {
          "line": 22,
          "lhs": "bit",
          "operator": "=",
          "rhs": "stsbit[partID*2 + 1]",
          "rhs_identifiers": [
            "partID",
            "stsbit"
          ]
        },
        {
          "line": 31,
          "lhs": "cmdBuf[15]",
          "operator": "=",
          "rhs": "para",
          "rhs_identifiers": [
            "para"
          ]
        },
        {
          "line": 32,
          "lhs": "cmdBuf[15]",
          "operator": "=",
          "rhs": "para",
          "rhs_identifiers": [
            "para"
          ]
        }
      ],
      "conditions": [
        {
          "line": 16,
          "kind": "if",
          "expression": "act == OPEN",
          "identifiers": [
            "OPEN",
            "act"
          ]
        },
        {
          "line": 20,
          "kind": "if",
          "expression": "act == CLOSE",
          "identifiers": [
            "CLOSE",
            "act"
          ]
        }
      ],
      "switch_cases": [],
      "field_accesses": [],
      "returns": [
        {
          "line": 34,
          "expression": "",
          "identifiers": []
        }
      ],
      "macro_uses": [
        {
          "name": "CLOSE",
          "line": 20,
          "known": false
        },
        {
          "name": "DEV_STSA",
          "line": 14,
          "known": false
        },
        {
          "name": "OPEN",
          "line": 16,
          "known": false
        },
        {
          "name": "UI08_BIT_SET",
          "line": 29,
          "known": false
        }
      ],
      "type_uses": [],
      "value_ranges": [
        {
          "symbol": "act",
          "range": "[0, 4294967295]",
          "min": 0.0,
          "max": 4294967295.0,
          "evidence": [
            "type unint32"
          ]
        },
        {
          "symbol": "bit",
          "range": "[0, 4294967295]",
          "min": 0.0,
          "max": 4294967295.0,
          "evidence": [
            "decl unint32@9",
            "literal@9"
          ]
        },
        {
          "symbol": "cmdBuf[15]",
          "range": "[0, 255]",
          "min": 0.0,
          "max": 255.0,
          "evidence": [
            "known-symbol@31",
            "known-symbol@32"
          ]
        },
        {
          "symbol": "devNO",
          "range": "[0, 4294967295]",
          "min": 0.0,
          "max": 4294967295.0,
          "evidence": [
            "type unint32"
          ]
        },
        {
          "symbol": "para",
          "range": "[0, 255]",
          "min": 0.0,
          "max": 255.0,
          "evidence": [
            "decl unint08@10",
            "literal@10"
          ]
        },
        {
          "symbol": "partID",
          "range": "[0, 4294967295]",
          "min": 0.0,
          "max": 4294967295.0,
          "evidence": [
            "decl unint32@8",
            "literal@8"
          ]
        },
        {
          "symbol": "stsbit[8]",
          "range": "[0, 7]",
          "min": 0.0,
          "max": 7.0,
          "evidence": [
            "numeric-expression@11"
          ]
        }
      ],
      "condition_ranges": [],
      "reads": [
        "CLOSE",
        "DEV_STSA",
        "OPEN",
        "stsbit"
      ],
      "writes": [
        "bit",
        "cmdBuf",
        "para",
        "partID",
        "stsbit"
      ],
      "global_reads": [],
      "global_writes": [],
      "input_fields": [],
      "output_fields": [],
      "undefined_calls": [
        "UI08_BIT_SET"
      ],
      "invariants": [
        {
          "kind": "value_range",
          "text": "act in [0, 4294967295]",
          "confidence": "medium",
          "evidence": "type unint32",
          "symbol": "act",
          "min": 0.0,
          "max": 4294967295.0
        },
        {
          "kind": "value_range",
          "text": "bit in [0, 4294967295]",
          "confidence": "medium",
          "evidence": "decl unint32@9; literal@9",
          "symbol": "bit",
          "min": 0.0,
          "max": 4294967295.0
        },
        {
          "kind": "value_range",
          "text": "cmdBuf[15] in [0, 255]",
          "confidence": "medium",
          "evidence": "known-symbol@31; known-symbol@32",
          "symbol": "cmdBuf[15]",
          "min": 0.0,
          "max": 255.0
        },
        {
          "kind": "value_range",
          "text": "devNO in [0, 4294967295]",
          "confidence": "medium",
          "evidence": "type unint32",
          "symbol": "devNO",
          "min": 0.0,
          "max": 4294967295.0
        },
        {
          "kind": "value_range",
          "text": "para in [0, 255]",
          "confidence": "medium",
          "evidence": "decl unint08@10; literal@10",
          "symbol": "para",
          "min": 0.0,
          "max": 255.0
        },
        {
          "kind": "value_range",
          "text": "partID in [0, 4294967295]",
          "confidence": "medium",
          "evidence": "decl unint32@8; literal@8",
          "symbol": "partID",
          "min": 0.0,
          "max": 4294967295.0
        },
        {
          "kind": "value_range",
          "text": "stsbit[8] in [0, 7]",
          "confidence": "medium",
          "evidence": "numeric-expression@11",
          "symbol": "stsbit[8]",
          "min": 0.0,
          "max": 7.0
        },
        {
          "kind": "branch_condition",
          "text": "inside if branch: act == OPEN",
          "confidence": "high",
          "line": 16,
          "evidence": "act == OPEN",
          "identifiers": [
            "OPEN",
            "act"
          ]
        },
        {
          "kind": "branch_condition",
          "text": "inside if branch: act == CLOSE",
          "confidence": "high",
          "line": 20,
          "evidence": "act == CLOSE",
          "identifiers": [
            "CLOSE",
            "act"
          ]
        },
        {
          "kind": "assignment_value",
          "text": "partID may be assigned 0",
          "confidence": "high",
          "line": 8,
          "evidence": "partID = 0",
          "symbol": "partID",
          "value": "0"
        },
        {
          "kind": "reset",
          "text": "partID is reset to 0",
          "confidence": "high",
          "line": 8,
          "evidence": "partID = 0",
          "symbol": "partID"
        },
        {
          "kind": "assignment_value",
          "text": "bit may be assigned 0",
          "confidence": "high",
          "line": 9,
          "evidence": "bit = 0",
          "symbol": "bit",
          "value": "0"
        },
        {
          "kind": "reset",
          "text": "bit is reset to 0",
          "confidence": "high",
          "line": 9,
          "evidence": "bit = 0",
          "symbol": "bit"
        },
        {
          "kind": "assignment_value",
          "text": "para may be assigned 0",
          "confidence": "high",
          "line": 10,
          "evidence": "para = 0",
          "symbol": "para",
          "value": "0"
        },
        {
          "kind": "reset",
          "text": "para is reset to 0",
          "confidence": "high",
          "line": 10,
          "evidence": "para = 0",
          "symbol": "para"
        },
        {
          "kind": "modifies_symbols",
          "text": "function may assign symbols: bit, cmdBuf[15], para, partID, stsbit[8]",
          "confidence": "medium",
          "evidence": "assignments",
          "symbols": [
            "bit",
            "cmdBuf[15]",
            "para",
            "partID",
            "stsbit[8]"
          ]
        }
      ],
      "summary": {
        "requires_observed": [
          "inside if branch: act == OPEN",
          "inside if branch: act == CLOSE"
        ],
        "modifies": [],
        "ensures_observed": [
          "act in [0, 4294967295]",
          "bit in [0, 4294967295]",
          "cmdBuf[15] in [0, 255]",
          "devNO in [0, 4294967295]",
          "para in [0, 255]",
          "partID in [0, 4294967295]",
          "stsbit[8] in [0, 7]",
          "partID is reset to 0",
          "bit is reset to 0",
          "para is reset to 0"
        ],
        "calls": [
          "UI08_BIT_SET"
        ],
        "undefined_calls": [
          "UI08_BIT_SET"
        ]
      }
    }
  ],
  "relations": {
    "call_graph": [
      {
        "caller": "STSOnOff",
        "callee": "UI08_BIT_SET",
        "file": "/0526/Orbiter_flat_out/STSOnOff/IP_STSOnOff.c",
        "line": 29,
        "kind": "function",
        "resolved": false
      }
    ],
    "field_accesses": [],
    "state_transitions": [],
    "missing_local_includes": [],
    "unresolved_calls": {
      "UI08_BIT_SET": [
        {
          "caller": "STSOnOff",
          "file": "/0526/Orbiter_flat_out/STSOnOff/IP_STSOnOff.c",
          "line": 29
        }
      ]
    }
  },
  "invariants": {
    "project": []
  }
}
