// ACSL spec block 1

/*@
requires \valid(pPhasePara);
requires \valid(pPhasePara + 0);
requires \valid(pPhasePara + 1);
requires \valid(pPhasePara + 2);
assigns sAttMnvr.ar,
sAttMnvr.dphair,
sAttMnvr.phair,
sAttMnvr.dEuler,
sAttMnvr.qtm0,
sAttMnvr.Ctm0,
sAttPub.qti,
sAttPub.wti,
sAttPub.woitemp,
sAttPub.qoitemp,
sMWCtrl.UnLoadMode,
sMWCtrl.F_ WheelSaturation,
sMWCtrl.F_AttOutLmt,
sMWCtrl.outCnt,
sMWCtrl.inCnt,
SMWCtrl.i,
sMWCtrl.ih,
sMWDev,
sJetCtrl.Region,
sJetCtrl.FJB,
sJetctrl.TJ,
sJetCtrl.TJpst,
sJetCtrl.ThetaC_pst,
sAttCtrl.ang,
sAttCtrl.rate,
sAttCtrl.e,
sAttCtrl.de,
sAttJet.qti jet,
sAttJet.wti jet,
sAttJet.qs_jet,
sAttJet.ws jet,
sAttJet.angr_jet,
sAttJet.dAngr_jet,
sAttJet.Cjet,
sMWData.vf,
sMWCtrl.X,
sMWCtrl.filter; // needs review
ensures \true,// complex control logic with side effects on global state
*/
