# No-Compile Static Analysis Log

Root: /AttMnvrMain/IP_AttMnvrMain.c
Files: 1
Functions: 2
Call edges: 18
Field accesses: 67
Unresolved calls: 12
Missing local includes: 0
Function invariants: 38
Project invariants: 22

## Missing Local Includes
- none

## Duplicate Function Definitions
- none

## Unresolved Calls
- Cosx: AttMnvrMain@IP_AttMnvrMain.c:68
- IN_RANGE_CLOSE: AttMnvrMain@IP_AttMnvrMain.c:77
- MatrixMulti331: AttMnvrMain@IP_AttMnvrMain.c:84
- ModZ2P: targetTrack@IP_AttMnvrMain.c:50
- Q2C: AttMnvrMain@IP_AttMnvrMain.c:81
- QMulti: AttMnvrMain@IP_AttMnvrMain.c:79, AttMnvrMain@IP_AttMnvrMain.c:80, AttMnvrMain@IP_AttMnvrMain.c:89
- SQUARE: targetTrack@IP_AttMnvrMain.c:26, targetTrack@IP_AttMnvrMain.c:32, targetTrack@IP_AttMnvrMain.c:40
- Sgn2: targetTrack@IP_AttMnvrMain.c:14
- Sinx: AttMnvrMain@IP_AttMnvrMain.c:67
- UI8_LO4: AttMnvrMain@IP_AttMnvrMain.c:62
- VectorAdd3: AttMnvrMain@IP_AttMnvrMain.c:85
- VectorScalar3: AttMnvrMain@IP_AttMnvrMain.c:83, AttMnvrMain@IP_AttMnvrMain.c:90

## Call Graph
- AttMnvrMain -> Cosx?, IN_RANGE_CLOSE?, MatrixMulti331?, Q2C?, QMulti? x3, Sinx?, UI8_LO4?, VectorAdd3?, VectorScalar3? x2, targetTrack
- targetTrack -> ModZ2P?, SQUARE? x3, Sgn2?

## State Transitions
- AttMnvrMain IP_AttMnvrMain.c:62 workmode := UI8_LO4, WorkMode

## Field Access Summary
- sAttMnvr.Ctm0: read=2 write=0 read_write=0 functions=AttMnvrMain
- sAttMnvr.F_AttManeuInVVLH: read=1 write=0 read_write=0 functions=AttMnvrMain
- sAttMnvr.amax: read=4 write=0 read_write=0 functions=targetTrack
- sAttMnvr.ar: read=4 write=5 read_write=0 functions=targetTrack
- sAttMnvr.dEuler: read=1 write=2 read_write=0 functions=targetTrack
- sAttMnvr.dphair: read=3 write=5 read_write=0 functions=AttMnvrMain,targetTrack
- sAttMnvr.e: read=5 write=0 read_write=0 functions=AttMnvrMain
- sAttMnvr.phaim: read=4 write=0 read_write=0 functions=targetTrack
- sAttMnvr.phaim0: read=1 write=0 read_write=0 functions=targetTrack
- sAttMnvr.phair: read=3 write=5 read_write=0 functions=AttMnvrMain,targetTrack
- sAttMnvr.qb0: read=2 write=0 read_write=0 functions=AttMnvrMain
- sAttMnvr.qtm0: read=3 write=0 read_write=0 functions=AttMnvrMain
- sAttMnvr.tm1: read=4 write=0 read_write=0 functions=targetTrack
- sAttMnvr.tm2: read=1 write=0 read_write=0 functions=targetTrack
- sAttMnvr.tm3: read=2 write=0 read_write=0 functions=targetTrack
- sAttMnvr.tmstar: read=1 write=0 read_write=0 functions=targetTrack
- sAttPub.qoitemp: read=1 write=0 read_write=0 functions=AttMnvrMain
- sAttPub.qti: read=2 write=0 read_write=0 functions=AttMnvrMain
- sAttPub.woitemp: read=1 write=0 read_write=0 functions=AttMnvrMain
- sAttPub.wti: read=4 write=0 read_write=0 functions=AttMnvrMain
- sTime.tDbl: read=1 write=0 read_write=0 functions=targetTrack

## Project Invariants
- [project_input_field/medium] sAttMnvr.Ctm0 is only read by AttMnvrMain (field summary)
- [project_input_field/medium] sAttMnvr.F_AttManeuInVVLH is only read by AttMnvrMain (field summary)
- [project_input_field/medium] sAttMnvr.amax is only read by targetTrack (field summary)
- [project_state_field/medium] sAttMnvr.ar is read and written (field summary)
- [project_state_field/medium] sAttMnvr.dEuler is read and written (field summary)
- [project_state_field/medium] sAttMnvr.dphair is read and written (field summary)
- [project_input_field/medium] sAttMnvr.e is only read by AttMnvrMain (field summary)
- [project_input_field/medium] sAttMnvr.phaim is only read by targetTrack (field summary)
- [project_input_field/medium] sAttMnvr.phaim0 is only read by targetTrack (field summary)
- [project_state_field/medium] sAttMnvr.phair is read and written (field summary)
- [project_input_field/medium] sAttMnvr.qb0 is only read by AttMnvrMain (field summary)
- [project_input_field/medium] sAttMnvr.qtm0 is only read by AttMnvrMain (field summary)
- [project_input_field/medium] sAttMnvr.tm1 is only read by targetTrack (field summary)
- [project_input_field/medium] sAttMnvr.tm2 is only read by targetTrack (field summary)
- [project_input_field/medium] sAttMnvr.tm3 is only read by targetTrack (field summary)
- [project_input_field/medium] sAttMnvr.tmstar is only read by targetTrack (field summary)
- [project_input_field/medium] sAttPub.qoitemp is only read by AttMnvrMain (field summary)
- [project_input_field/medium] sAttPub.qti is only read by AttMnvrMain (field summary)
- [project_input_field/medium] sAttPub.woitemp is only read by AttMnvrMain (field summary)
- [project_input_field/medium] sAttPub.wti is only read by AttMnvrMain (field summary)
- [project_input_field/medium] sTime.tDbl is only read by targetTrack (field summary)
- [project_state_transition_set/medium] workmode transitions target values subset of {UI8_LO4, WorkMode} (state transition assignments)

## Function Details
### targetTrack (IP_AttMnvrMain.c:7)
- params: void
- locals: dt, sign, tm
- calls: Sgn2, SQUARE, SQUARE, SQUARE, ModZ2P
- undefined_calls: ModZ2P, SQUARE, Sgn2
- reads: DBL_PI, ModZ2P, SQUARE, Sgn2, amax, ar, dEuler, dphair, phaim, phaim0, phair, sAttMnvr, sTime, tDbl, tm1, tm2, tm3, tmstar
- writes: dt, sAttMnvr, sign, tm
- summary.modifies: sAttMnvr.ar, sAttMnvr.dEuler, sAttMnvr.dphair, sAttMnvr.phair
- summary.ensures_observed:
  - dt in [-1.79769e+308, 1.79769e+308]
  - sAttMnvr.ar in [0, 0]
  - sAttMnvr.dphair in [0, 0]
  - sAttMnvr.phair in [0, 0]
  - sign in [-1.79769e+308, 1.79769e+308]
  - tm in [-1.79769e+308, 1.79769e+308]
  - dt is reset to 0
  - sAttMnvr.ar is reset to 0
  - sAttMnvr.dphair is reset to 0
  - sAttMnvr.phair is reset to 0
  - sAttMnvr.ar is reset to 0
  - sAttMnvr.ar is reset to 0
  - sAttMnvr.dphair is reset to 0
- invariants:
  - [value_range/medium] dt in [-1.79769e+308, 1.79769e+308] (decl float64@9; literal@9)
  - [value_range/medium] sAttMnvr.ar in [0, 0] (literal@18; literal@30; literal@44)
  - [value_range/medium] sAttMnvr.dphair in [0, 0] (literal@19; literal@45)
  - [value_range/medium] sAttMnvr.phair in [0, 0] (literal@20)
  - [value_range/medium] sign in [-1.79769e+308, 1.79769e+308] (decl float64@10)
  - [value_range/medium] tm in [-1.79769e+308, 1.79769e+308] (decl float64@8)
  - [condition_range/high]@16 tm in [-1.79769e+308, -1] when tm < 0.0 (tm < 0.0)
  - [branch_condition/high]@16 inside if branch: tm < 0.0 (tm < 0.0)
  - [branch_condition/high]@22 inside if branch: tm < sAttMnvr.tm1 (tm < sAttMnvr.tm1)
  - [branch_condition/high]@28 inside if branch: tm < sAttMnvr.tm2 (tm < sAttMnvr.tm2)
  - [branch_condition/high]@34 inside if branch: tm < sAttMnvr.tm3 (tm < sAttMnvr.tm3)
  - [assignment_value/high]@9 dt may be assigned 0.0 (dt = 0.0)
  - [reset/high]@9 dt is reset to 0 (dt = 0.0)
  - [assignment_value/high]@18 sAttMnvr.ar may be assigned 0.0 (sAttMnvr.ar = 0.0)
  - [reset/high]@18 sAttMnvr.ar is reset to 0 (sAttMnvr.ar = 0.0)
  - [assignment_value/high]@19 sAttMnvr.dphair may be assigned 0.0 (sAttMnvr.dphair = 0.0)
  - [reset/high]@19 sAttMnvr.dphair is reset to 0 (sAttMnvr.dphair = 0.0)
  - [assignment_value/high]@20 sAttMnvr.phair may be assigned 0.0 (sAttMnvr.phair = 0.0)
  - [reset/high]@20 sAttMnvr.phair is reset to 0 (sAttMnvr.phair = 0.0)
  - [assignment_value/high]@30 sAttMnvr.ar may be assigned 0.0 (sAttMnvr.ar = 0.0)
  - [reset/high]@30 sAttMnvr.ar is reset to 0 (sAttMnvr.ar = 0.0)
  - [assignment_value/high]@44 sAttMnvr.ar may be assigned 0.0 (sAttMnvr.ar = 0.0)
  - [reset/high]@44 sAttMnvr.ar is reset to 0 (sAttMnvr.ar = 0.0)
  - [assignment_value/high]@45 sAttMnvr.dphair may be assigned 0.0 (sAttMnvr.dphair = 0.0)
  - [reset/high]@45 sAttMnvr.dphair is reset to 0 (sAttMnvr.dphair = 0.0)
  - [modifies_fields/high] function may modify fields: sAttMnvr.ar, sAttMnvr.dEuler, sAttMnvr.dphair, sAttMnvr.phair (field writes)
  - [reads_fields/high] function may read fields: sAttMnvr.amax, sAttMnvr.ar, sAttMnvr.dEuler, sAttMnvr.dphair, sAttMnvr.phaim, sAttMnvr.phaim0, sAttMnvr.phair, sAttMnvr.tm1, sAttMnvr.tm2, sAttMnvr.tm3, sAttMnvr.tmstar, sTime.tDbl (field reads)
  - [modifies_symbols/medium] function may assign symbols: dt, sAttMnvr.ar, sAttMnvr.dEuler, sAttMnvr.dphair, sAttMnvr.phair, sign, tm (assignments)
- value_ranges:
  - dt: [-1.79769e+308, 1.79769e+308] (decl float64@9; literal@9)
  - sAttMnvr.ar: [0, 0] (literal@18; literal@30; literal@44)
  - sAttMnvr.dphair: [0, 0] (literal@19; literal@45)
  - sAttMnvr.phair: [0, 0] (literal@20)
  - sign: [-1.79769e+308, 1.79769e+308] (decl float64@10)
  - tm: [-1.79769e+308, 1.79769e+308] (decl float64@8)
- condition_ranges:
  - tm: [-1.79769e+308, -1] when tm < 0.0@16
- conditions:
  - if@16: tm < 0.0
  - if@22: tm < sAttMnvr.tm1
  - if@28: tm < sAttMnvr.tm2
  - if@34: tm < sAttMnvr.tm3
- assignments:
  - 9: dt = <literal/unknown>
  - 12: tm = sAttMnvr,sTime,tDbl,tmstar
  - 14: sign = Sgn2,phaim,sAttMnvr
  - 18: sAttMnvr.ar = <literal/unknown>
  - 19: sAttMnvr.dphair = <literal/unknown>
  - 20: sAttMnvr.phair = <literal/unknown>
  - 24: sAttMnvr.ar = amax,sAttMnvr,sign
  - 25: sAttMnvr.dphair = ar,sAttMnvr,tm
  - 26: sAttMnvr.phair = SQUARE,ar,sAttMnvr,tm
  - 30: sAttMnvr.ar = <literal/unknown>
  - 31: sAttMnvr.dphair = amax,sAttMnvr,sign,tm1
  - 32: sAttMnvr.phair = SQUARE,amax,dphair,phaim0,sAttMnvr,sign,tm,tm1
  - 36: dt = sAttMnvr,tm,tm3
  - 38: sAttMnvr.ar = amax,sAttMnvr,sign
  - 39: sAttMnvr.dphair = ar,dt,sAttMnvr
  - 40: sAttMnvr.phair = SQUARE,ar,dt,phaim,sAttMnvr
  - 44: sAttMnvr.ar = <literal/unknown>
  - 45: sAttMnvr.dphair = <literal/unknown>
  - 46: sAttMnvr.phair = phaim,sAttMnvr
  - 49: sAttMnvr.dEuler = phaim,phair,sAttMnvr
  - 50: sAttMnvr.dEuler = DBL_PI,ModZ2P,dEuler,sAttMnvr

### AttMnvrMain (IP_AttMnvrMain.c:56)
- params: void
- locals: Cw, cX, qtm, sX, workmode
- calls: UI8_LO4, targetTrack, Sinx, Cosx, IN_RANGE_CLOSE, QMulti, QMulti, Q2C, VectorScalar3, MatrixMulti331, VectorAdd3, QMulti, VectorScalar3
- undefined_calls: Cosx, IN_RANGE_CLOSE, MatrixMulti331, Q2C, QMulti, Sinx, UI8_LO4, VectorAdd3, VectorScalar3
- reads: Cosx, F_AttManeuInVVLH, IN_RANGE_CLOSE, Sinx, UI8_LO4, WorkMode, e, phair, sAttMnvr
- writes: cX, qtm, sX, workmode
- summary.ensures_observed:
  - Cw in [-1.79769e+308, 1.79769e+308]
  - cX in [-1.79769e+308, 1.79769e+308]
  - qtm in [-1.79769e+308, 1.79769e+308]
  - qtm[3] in [-1.79769e+308, 1.79769e+308]
  - sX in [-1.79769e+308, 1.79769e+308]
  - workmode in [0, 4294967295]
- invariants:
  - [value_range/medium] Cw in [-1.79769e+308, 1.79769e+308] (decl float64@58)
  - [value_range/medium] cX in [-1.79769e+308, 1.79769e+308] (decl float64@59)
  - [value_range/medium] qtm in [-1.79769e+308, 1.79769e+308] (decl float64@57)
  - [value_range/medium] qtm[3] in [-1.79769e+308, 1.79769e+308] (known-symbol@74)
  - [value_range/medium] sX in [-1.79769e+308, 1.79769e+308] (decl float64@59)
  - [value_range/medium] workmode in [0, 4294967295] (decl unint32@60)
  - [condition_range/high]@77 sAttMnvr.F_AttManeuInVVLH in [1, 1] when sAttMnvr.F_AttManeuInVVLH == 1 (sAttMnvr.F_AttManeuInVVLH == 1)
  - [branch_condition/high]@77 inside if branch: ( IN_RANGE_CLOSE( workmode, 7, 11 ) ) && ( sAttMnvr.F_AttManeuInVVLH == 1 ) (( IN_RANGE_CLOSE( workmode, 7, 11 ) ) && ( sAttMnvr.F_AttManeuInVVLH == 1 ))
  - [reads_fields/high] function may read fields: sAttMnvr.Ctm0, sAttMnvr.F_AttManeuInVVLH, sAttMnvr.dphair, sAttMnvr.e, sAttMnvr.phair, sAttMnvr.qb0, sAttMnvr.qtm0, sAttPub.qoitemp, sAttPub.qti, sAttPub.woitemp, sAttPub.wti (field reads)
  - [modifies_symbols/medium] function may assign symbols: cX, qtm[0], qtm[1], qtm[2], qtm[3], sX, workmode (assignments)
- value_ranges:
  - Cw: [-1.79769e+308, 1.79769e+308] (decl float64@58)
  - cX: [-1.79769e+308, 1.79769e+308] (decl float64@59)
  - qtm: [-1.79769e+308, 1.79769e+308] (decl float64@57)
  - qtm[3]: [-1.79769e+308, 1.79769e+308] (known-symbol@74)
  - sX: [-1.79769e+308, 1.79769e+308] (decl float64@59)
  - workmode: [0, 4294967295] (decl unint32@60)
- condition_ranges:
  - sAttMnvr.F_AttManeuInVVLH: [1, 1] when sAttMnvr.F_AttManeuInVVLH == 1@77
- conditions:
  - if@77: ( IN_RANGE_CLOSE( workmode, 7, 11 ) ) && ( sAttMnvr.F_AttManeuInVVLH == 1 )
- assignments:
  - 62: workmode = UI8_LO4,WorkMode
  - 67: sX = Sinx,phair,sAttMnvr
  - 68: cX = Cosx,phair,sAttMnvr
  - 71: qtm[0] = e,sAttMnvr,sX
  - 72: qtm[1] = e,sAttMnvr,sX
  - 73: qtm[2] = e,sAttMnvr,sX
  - 74: qtm[3] = cX

## JSON
{
  "root": "/AttMnvrMain/IP_AttMnvrMain.c",
  "files": [
    {
      "file": "/AttMnvrMain/IP_AttMnvrMain.c",
      "lines": 95,
      "includes": [
        {
          "name": "IP_AttMnvrMain.h",
          "kind": "local",
          "line": 1,
          "resolved": "/AttMnvrMain/IP_AttMnvrMain.h"
        }
      ],
      "macros": [],
      "typedefs": [],
      "globals": [],
      "functions": [
        {
          "name": "targetTrack",
          "line": 7,
          "params": []
        },
        {
          "name": "AttMnvrMain",
          "line": 56,
          "params": []
        }
      ]
    }
  ],
  "summary": {
    "file_count": 1,
    "function_count": 2,
    "defined_function_count": 2,
    "declared_function_count": 0,
    "macro_count": 0,
    "typedef_count": 0,
    "global_count": 0,
    "call_edge_count": 18,
    "unresolved_call_count": 12,
    "field_access_count": 67,
    "missing_local_include_count": 0,
    "function_invariant_count": 38,
    "project_invariant_count": 22
  },
  "symbols": {
    "defined_functions": {
      "targetTrack": [
        {
          "file": "/AttMnvrMain/IP_AttMnvrMain.c",
          "line": 7
        }
      ],
      "AttMnvrMain": [
        {
          "file": "/AttMnvrMain/IP_AttMnvrMain.c",
          "line": 56
        }
      ]
    },
    "declared_functions": {},
    "macros": {},
    "typedefs": {},
    "enum_constants": [],
    "globals": {},
    "struct_fields": {},
    "duplicate_functions": {}
  },
  "functions": [
    {
      "file": "/AttMnvrMain/IP_AttMnvrMain.c",
      "name": "targetTrack",
      "line": 7,
      "return_type": "void",
      "params": [],
      "locals": [
        "dt",
        "sign",
        "tm"
      ],
      "calls": [
        {
          "name": "Sgn2",
          "line": 14,
          "kind": "function",
          "resolved": false
        },
        {
          "name": "SQUARE",
          "line": 26,
          "kind": "function",
          "resolved": false
        },
        {
          "name": "SQUARE",
          "line": 32,
          "kind": "function",
          "resolved": false
        },
        {
          "name": "SQUARE",
          "line": 40,
          "kind": "function",
          "resolved": false
        },
        {
          "name": "ModZ2P",
          "line": 50,
          "kind": "function",
          "resolved": false
        }
      ],
      "assignments": [
        {
          "line": 9,
          "lhs": "dt",
          "operator": "=",
          "rhs": "0.0",
          "rhs_identifiers": []
        },
        {
          "line": 12,
          "lhs": "tm",
          "operator": "=",
          "rhs": "sTime.tDbl - sAttMnvr.tmstar",
          "rhs_identifiers": [
            "sAttMnvr",
            "sTime",
            "tDbl",
            "tmstar"
          ]
        },
        {
          "line": 14,
          "lhs": "sign",
          "operator": "=",
          "rhs": "Sgn2(sAttMnvr.phaim)",
          "rhs_identifiers": [
            "Sgn2",
            "phaim",
            "sAttMnvr"
          ]
        },
        {
          "line": 18,
          "lhs": "sAttMnvr.ar",
          "operator": "=",
          "rhs": "0.0",
          "rhs_identifiers": []
        },
        {
          "line": 19,
          "lhs": "sAttMnvr.dphair",
          "operator": "=",
          "rhs": "0.0",
          "rhs_identifiers": []
        },
        {
          "line": 20,
          "lhs": "sAttMnvr.phair",
          "operator": "=",
          "rhs": "0.0",
          "rhs_identifiers": []
        },
        {
          "line": 24,
          "lhs": "sAttMnvr.ar",
          "operator": "=",
          "rhs": "sign * sAttMnvr.amax",
          "rhs_identifiers": [
            "amax",
            "sAttMnvr",
            "sign"
          ]
        },
        {
          "line": 25,
          "lhs": "sAttMnvr.dphair",
          "operator": "=",
          "rhs": "sAttMnvr.ar * tm",
          "rhs_identifiers": [
            "ar",
            "sAttMnvr",
            "tm"
          ]
        },
        {
          "line": 26,
          "lhs": "sAttMnvr.phair",
          "operator": "=",
          "rhs": "0.5 * sAttMnvr.ar * SQUARE(tm)",
          "rhs_identifiers": [
            "SQUARE",
            "ar",
            "sAttMnvr",
            "tm"
          ]
        },
        {
          "line": 30,
          "lhs": "sAttMnvr.ar",
          "operator": "=",
          "rhs": "0.0",
          "rhs_identifiers": []
        },
        {
          "line": 31,
          "lhs": "sAttMnvr.dphair",
          "operator": "=",
          "rhs": "sign * sAttMnvr.amax * sAttMnvr.tm1",
          "rhs_identifiers": [
            "amax",
            "sAttMnvr",
            "sign",
            "tm1"
          ]
        },
        {
          "line": 32,
          "lhs": "sAttMnvr.phair",
          "operator": "=",
          "rhs": "sAttMnvr.phaim0 + 0.5 * sign * sAttMnvr.amax * SQUARE( sAttMnvr.tm1 ) + sAttMnvr.dphair * (tm - sAttMnvr.tm1)",
          "rhs_identifiers": [
            "SQUARE",
            "amax",
            "dphair",
            "phaim0",
            "sAttMnvr",
            "sign",
            "tm",
            "tm1"
          ]
        },
        {
          "line": 36,
          "lhs": "dt",
          "operator": "=",
          "rhs": "tm - sAttMnvr.tm3",
          "rhs_identifiers": [
            "sAttMnvr",
            "tm",
            "tm3"
          ]
        },
        {
          "line": 38,
          "lhs": "sAttMnvr.ar",
          "operator": "=",
          "rhs": "-sign * sAttMnvr.amax",
          "rhs_identifiers": [
            "amax",
            "sAttMnvr",
            "sign"
          ]
        },
        {
          "line": 39,
          "lhs": "sAttMnvr.dphair",
          "operator": "=",
          "rhs": "sAttMnvr.ar * dt",
          "rhs_identifiers": [
            "ar",
            "dt",
            "sAttMnvr"
          ]
        },
        {
          "line": 40,
          "lhs": "sAttMnvr.phair",
          "operator": "=",
          "rhs": "sAttMnvr.phaim + 0.5 *sAttMnvr.ar * SQUARE(dt)",
          "rhs_identifiers": [
            "SQUARE",
            "ar",
            "dt",
            "phaim",
            "sAttMnvr"
          ]
        },
        {
          "line": 44,
          "lhs": "sAttMnvr.ar",
          "operator": "=",
          "rhs": "0.0",
          "rhs_identifiers": []
        },
        {
          "line": 45,
          "lhs": "sAttMnvr.dphair",
          "operator": "=",
          "rhs": "0.0",
          "rhs_identifiers": []
        },
        {
          "line": 46,
          "lhs": "sAttMnvr.phair",
          "operator": "=",
          "rhs": "sAttMnvr.phaim",
          "rhs_identifiers": [
            "phaim",
            "sAttMnvr"
          ]
        },
        {
          "line": 49,
          "lhs": "sAttMnvr.dEuler",
          "operator": "=",
          "rhs": "sAttMnvr.phaim - sAttMnvr.phair",
          "rhs_identifiers": [
            "phaim",
            "phair",
            "sAttMnvr"
          ]
        },
        {
          "line": 50,
          "lhs": "sAttMnvr.dEuler",
          "operator": "=",
          "rhs": "ModZ2P( sAttMnvr.dEuler, DBL_PI )",
          "rhs_identifiers": [
            "DBL_PI",
            "ModZ2P",
            "dEuler",
            "sAttMnvr"
          ]
        }
      ],
      "conditions": [
        {
          "line": 16,
          "kind": "if",
          "expression": "tm < 0.0",
          "identifiers": [
            "tm"
          ]
        },
        {
          "line": 22,
          "kind": "if",
          "expression": "tm < sAttMnvr.tm1",
          "identifiers": [
            "sAttMnvr",
            "tm",
            "tm1"
          ]
        },
        {
          "line": 28,
          "kind": "if",
          "expression": "tm < sAttMnvr.tm2",
          "identifiers": [
            "sAttMnvr",
            "tm",
            "tm2"
          ]
        },
        {
          "line": 34,
          "kind": "if",
          "expression": "tm < sAttMnvr.tm3",
          "identifiers": [
            "sAttMnvr",
            "tm",
            "tm3"
          ]
        }
      ],
      "switch_cases": [],
      "field_accesses": [
        {
          "line": 12,
          "object": "sTime",
          "operator": ".",
          "field": "tDbl",
          "access": "read",
          "name": "sTime.tDbl"
        },
        {
          "line": 12,
          "object": "sAttMnvr",
          "operator": ".",
          "field": "tmstar",
          "access": "read",
          "name": "sAttMnvr.tmstar"
        },
        {
          "line": 14,
          "object": "sAttMnvr",
          "operator": ".",
          "field": "phaim",
          "access": "read",
          "name": "sAttMnvr.phaim"
        },
        {
          "line": 18,
          "object": "sAttMnvr",
          "operator": ".",
          "field": "ar",
          "access": "write",
          "name": "sAttMnvr.ar"
        },
        {
          "line": 19,
          "object": "sAttMnvr",
          "operator": ".",
          "field": "dphair",
          "access": "write",
          "name": "sAttMnvr.dphair"
        },
        {
          "line": 20,
          "object": "sAttMnvr",
          "operator": ".",
          "field": "phair",
          "access": "write",
          "name": "sAttMnvr.phair"
        },
        {
          "line": 22,
          "object": "sAttMnvr",
          "operator": ".",
          "field": "tm1",
          "access": "read",
          "name": "sAttMnvr.tm1"
        },
        {
          "line": 24,
          "object": "sAttMnvr",
          "operator": ".",
          "field": "ar",
          "access": "write",
          "name": "sAttMnvr.ar"
        },
        {
          "line": 24,
          "object": "sAttMnvr",
          "operator": ".",
          "field": "amax",
          "access": "read",
          "name": "sAttMnvr.amax"
        },
        {
          "line": 25,
          "object": "sAttMnvr",
          "operator": ".",
          "field": "dphair",
          "access": "write",
          "name": "sAttMnvr.dphair"
        },
        {
          "line": 25,
          "object": "sAttMnvr",
          "operator": ".",
          "field": "ar",
          "access": "read",
          "name": "sAttMnvr.ar"
        },
        {
          "line": 26,
          "object": "sAttMnvr",
          "operator": ".",
          "field": "phair",
          "access": "write",
          "name": "sAttMnvr.phair"
        },
        {
          "line": 26,
          "object": "sAttMnvr",
          "operator": ".",
          "field": "ar",
          "access": "read",
          "name": "sAttMnvr.ar"
        },
        {
          "line": 28,
          "object": "sAttMnvr",
          "operator": ".",
          "field": "tm2",
          "access": "read",
          "name": "sAttMnvr.tm2"
        },
        {
          "line": 30,
          "object": "sAttMnvr",
          "operator": ".",
          "field": "ar",
          "access": "write",
          "name": "sAttMnvr.ar"
        },
        {
          "line": 31,
          "object": "sAttMnvr",
          "operator": ".",
          "field": "dphair",
          "access": "write",
          "name": "sAttMnvr.dphair"
        },
        {
          "line": 31,
          "object": "sAttMnvr",
          "operator": ".",
          "field": "amax",
          "access": "read",
          "name": "sAttMnvr.amax"
        },
        {
          "line": 31,
          "object": "sAttMnvr",
          "operator": ".",
          "field": "tm1",
          "access": "read",
          "name": "sAttMnvr.tm1"
        },
        {
          "line": 32,
          "object": "sAttMnvr",
          "operator": ".",
          "field": "phair",
          "access": "write",
          "name": "sAttMnvr.phair"
        },
        {
          "line": 32,
          "object": "sAttMnvr",
          "operator": ".",
          "field": "phaim0",
          "access": "read",
          "name": "sAttMnvr.phaim0"
        },
        {
          "line": 32,
          "object": "sAttMnvr",
          "operator": ".",
          "field": "amax",
          "access": "read",
          "name": "sAttMnvr.amax"
        },
        {
          "line": 32,
          "object": "sAttMnvr",
          "operator": ".",
          "field": "tm1",
          "access": "read",
          "name": "sAttMnvr.tm1"
        },
        {
          "line": 32,
          "object": "sAttMnvr",
          "operator": ".",
          "field": "dphair",
          "access": "read",
          "name": "sAttMnvr.dphair"
        },
        {
          "line": 32,
          "object": "sAttMnvr",
          "operator": ".",
          "field": "tm1",
          "access": "read",
          "name": "sAttMnvr.tm1"
        },
        {
          "line": 34,
          "object": "sAttMnvr",
          "operator": ".",
          "field": "tm3",
          "access": "read",
          "name": "sAttMnvr.tm3"
        },
        {
          "line": 36,
          "object": "sAttMnvr",
          "operator": ".",
          "field": "tm3",
          "access": "read",
          "name": "sAttMnvr.tm3"
        },
        {
          "line": 38,
          "object": "sAttMnvr",
          "operator": ".",
          "field": "ar",
          "access": "write",
          "name": "sAttMnvr.ar"
        },
        {
          "line": 38,
          "object": "sAttMnvr",
          "operator": ".",
          "field": "amax",
          "access": "read",
          "name": "sAttMnvr.amax"
        },
        {
          "line": 39,
          "object": "sAttMnvr",
          "operator": ".",
          "field": "dphair",
          "access": "write",
          "name": "sAttMnvr.dphair"
        },
        {
          "line": 39,
          "object": "sAttMnvr",
          "operator": ".",
          "field": "ar",
          "access": "read",
          "name": "sAttMnvr.ar"
        },
        {
          "line": 40,
          "object": "sAttMnvr",
          "operator": ".",
          "field": "phair",
          "access": "write",
          "name": "sAttMnvr.phair"
        },
        {
          "line": 40,
          "object": "sAttMnvr",
          "operator": ".",
          "field": "phaim",
          "access": "read",
          "name": "sAttMnvr.phaim"
        },
        {
          "line": 40,
          "object": "sAttMnvr",
          "operator": ".",
          "field": "ar",
          "access": "read",
          "name": "sAttMnvr.ar"
        },
        {
          "line": 44,
          "object": "sAttMnvr",
          "operator": ".",
          "field": "ar",
          "access": "write",
          "name": "sAttMnvr.ar"
        },
        {
          "line": 45,
          "object": "sAttMnvr",
          "operator": ".",
          "field": "dphair",
          "access": "write",
          "name": "sAttMnvr.dphair"
        },
        {
          "line": 46,
          "object": "sAttMnvr",
          "operator": ".",
          "field": "phair",
          "access": "write",
          "name": "sAttMnvr.phair"
        },
        {
          "line": 46,
          "object": "sAttMnvr",
          "operator": ".",
          "field": "phaim",
          "access": "read",
          "name": "sAttMnvr.phaim"
        },
        {
          "line": 49,
          "object": "sAttMnvr",
          "operator": ".",
          "field": "dEuler",
          "access": "write",
          "name": "sAttMnvr.dEuler"
        },
        {
          "line": 49,
          "object": "sAttMnvr",
          "operator": ".",
          "field": "phaim",
          "access": "read",
          "name": "sAttMnvr.phaim"
        },
        {
          "line": 49,
          "object": "sAttMnvr",
          "operator": ".",
          "field": "phair",
          "access": "read",
          "name": "sAttMnvr.phair"
        },
        {
          "line": 50,
          "object": "sAttMnvr",
          "operator": ".",
          "field": "dEuler",
          "access": "write",
          "name": "sAttMnvr.dEuler"
        },
        {
          "line": 50,
          "object": "sAttMnvr",
          "operator": ".",
          "field": "dEuler",
          "access": "read",
          "name": "sAttMnvr.dEuler"
        }
      ],
      "returns": [
        {
          "line": 52,
          "expression": "",
          "identifiers": []
        }
      ],
      "macro_uses": [
        {
          "name": "DBL_PI",
          "line": 50,
          "known": false
        },
        {
          "name": "SQUARE",
          "line": 26,
          "known": false
        },
        {
          "name": "SQUARE",
          "line": 32,
          "known": false
        },
        {
          "name": "SQUARE",
          "line": 40,
          "known": false
        }
      ],
      "type_uses": [],
      "value_ranges": [
        {
          "symbol": "dt",
          "range": "[-1.79769e+308, 1.79769e+308]",
          "min": -1.7976931348623157e+308,
          "max": 1.7976931348623157e+308,
          "evidence": [
            "decl float64@9",
            "literal@9"
          ]
        },
        {
          "symbol": "sAttMnvr.ar",
          "range": "[0, 0]",
          "min": 0.0,
          "max": 0.0,
          "evidence": [
            "literal@18",
            "literal@30",
            "literal@44"
          ]
        },
        {
          "symbol": "sAttMnvr.dphair",
          "range": "[0, 0]",
          "min": 0.0,
          "max": 0.0,
          "evidence": [
            "literal@19",
            "literal@45"
          ]
        },
        {
          "symbol": "sAttMnvr.phair",
          "range": "[0, 0]",
          "min": 0.0,
          "max": 0.0,
          "evidence": [
            "literal@20"
          ]
        },
        {
          "symbol": "sign",
          "range": "[-1.79769e+308, 1.79769e+308]",
          "min": -1.7976931348623157e+308,
          "max": 1.7976931348623157e+308,
          "evidence": [
            "decl float64@10"
          ]
        },
        {
          "symbol": "tm",
          "range": "[-1.79769e+308, 1.79769e+308]",
          "min": -1.7976931348623157e+308,
          "max": 1.7976931348623157e+308,
          "evidence": [
            "decl float64@8"
          ]
        }
      ],
      "condition_ranges": [
        {
          "symbol": "tm",
          "range": "[-1.79769e+308, -1]",
          "min": -1.7976931348623157e+308,
          "max": -1.0,
          "line": 16,
          "condition": "tm < 0.0"
        }
      ],
      "reads": [
        "DBL_PI",
        "ModZ2P",
        "SQUARE",
        "Sgn2",
        "amax",
        "ar",
        "dEuler",
        "dphair",
        "phaim",
        "phaim0",
        "phair",
        "sAttMnvr",
        "sTime",
        "tDbl",
        "tm1",
        "tm2",
        "tm3",
        "tmstar"
      ],
      "writes": [
        "dt",
        "sAttMnvr",
        "sign",
        "tm"
      ],
      "global_reads": [],
      "global_writes": [],
      "input_fields": [
        "sAttMnvr.amax",
        "sAttMnvr.ar",
        "sAttMnvr.dEuler",
        "sAttMnvr.dphair",
        "sAttMnvr.phaim",
        "sAttMnvr.phaim0",
        "sAttMnvr.phair",
        "sAttMnvr.tm1",
        "sAttMnvr.tm2",
        "sAttMnvr.tm3",
        "sAttMnvr.tmstar",
        "sTime.tDbl"
      ],
      "output_fields": [
        "sAttMnvr.ar",
        "sAttMnvr.dEuler",
        "sAttMnvr.dphair",
        "sAttMnvr.phair"
      ],
      "undefined_calls": [
        "ModZ2P",
        "SQUARE",
        "Sgn2"
      ],
      "invariants": [
        {
          "kind": "value_range",
          "text": "dt in [-1.79769e+308, 1.79769e+308]",
          "confidence": "medium",
          "evidence": "decl float64@9; literal@9",
          "symbol": "dt",
          "min": -1.7976931348623157e+308,
          "max": 1.7976931348623157e+308
        },
        {
          "kind": "value_range",
          "text": "sAttMnvr.ar in [0, 0]",
          "confidence": "medium",
          "evidence": "literal@18; literal@30; literal@44",
          "symbol": "sAttMnvr.ar",
          "min": 0.0,
          "max": 0.0
        },
        {
          "kind": "value_range",
          "text": "sAttMnvr.dphair in [0, 0]",
          "confidence": "medium",
          "evidence": "literal@19; literal@45",
          "symbol": "sAttMnvr.dphair",
          "min": 0.0,
          "max": 0.0
        },
        {
          "kind": "value_range",
          "text": "sAttMnvr.phair in [0, 0]",
          "confidence": "medium",
          "evidence": "literal@20",
          "symbol": "sAttMnvr.phair",
          "min": 0.0,
          "max": 0.0
        },
        {
          "kind": "value_range",
          "text": "sign in [-1.79769e+308, 1.79769e+308]",
          "confidence": "medium",
          "evidence": "decl float64@10",
          "symbol": "sign",
          "min": -1.7976931348623157e+308,
          "max": 1.7976931348623157e+308
        },
        {
          "kind": "value_range",
          "text": "tm in [-1.79769e+308, 1.79769e+308]",
          "confidence": "medium",
          "evidence": "decl float64@8",
          "symbol": "tm",
          "min": -1.7976931348623157e+308,
          "max": 1.7976931348623157e+308
        },
        {
          "kind": "condition_range",
          "text": "tm in [-1.79769e+308, -1] when tm < 0.0",
          "confidence": "high",
          "line": 16,
          "evidence": "tm < 0.0",
          "symbol": "tm",
          "min": -1.7976931348623157e+308,
          "max": -1.0
        },
        {
          "kind": "branch_condition",
          "text": "inside if branch: tm < 0.0",
          "confidence": "high",
          "line": 16,
          "evidence": "tm < 0.0",
          "identifiers": [
            "tm"
          ]
        },
        {
          "kind": "branch_condition",
          "text": "inside if branch: tm < sAttMnvr.tm1",
          "confidence": "high",
          "line": 22,
          "evidence": "tm < sAttMnvr.tm1",
          "identifiers": [
            "sAttMnvr",
            "tm",
            "tm1"
          ]
        },
        {
          "kind": "branch_condition",
          "text": "inside if branch: tm < sAttMnvr.tm2",
          "confidence": "high",
          "line": 28,
          "evidence": "tm < sAttMnvr.tm2",
          "identifiers": [
            "sAttMnvr",
            "tm",
            "tm2"
          ]
        },
        {
          "kind": "branch_condition",
          "text": "inside if branch: tm < sAttMnvr.tm3",
          "confidence": "high",
          "line": 34,
          "evidence": "tm < sAttMnvr.tm3",
          "identifiers": [
            "sAttMnvr",
            "tm",
            "tm3"
          ]
        },
        {
          "kind": "assignment_value",
          "text": "dt may be assigned 0.0",
          "confidence": "high",
          "line": 9,
          "evidence": "dt = 0.0",
          "symbol": "dt",
          "value": "0.0"
        },
        {
          "kind": "reset",
          "text": "dt is reset to 0",
          "confidence": "high",
          "line": 9,
          "evidence": "dt = 0.0",
          "symbol": "dt"
        },
        {
          "kind": "assignment_value",
          "text": "sAttMnvr.ar may be assigned 0.0",
          "confidence": "high",
          "line": 18,
          "evidence": "sAttMnvr.ar = 0.0",
          "symbol": "sAttMnvr.ar",
          "value": "0.0"
        },
        {
          "kind": "reset",
          "text": "sAttMnvr.ar is reset to 0",
          "confidence": "high",
          "line": 18,
          "evidence": "sAttMnvr.ar = 0.0",
          "symbol": "sAttMnvr.ar"
        },
        {
          "kind": "assignment_value",
          "text": "sAttMnvr.dphair may be assigned 0.0",
          "confidence": "high",
          "line": 19,
          "evidence": "sAttMnvr.dphair = 0.0",
          "symbol": "sAttMnvr.dphair",
          "value": "0.0"
        },
        {
          "kind": "reset",
          "text": "sAttMnvr.dphair is reset to 0",
          "confidence": "high",
          "line": 19,
          "evidence": "sAttMnvr.dphair = 0.0",
          "symbol": "sAttMnvr.dphair"
        },
        {
          "kind": "assignment_value",
          "text": "sAttMnvr.phair may be assigned 0.0",
          "confidence": "high",
          "line": 20,
          "evidence": "sAttMnvr.phair = 0.0",
          "symbol": "sAttMnvr.phair",
          "value": "0.0"
        },
        {
          "kind": "reset",
          "text": "sAttMnvr.phair is reset to 0",
          "confidence": "high",
          "line": 20,
          "evidence": "sAttMnvr.phair = 0.0",
          "symbol": "sAttMnvr.phair"
        },
        {
          "kind": "assignment_value",
          "text": "sAttMnvr.ar may be assigned 0.0",
          "confidence": "high",
          "line": 30,
          "evidence": "sAttMnvr.ar = 0.0",
          "symbol": "sAttMnvr.ar",
          "value": "0.0"
        },
        {
          "kind": "reset",
          "text": "sAttMnvr.ar is reset to 0",
          "confidence": "high",
          "line": 30,
          "evidence": "sAttMnvr.ar = 0.0",
          "symbol": "sAttMnvr.ar"
        },
        {
          "kind": "assignment_value",
          "text": "sAttMnvr.ar may be assigned 0.0",
          "confidence": "high",
          "line": 44,
          "evidence": "sAttMnvr.ar = 0.0",
          "symbol": "sAttMnvr.ar",
          "value": "0.0"
        },
        {
          "kind": "reset",
          "text": "sAttMnvr.ar is reset to 0",
          "confidence": "high",
          "line": 44,
          "evidence": "sAttMnvr.ar = 0.0",
          "symbol": "sAttMnvr.ar"
        },
        {
          "kind": "assignment_value",
          "text": "sAttMnvr.dphair may be assigned 0.0",
          "confidence": "high",
          "line": 45,
          "evidence": "sAttMnvr.dphair = 0.0",
          "symbol": "sAttMnvr.dphair",
          "value": "0.0"
        },
        {
          "kind": "reset",
          "text": "sAttMnvr.dphair is reset to 0",
          "confidence": "high",
          "line": 45,
          "evidence": "sAttMnvr.dphair = 0.0",
          "symbol": "sAttMnvr.dphair"
        },
        {
          "kind": "modifies_fields",
          "text": "function may modify fields: sAttMnvr.ar, sAttMnvr.dEuler, sAttMnvr.dphair, sAttMnvr.phair",
          "confidence": "high",
          "evidence": "field writes",
          "fields": [
            "sAttMnvr.ar",
            "sAttMnvr.dEuler",
            "sAttMnvr.dphair",
            "sAttMnvr.phair"
          ]
        },
        {
          "kind": "reads_fields",
          "text": "function may read fields: sAttMnvr.amax, sAttMnvr.ar, sAttMnvr.dEuler, sAttMnvr.dphair, sAttMnvr.phaim, sAttMnvr.phaim0, sAttMnvr.phair, sAttMnvr.tm1, sAttMnvr.tm2, sAttMnvr.tm3, sAttMnvr.tmstar, sTime.tDbl",
          "confidence": "high",
          "evidence": "field reads",
          "fields": [
            "sAttMnvr.amax",
            "sAttMnvr.ar",
            "sAttMnvr.dEuler",
            "sAttMnvr.dphair",
            "sAttMnvr.phaim",
            "sAttMnvr.phaim0",
            "sAttMnvr.phair",
            "sAttMnvr.tm1",
            "sAttMnvr.tm2",
            "sAttMnvr.tm3",
            "sAttMnvr.tmstar",
            "sTime.tDbl"
          ]
        },
        {
          "kind": "modifies_symbols",
          "text": "function may assign symbols: dt, sAttMnvr.ar, sAttMnvr.dEuler, sAttMnvr.dphair, sAttMnvr.phair, sign, tm",
          "confidence": "medium",
          "evidence": "assignments",
          "symbols": [
            "dt",
            "sAttMnvr.ar",
            "sAttMnvr.dEuler",
            "sAttMnvr.dphair",
            "sAttMnvr.phair",
            "sign",
            "tm"
          ]
        }
      ],
      "summary": {
        "requires_observed": [
          "inside if branch: tm < 0.0",
          "inside if branch: tm < sAttMnvr.tm1",
          "inside if branch: tm < sAttMnvr.tm2",
          "inside if branch: tm < sAttMnvr.tm3"
        ],
        "modifies": [
          "sAttMnvr.ar",
          "sAttMnvr.dEuler",
          "sAttMnvr.dphair",
          "sAttMnvr.phair"
        ],
        "ensures_observed": [
          "dt in [-1.79769e+308, 1.79769e+308]",
          "sAttMnvr.ar in [0, 0]",
          "sAttMnvr.dphair in [0, 0]",
          "sAttMnvr.phair in [0, 0]",
          "sign in [-1.79769e+308, 1.79769e+308]",
          "tm in [-1.79769e+308, 1.79769e+308]",
          "dt is reset to 0",
          "sAttMnvr.ar is reset to 0",
          "sAttMnvr.dphair is reset to 0",
          "sAttMnvr.phair is reset to 0",
          "sAttMnvr.ar is reset to 0",
          "sAttMnvr.ar is reset to 0",
          "sAttMnvr.dphair is reset to 0"
        ],
        "calls": [
          "Sgn2",
          "SQUARE",
          "SQUARE",
          "SQUARE",
          "ModZ2P"
        ],
        "undefined_calls": [
          "ModZ2P",
          "SQUARE",
          "Sgn2"
        ]
      }
    },
    {
      "file": "/AttMnvrMain/IP_AttMnvrMain.c",
      "name": "AttMnvrMain",
      "line": 56,
      "return_type": "void",
      "params": [],
      "locals": [
        "Cw",
        "cX",
        "qtm",
        "sX",
        "workmode"
      ],
      "calls": [
        {
          "name": "UI8_LO4",
          "line": 62,
          "kind": "function",
          "resolved": false
        },
        {
          "name": "targetTrack",
          "line": 65,
          "kind": "function",
          "resolved": true
        },
        {
          "name": "Sinx",
          "line": 67,
          "kind": "function",
          "resolved": false
        },
        {
          "name": "Cosx",
          "line": 68,
          "kind": "function",
          "resolved": false
        },
        {
          "name": "IN_RANGE_CLOSE",
          "line": 77,
          "kind": "function",
          "resolved": false
        },
        {
          "name": "QMulti",
          "line": 79,
          "kind": "function",
          "resolved": false
        },
        {
          "name": "QMulti",
          "line": 80,
          "kind": "function",
          "resolved": false
        },
        {
          "name": "Q2C",
          "line": 81,
          "kind": "function",
          "resolved": false
        },
        {
          "name": "VectorScalar3",
          "line": 83,
          "kind": "function",
          "resolved": false
        },
        {
          "name": "MatrixMulti331",
          "line": 84,
          "kind": "function",
          "resolved": false
        },
        {
          "name": "VectorAdd3",
          "line": 85,
          "kind": "function",
          "resolved": false
        },
        {
          "name": "QMulti",
          "line": 89,
          "kind": "function",
          "resolved": false
        },
        {
          "name": "VectorScalar3",
          "line": 90,
          "kind": "function",
          "resolved": false
        }
      ],
      "assignments": [
        {
          "line": 62,
          "lhs": "workmode",
          "operator": "=",
          "rhs": "UI8_LO4( WorkMode )",
          "rhs_identifiers": [
            "UI8_LO4",
            "WorkMode"
          ]
        },
        {
          "line": 67,
          "lhs": "sX",
          "operator": "=",
          "rhs": "Sinx( sAttMnvr.phair / 2.0 )",
          "rhs_identifiers": [
            "Sinx",
            "phair",
            "sAttMnvr"
          ]
        },
        {
          "line": 68,
          "lhs": "cX",
          "operator": "=",
          "rhs": "Cosx( sAttMnvr.phair / 2.0 )",
          "rhs_identifiers": [
            "Cosx",
            "phair",
            "sAttMnvr"
          ]
        },
        {
          "line": 71,
          "lhs": "qtm[0]",
          "operator": "=",
          "rhs": "sX * sAttMnvr.e[0]",
          "rhs_identifiers": [
            "e",
            "sAttMnvr",
            "sX"
          ]
        },
        {
          "line": 72,
          "lhs": "qtm[1]",
          "operator": "=",
          "rhs": "sX * sAttMnvr.e[1]",
          "rhs_identifiers": [
            "e",
            "sAttMnvr",
            "sX"
          ]
        },
        {
          "line": 73,
          "lhs": "qtm[2]",
          "operator": "=",
          "rhs": "sX * sAttMnvr.e[2]",
          "rhs_identifiers": [
            "e",
            "sAttMnvr",
            "sX"
          ]
        },
        {
          "line": 74,
          "lhs": "qtm[3]",
          "operator": "=",
          "rhs": "cX",
          "rhs_identifiers": [
            "cX"
          ]
        }
      ],
      "conditions": [
        {
          "line": 77,
          "kind": "if",
          "expression": "( IN_RANGE_CLOSE( workmode, 7, 11 ) ) && ( sAttMnvr.F_AttManeuInVVLH == 1 )",
          "identifiers": [
            "F_AttManeuInVVLH",
            "IN_RANGE_CLOSE",
            "sAttMnvr",
            "workmode"
          ]
        }
      ],
      "switch_cases": [],
      "field_accesses": [
        {
          "line": 67,
          "object": "sAttMnvr",
          "operator": ".",
          "field": "phair",
          "access": "read",
          "name": "sAttMnvr.phair"
        },
        {
          "line": 68,
          "object": "sAttMnvr",
          "operator": ".",
          "field": "phair",
          "access": "read",
          "name": "sAttMnvr.phair"
        },
        {
          "line": 71,
          "object": "sAttMnvr",
          "operator": ".",
          "field": "e",
          "access": "read",
          "name": "sAttMnvr.e"
        },
        {
          "line": 72,
          "object": "sAttMnvr",
          "operator": ".",
          "field": "e",
          "access": "read",
          "name": "sAttMnvr.e"
        },
        {
          "line": 73,
          "object": "sAttMnvr",
          "operator": ".",
          "field": "e",
          "access": "read",
          "name": "sAttMnvr.e"
        },
        {
          "line": 77,
          "object": "sAttMnvr",
          "operator": ".",
          "field": "F_AttManeuInVVLH",
          "access": "read",
          "name": "sAttMnvr.F_AttManeuInVVLH"
        },
        {
          "line": 79,
          "object": "sAttMnvr",
          "operator": ".",
          "field": "qtm0",
          "access": "read",
          "name": "sAttMnvr.qtm0"
        },
        {
          "line": 79,
          "object": "sAttMnvr",
          "operator": ".",
          "field": "qb0",
          "access": "read",
          "name": "sAttMnvr.qb0"
        },
        {
          "line": 80,
          "object": "sAttPub",
          "operator": ".",
          "field": "qti",
          "access": "read",
          "name": "sAttPub.qti"
        },
        {
          "line": 80,
          "object": "sAttPub",
          "operator": ".",
          "field": "qoitemp",
          "access": "read",
          "name": "sAttPub.qoitemp"
        },
        {
          "line": 80,
          "object": "sAttMnvr",
          "operator": ".",
          "field": "qtm0",
          "access": "read",
          "name": "sAttMnvr.qtm0"
        },
        {
          "line": 81,
          "object": "sAttMnvr",
          "operator": ".",
          "field": "Ctm0",
          "access": "read",
          "name": "sAttMnvr.Ctm0"
        },
        {
          "line": 81,
          "object": "sAttMnvr",
          "operator": ".",
          "field": "qtm0",
          "access": "read",
          "name": "sAttMnvr.qtm0"
        },
        {
          "line": 83,
          "object": "sAttPub",
          "operator": ".",
          "field": "wti",
          "access": "read",
          "name": "sAttPub.wti"
        },
        {
          "line": 83,
          "object": "sAttMnvr",
          "operator": ".",
          "field": "e",
          "access": "read",
          "name": "sAttMnvr.e"
        },
        {
          "line": 83,
          "object": "sAttMnvr",
          "operator": ".",
          "field": "dphair",
          "access": "read",
          "name": "sAttMnvr.dphair"
        },
        {
          "line": 84,
          "object": "sAttMnvr",
          "operator": ".",
          "field": "Ctm0",
          "access": "read",
          "name": "sAttMnvr.Ctm0"
        },
        {
          "line": 84,
          "object": "sAttPub",
          "operator": ".",
          "field": "woitemp",
          "access": "read",
          "name": "sAttPub.woitemp"
        },
        {
          "line": 85,
          "object": "sAttPub",
          "operator": ".",
          "field": "wti",
          "access": "read",
          "name": "sAttPub.wti"
        },
        {
          "line": 85,
          "object": "sAttPub",
          "operator": ".",
          "field": "wti",
          "access": "read",
          "name": "sAttPub.wti"
        },
        {
          "line": 89,
          "object": "sAttPub",
          "operator": ".",
          "field": "qti",
          "access": "read",
          "name": "sAttPub.qti"
        },
        {
          "line": 89,
          "object": "sAttMnvr",
          "operator": ".",
          "field": "qb0",
          "access": "read",
          "name": "sAttMnvr.qb0"
        },
        {
          "line": 90,
          "object": "sAttPub",
          "operator": ".",
          "field": "wti",
          "access": "read",
          "name": "sAttPub.wti"
        },
        {
          "line": 90,
          "object": "sAttMnvr",
          "operator": ".",
          "field": "e",
          "access": "read",
          "name": "sAttMnvr.e"
        },
        {
          "line": 90,
          "object": "sAttMnvr",
          "operator": ".",
          "field": "dphair",
          "access": "read",
          "name": "sAttMnvr.dphair"
        }
      ],
      "returns": [
        {
          "line": 93,
          "expression": "",
          "identifiers": []
        }
      ],
      "macro_uses": [
        {
          "name": "IN_RANGE_CLOSE",
          "line": 77,
          "known": false
        },
        {
          "name": "Q2C",
          "line": 81,
          "known": false
        },
        {
          "name": "UI8_LO4",
          "line": 62,
          "known": false
        }
      ],
      "type_uses": [],
      "value_ranges": [
        {
          "symbol": "Cw",
          "range": "[-1.79769e+308, 1.79769e+308]",
          "min": -1.7976931348623157e+308,
          "max": 1.7976931348623157e+308,
          "evidence": [
            "decl float64@58"
          ]
        },
        {
          "symbol": "cX",
          "range": "[-1.79769e+308, 1.79769e+308]",
          "min": -1.7976931348623157e+308,
          "max": 1.7976931348623157e+308,
          "evidence": [
            "decl float64@59"
          ]
        },
        {
          "symbol": "qtm",
          "range": "[-1.79769e+308, 1.79769e+308]",
          "min": -1.7976931348623157e+308,
          "max": 1.7976931348623157e+308,
          "evidence": [
            "decl float64@57"
          ]
        },
        {
          "symbol": "qtm[3]",
          "range": "[-1.79769e+308, 1.79769e+308]",
          "min": -1.7976931348623157e+308,
          "max": 1.7976931348623157e+308,
          "evidence": [
            "known-symbol@74"
          ]
        },
        {
          "symbol": "sX",
          "range": "[-1.79769e+308, 1.79769e+308]",
          "min": -1.7976931348623157e+308,
          "max": 1.7976931348623157e+308,
          "evidence": [
            "decl float64@59"
          ]
        },
        {
          "symbol": "workmode",
          "range": "[0, 4294967295]",
          "min": 0.0,
          "max": 4294967295.0,
          "evidence": [
            "decl unint32@60"
          ]
        }
      ],
      "condition_ranges": [
        {
          "symbol": "sAttMnvr.F_AttManeuInVVLH",
          "range": "[1, 1]",
          "min": 1.0,
          "max": 1.0,
          "line": 77,
          "condition": "sAttMnvr.F_AttManeuInVVLH == 1"
        }
      ],
      "reads": [
        "Cosx",
        "F_AttManeuInVVLH",
        "IN_RANGE_CLOSE",
        "Sinx",
        "UI8_LO4",
        "WorkMode",
        "e",
        "phair",
        "sAttMnvr"
      ],
      "writes": [
        "cX",
        "qtm",
        "sX",
        "workmode"
      ],
      "global_reads": [],
      "global_writes": [],
      "input_fields": [
        "sAttMnvr.Ctm0",
        "sAttMnvr.F_AttManeuInVVLH",
        "sAttMnvr.dphair",
        "sAttMnvr.e",
        "sAttMnvr.phair",
        "sAttMnvr.qb0",
        "sAttMnvr.qtm0",
        "sAttPub.qoitemp",
        "sAttPub.qti",
        "sAttPub.woitemp",
        "sAttPub.wti"
      ],
      "output_fields": [],
      "undefined_calls": [
        "Cosx",
        "IN_RANGE_CLOSE",
        "MatrixMulti331",
        "Q2C",
        "QMulti",
        "Sinx",
        "UI8_LO4",
        "VectorAdd3",
        "VectorScalar3"
      ],
      "invariants": [
        {
          "kind": "value_range",
          "text": "Cw in [-1.79769e+308, 1.79769e+308]",
          "confidence": "medium",
          "evidence": "decl float64@58",
          "symbol": "Cw",
          "min": -1.7976931348623157e+308,
          "max": 1.7976931348623157e+308
        },
        {
          "kind": "value_range",
          "text": "cX in [-1.79769e+308, 1.79769e+308]",
          "confidence": "medium",
          "evidence": "decl float64@59",
          "symbol": "cX",
          "min": -1.7976931348623157e+308,
          "max": 1.7976931348623157e+308
        },
        {
          "kind": "value_range",
          "text": "qtm in [-1.79769e+308, 1.79769e+308]",
          "confidence": "medium",
          "evidence": "decl float64@57",
          "symbol": "qtm",
          "min": -1.7976931348623157e+308,
          "max": 1.7976931348623157e+308
        },
        {
          "kind": "value_range",
          "text": "qtm[3] in [-1.79769e+308, 1.79769e+308]",
          "confidence": "medium",
          "evidence": "known-symbol@74",
          "symbol": "qtm[3]",
          "min": -1.7976931348623157e+308,
          "max": 1.7976931348623157e+308
        },
        {
          "kind": "value_range",
          "text": "sX in [-1.79769e+308, 1.79769e+308]",
          "confidence": "medium",
          "evidence": "decl float64@59",
          "symbol": "sX",
          "min": -1.7976931348623157e+308,
          "max": 1.7976931348623157e+308
        },
        {
          "kind": "value_range",
          "text": "workmode in [0, 4294967295]",
          "confidence": "medium",
          "evidence": "decl unint32@60",
          "symbol": "workmode",
          "min": 0.0,
          "max": 4294967295.0
        },
        {
          "kind": "condition_range",
          "text": "sAttMnvr.F_AttManeuInVVLH in [1, 1] when sAttMnvr.F_AttManeuInVVLH == 1",
          "confidence": "high",
          "line": 77,
          "evidence": "sAttMnvr.F_AttManeuInVVLH == 1",
          "symbol": "sAttMnvr.F_AttManeuInVVLH",
          "min": 1.0,
          "max": 1.0
        },
        {
          "kind": "branch_condition",
          "text": "inside if branch: ( IN_RANGE_CLOSE( workmode, 7, 11 ) ) && ( sAttMnvr.F_AttManeuInVVLH == 1 )",
          "confidence": "high",
          "line": 77,
          "evidence": "( IN_RANGE_CLOSE( workmode, 7, 11 ) ) && ( sAttMnvr.F_AttManeuInVVLH == 1 )",
          "identifiers": [
            "F_AttManeuInVVLH",
            "IN_RANGE_CLOSE",
            "sAttMnvr",
            "workmode"
          ]
        },
        {
          "kind": "reads_fields",
          "text": "function may read fields: sAttMnvr.Ctm0, sAttMnvr.F_AttManeuInVVLH, sAttMnvr.dphair, sAttMnvr.e, sAttMnvr.phair, sAttMnvr.qb0, sAttMnvr.qtm0, sAttPub.qoitemp, sAttPub.qti, sAttPub.woitemp, sAttPub.wti",
          "confidence": "high",
          "evidence": "field reads",
          "fields": [
            "sAttMnvr.Ctm0",
            "sAttMnvr.F_AttManeuInVVLH",
            "sAttMnvr.dphair",
            "sAttMnvr.e",
            "sAttMnvr.phair",
            "sAttMnvr.qb0",
            "sAttMnvr.qtm0",
            "sAttPub.qoitemp",
            "sAttPub.qti",
            "sAttPub.woitemp",
            "sAttPub.wti"
          ]
        },
        {
          "kind": "modifies_symbols",
          "text": "function may assign symbols: cX, qtm[0], qtm[1], qtm[2], qtm[3], sX, workmode",
          "confidence": "medium",
          "evidence": "assignments",
          "symbols": [
            "cX",
            "qtm[0]",
            "qtm[1]",
            "qtm[2]",
            "qtm[3]",
            "sX",
            "workmode"
          ]
        }
      ],
      "summary": {
        "requires_observed": [
          "inside if branch: ( IN_RANGE_CLOSE( workmode, 7, 11 ) ) && ( sAttMnvr.F_AttManeuInVVLH == 1 )"
        ],
        "modifies": [],
        "ensures_observed": [
          "Cw in [-1.79769e+308, 1.79769e+308]",
          "cX in [-1.79769e+308, 1.79769e+308]",
          "qtm in [-1.79769e+308, 1.79769e+308]",
          "qtm[3] in [-1.79769e+308, 1.79769e+308]",
          "sX in [-1.79769e+308, 1.79769e+308]",
          "workmode in [0, 4294967295]"
        ],
        "calls": [
          "UI8_LO4",
          "targetTrack",
          "Sinx",
          "Cosx",
          "IN_RANGE_CLOSE",
          "QMulti",
          "QMulti",
          "Q2C",
          "VectorScalar3",
          "MatrixMulti331",
          "VectorAdd3",
          "QMulti",
          "VectorScalar3"
        ],
        "undefined_calls": [
          "Cosx",
          "IN_RANGE_CLOSE",
          "MatrixMulti331",
          "Q2C",
          "QMulti",
          "Sinx",
          "UI8_LO4",
          "VectorAdd3",
          "VectorScalar3"
        ]
      }
    }
  ],
  "relations": {
    "call_graph": [
      {
        "caller": "targetTrack",
        "callee": "Sgn2",
        "file": "/AttMnvrMain/IP_AttMnvrMain.c",
        "line": 14,
        "kind": "function",
        "resolved": false
      },
      {
        "caller": "targetTrack",
        "callee": "SQUARE",
        "file": "/AttMnvrMain/IP_AttMnvrMain.c",
        "line": 26,
        "kind": "function",
        "resolved": false
      },
      {
        "caller": "targetTrack",
        "callee": "SQUARE",
        "file": "/AttMnvrMain/IP_AttMnvrMain.c",
        "line": 32,
        "kind": "function",
        "resolved": false
      },
      {
        "caller": "targetTrack",
        "callee": "SQUARE",
        "file": "/AttMnvrMain/IP_AttMnvrMain.c",
        "line": 40,
        "kind": "function",
        "resolved": false
      },
      {
        "caller": "targetTrack",
        "callee": "ModZ2P",
        "file": "/AttMnvrMain/IP_AttMnvrMain.c",
        "line": 50,
        "kind": "function",
        "resolved": false
      },
      {
        "caller": "AttMnvrMain",
        "callee": "UI8_LO4",
        "file": "/AttMnvrMain/IP_AttMnvrMain.c",
        "line": 62,
        "kind": "function",
        "resolved": false
      },
      {
        "caller": "AttMnvrMain",
        "callee": "targetTrack",
        "file": "/AttMnvrMain/IP_AttMnvrMain.c",
        "line": 65,
        "kind": "function",
        "resolved": true
      },
      {
        "caller": "AttMnvrMain",
        "callee": "Sinx",
        "file": "/AttMnvrMain/IP_AttMnvrMain.c",
        "line": 67,
        "kind": "function",
        "resolved": false
      },
      {
        "caller": "AttMnvrMain",
        "callee": "Cosx",
        "file": "/AttMnvrMain/IP_AttMnvrMain.c",
        "line": 68,
        "kind": "function",
        "resolved": false
      },
      {
        "caller": "AttMnvrMain",
        "callee": "IN_RANGE_CLOSE",
        "file": "/AttMnvrMain/IP_AttMnvrMain.c",
        "line": 77,
        "kind": "function",
        "resolved": false
      },
      {
        "caller": "AttMnvrMain",
        "callee": "QMulti",
        "file": "/AttMnvrMain/IP_AttMnvrMain.c",
        "line": 79,
        "kind": "function",
        "resolved": false
      },
      {
        "caller": "AttMnvrMain",
        "callee": "QMulti",
        "file": "/AttMnvrMain/IP_AttMnvrMain.c",
        "line": 80,
        "kind": "function",
        "resolved": false
      },
      {
        "caller": "AttMnvrMain",
        "callee": "Q2C",
        "file": "/AttMnvrMain/IP_AttMnvrMain.c",
        "line": 81,
        "kind": "function",
        "resolved": false
      },
      {
        "caller": "AttMnvrMain",
        "callee": "VectorScalar3",
        "file": "/AttMnvrMain/IP_AttMnvrMain.c",
        "line": 83,
        "kind": "function",
        "resolved": false
      },
      {
        "caller": "AttMnvrMain",
        "callee": "MatrixMulti331",
        "file": "/AttMnvrMain/IP_AttMnvrMain.c",
        "line": 84,
        "kind": "function",
        "resolved": false
      },
      {
        "caller": "AttMnvrMain",
        "callee": "VectorAdd3",
        "file": "/AttMnvrMain/IP_AttMnvrMain.c",
        "line": 85,
        "kind": "function",
        "resolved": false
      },
      {
        "caller": "AttMnvrMain",
        "callee": "QMulti",
        "file": "/AttMnvrMain/IP_AttMnvrMain.c",
        "line": 89,
        "kind": "function",
        "resolved": false
      },
      {
        "caller": "AttMnvrMain",
        "callee": "VectorScalar3",
        "file": "/AttMnvrMain/IP_AttMnvrMain.c",
        "line": 90,
        "kind": "function",
        "resolved": false
      }
    ],
    "field_accesses": [
      {
        "name": "sAttMnvr.Ctm0",
        "reads": 2,
        "writes": 0,
        "read_writes": 0,
        "functions": [
          "AttMnvrMain"
        ],
        "readers": [
          "AttMnvrMain"
        ],
        "writers": []
      },
      {
        "name": "sAttMnvr.F_AttManeuInVVLH",
        "reads": 1,
        "writes": 0,
        "read_writes": 0,
        "functions": [
          "AttMnvrMain"
        ],
        "readers": [
          "AttMnvrMain"
        ],
        "writers": []
      },
      {
        "name": "sAttMnvr.amax",
        "reads": 4,
        "writes": 0,
        "read_writes": 0,
        "functions": [
          "targetTrack"
        ],
        "readers": [
          "targetTrack"
        ],
        "writers": []
      },
      {
        "name": "sAttMnvr.ar",
        "reads": 4,
        "writes": 5,
        "read_writes": 0,
        "functions": [
          "targetTrack"
        ],
        "readers": [
          "targetTrack"
        ],
        "writers": [
          "targetTrack"
        ]
      },
      {
        "name": "sAttMnvr.dEuler",
        "reads": 1,
        "writes": 2,
        "read_writes": 0,
        "functions": [
          "targetTrack"
        ],
        "readers": [
          "targetTrack"
        ],
        "writers": [
          "targetTrack"
        ]
      },
      {
        "name": "sAttMnvr.dphair",
        "reads": 3,
        "writes": 5,
        "read_writes": 0,
        "functions": [
          "AttMnvrMain",
          "targetTrack"
        ],
        "readers": [
          "AttMnvrMain",
          "targetTrack"
        ],
        "writers": [
          "targetTrack"
        ]
      },
      {
        "name": "sAttMnvr.e",
        "reads": 5,
        "writes": 0,
        "read_writes": 0,
        "functions": [
          "AttMnvrMain"
        ],
        "readers": [
          "AttMnvrMain"
        ],
        "writers": []
      },
      {
        "name": "sAttMnvr.phaim",
        "reads": 4,
        "writes": 0,
        "read_writes": 0,
        "functions": [
          "targetTrack"
        ],
        "readers": [
          "targetTrack"
        ],
        "writers": []
      },
      {
        "name": "sAttMnvr.phaim0",
        "reads": 1,
        "writes": 0,
        "read_writes": 0,
        "functions": [
          "targetTrack"
        ],
        "readers": [
          "targetTrack"
        ],
        "writers": []
      },
      {
        "name": "sAttMnvr.phair",
        "reads": 3,
        "writes": 5,
        "read_writes": 0,
        "functions": [
          "AttMnvrMain",
          "targetTrack"
        ],
        "readers": [
          "AttMnvrMain",
          "targetTrack"
        ],
        "writers": [
          "targetTrack"
        ]
      },
      {
        "name": "sAttMnvr.qb0",
        "reads": 2,
        "writes": 0,
        "read_writes": 0,
        "functions": [
          "AttMnvrMain"
        ],
        "readers": [
          "AttMnvrMain"
        ],
        "writers": []
      },
      {
        "name": "sAttMnvr.qtm0",
        "reads": 3,
        "writes": 0,
        "read_writes": 0,
        "functions": [
          "AttMnvrMain"
        ],
        "readers": [
          "AttMnvrMain"
        ],
        "writers": []
      },
      {
        "name": "sAttMnvr.tm1",
        "reads": 4,
        "writes": 0,
        "read_writes": 0,
        "functions": [
          "targetTrack"
        ],
        "readers": [
          "targetTrack"
        ],
        "writers": []
      },
      {
        "name": "sAttMnvr.tm2",
        "reads": 1,
        "writes": 0,
        "read_writes": 0,
        "functions": [
          "targetTrack"
        ],
        "readers": [
          "targetTrack"
        ],
        "writers": []
      },
      {
        "name": "sAttMnvr.tm3",
        "reads": 2,
        "writes": 0,
        "read_writes": 0,
        "functions": [
          "targetTrack"
        ],
        "readers": [
          "targetTrack"
        ],
        "writers": []
      },
      {
        "name": "sAttMnvr.tmstar",
        "reads": 1,
        "writes": 0,
        "read_writes": 0,
        "functions": [
          "targetTrack"
        ],
        "readers": [
          "targetTrack"
        ],
        "writers": []
      },
      {
        "name": "sAttPub.qoitemp",
        "reads": 1,
        "writes": 0,
        "read_writes": 0,
        "functions": [
          "AttMnvrMain"
        ],
        "readers": [
          "AttMnvrMain"
        ],
        "writers": []
      },
      {
        "name": "sAttPub.qti",
        "reads": 2,
        "writes": 0,
        "read_writes": 0,
        "functions": [
          "AttMnvrMain"
        ],
        "readers": [
          "AttMnvrMain"
        ],
        "writers": []
      },
      {
        "name": "sAttPub.woitemp",
        "reads": 1,
        "writes": 0,
        "read_writes": 0,
        "functions": [
          "AttMnvrMain"
        ],
        "readers": [
          "AttMnvrMain"
        ],
        "writers": []
      },
      {
        "name": "sAttPub.wti",
        "reads": 4,
        "writes": 0,
        "read_writes": 0,
        "functions": [
          "AttMnvrMain"
        ],
        "readers": [
          "AttMnvrMain"
        ],
        "writers": []
      },
      {
        "name": "sTime.tDbl",
        "reads": 1,
        "writes": 0,
        "read_writes": 0,
        "functions": [
          "targetTrack"
        ],
        "readers": [
          "targetTrack"
        ],
        "writers": []
      }
    ],
    "state_transitions": [
      {
        "function": "AttMnvrMain",
        "file": "/AttMnvrMain/IP_AttMnvrMain.c",
        "line": 62,
        "target": "workmode",
        "values": [
          "UI8_LO4",
          "WorkMode"
        ]
      }
    ],
    "missing_local_includes": [],
    "unresolved_calls": {
      "Cosx": [
        {
          "caller": "AttMnvrMain",
          "file": "/AttMnvrMain/IP_AttMnvrMain.c",
          "line": 68
        }
      ],
      "IN_RANGE_CLOSE": [
        {
          "caller": "AttMnvrMain",
          "file": "/AttMnvrMain/IP_AttMnvrMain.c",
          "line": 77
        }
      ],
      "MatrixMulti331": [
        {
          "caller": "AttMnvrMain",
          "file": "/AttMnvrMain/IP_AttMnvrMain.c",
          "line": 84
        }
      ],
      "ModZ2P": [
        {
          "caller": "targetTrack",
          "file": "/AttMnvrMain/IP_AttMnvrMain.c",
          "line": 50
        }
      ],
      "Q2C": [
        {
          "caller": "AttMnvrMain",
          "file": "/AttMnvrMain/IP_AttMnvrMain.c",
          "line": 81
        }
      ],
      "QMulti": [
        {
          "caller": "AttMnvrMain",
          "file": "/AttMnvrMain/IP_AttMnvrMain.c",
          "line": 79
        },
        {
          "caller": "AttMnvrMain",
          "file": "/AttMnvrMain/IP_AttMnvrMain.c",
          "line": 80
        },
        {
          "caller": "AttMnvrMain",
          "file": "/AttMnvrMain/IP_AttMnvrMain.c",
          "line": 89
        }
      ],
      "SQUARE": [
        {
          "caller": "targetTrack",
          "file": "/AttMnvrMain/IP_AttMnvrMain.c",
          "line": 26
        },
        {
          "caller": "targetTrack",
          "file": "/AttMnvrMain/IP_AttMnvrMain.c",
          "line": 32
        },
        {
          "caller": "targetTrack",
          "file": "/AttMnvrMain/IP_AttMnvrMain.c",
          "line": 40
        }
      ],
      "Sgn2": [
        {
          "caller": "targetTrack",
          "file": "/AttMnvrMain/IP_AttMnvrMain.c",
          "line": 14
        }
      ],
      "Sinx": [
        {
          "caller": "AttMnvrMain",
          "file": "/AttMnvrMain/IP_AttMnvrMain.c",
          "line": 67
        }
      ],
      "UI8_LO4": [
        {
          "caller": "AttMnvrMain",
          "file": "/AttMnvrMain/IP_AttMnvrMain.c",
          "line": 62
        }
      ],
      "VectorAdd3": [
        {
          "caller": "AttMnvrMain",
          "file": "/AttMnvrMain/IP_AttMnvrMain.c",
          "line": 85
        }
      ],
      "VectorScalar3": [
        {
          "caller": "AttMnvrMain",
          "file": "/AttMnvrMain/IP_AttMnvrMain.c",
          "line": 83
        },
        {
          "caller": "AttMnvrMain",
          "file": "/AttMnvrMain/IP_AttMnvrMain.c",
          "line": 90
        }
      ]
    }
  },
  "invariants": {
    "project": [
      {
        "kind": "project_input_field",
        "text": "sAttMnvr.Ctm0 is only read by AttMnvrMain",
        "confidence": "medium",
        "evidence": "field summary",
        "field": "sAttMnvr.Ctm0",
        "readers": [
          "AttMnvrMain"
        ]
      },
      {
        "kind": "project_input_field",
        "text": "sAttMnvr.F_AttManeuInVVLH is only read by AttMnvrMain",
        "confidence": "medium",
        "evidence": "field summary",
        "field": "sAttMnvr.F_AttManeuInVVLH",
        "readers": [
          "AttMnvrMain"
        ]
      },
      {
        "kind": "project_input_field",
        "text": "sAttMnvr.amax is only read by targetTrack",
        "confidence": "medium",
        "evidence": "field summary",
        "field": "sAttMnvr.amax",
        "readers": [
          "targetTrack"
        ]
      },
      {
        "kind": "project_state_field",
        "text": "sAttMnvr.ar is read and written",
        "confidence": "medium",
        "evidence": "field summary",
        "field": "sAttMnvr.ar",
        "readers": [
          "targetTrack"
        ],
        "writers": [
          "targetTrack"
        ]
      },
      {
        "kind": "project_state_field",
        "text": "sAttMnvr.dEuler is read and written",
        "confidence": "medium",
        "evidence": "field summary",
        "field": "sAttMnvr.dEuler",
        "readers": [
          "targetTrack"
        ],
        "writers": [
          "targetTrack"
        ]
      },
      {
        "kind": "project_state_field",
        "text": "sAttMnvr.dphair is read and written",
        "confidence": "medium",
        "evidence": "field summary",
        "field": "sAttMnvr.dphair",
        "readers": [
          "AttMnvrMain",
          "targetTrack"
        ],
        "writers": [
          "targetTrack"
        ]
      },
      {
        "kind": "project_input_field",
        "text": "sAttMnvr.e is only read by AttMnvrMain",
        "confidence": "medium",
        "evidence": "field summary",
        "field": "sAttMnvr.e",
        "readers": [
          "AttMnvrMain"
        ]
      },
      {
        "kind": "project_input_field",
        "text": "sAttMnvr.phaim is only read by targetTrack",
        "confidence": "medium",
        "evidence": "field summary",
        "field": "sAttMnvr.phaim",
        "readers": [
          "targetTrack"
        ]
      },
      {
        "kind": "project_input_field",
        "text": "sAttMnvr.phaim0 is only read by targetTrack",
        "confidence": "medium",
        "evidence": "field summary",
        "field": "sAttMnvr.phaim0",
        "readers": [
          "targetTrack"
        ]
      },
      {
        "kind": "project_state_field",
        "text": "sAttMnvr.phair is read and written",
        "confidence": "medium",
        "evidence": "field summary",
        "field": "sAttMnvr.phair",
        "readers": [
          "AttMnvrMain",
          "targetTrack"
        ],
        "writers": [
          "targetTrack"
        ]
      },
      {
        "kind": "project_input_field",
        "text": "sAttMnvr.qb0 is only read by AttMnvrMain",
        "confidence": "medium",
        "evidence": "field summary",
        "field": "sAttMnvr.qb0",
        "readers": [
          "AttMnvrMain"
        ]
      },
      {
        "kind": "project_input_field",
        "text": "sAttMnvr.qtm0 is only read by AttMnvrMain",
        "confidence": "medium",
        "evidence": "field summary",
        "field": "sAttMnvr.qtm0",
        "readers": [
          "AttMnvrMain"
        ]
      },
      {
        "kind": "project_input_field",
        "text": "sAttMnvr.tm1 is only read by targetTrack",
        "confidence": "medium",
        "evidence": "field summary",
        "field": "sAttMnvr.tm1",
        "readers": [
          "targetTrack"
        ]
      },
      {
        "kind": "project_input_field",
        "text": "sAttMnvr.tm2 is only read by targetTrack",
        "confidence": "medium",
        "evidence": "field summary",
        "field": "sAttMnvr.tm2",
        "readers": [
          "targetTrack"
        ]
      },
      {
        "kind": "project_input_field",
        "text": "sAttMnvr.tm3 is only read by targetTrack",
        "confidence": "medium",
        "evidence": "field summary",
        "field": "sAttMnvr.tm3",
        "readers": [
          "targetTrack"
        ]
      },
      {
        "kind": "project_input_field",
        "text": "sAttMnvr.tmstar is only read by targetTrack",
        "confidence": "medium",
        "evidence": "field summary",
        "field": "sAttMnvr.tmstar",
        "readers": [
          "targetTrack"
        ]
      },
      {
        "kind": "project_input_field",
        "text": "sAttPub.qoitemp is only read by AttMnvrMain",
        "confidence": "medium",
        "evidence": "field summary",
        "field": "sAttPub.qoitemp",
        "readers": [
          "AttMnvrMain"
        ]
      },
      {
        "kind": "project_input_field",
        "text": "sAttPub.qti is only read by AttMnvrMain",
        "confidence": "medium",
        "evidence": "field summary",
        "field": "sAttPub.qti",
        "readers": [
          "AttMnvrMain"
        ]
      },
      {
        "kind": "project_input_field",
        "text": "sAttPub.woitemp is only read by AttMnvrMain",
        "confidence": "medium",
        "evidence": "field summary",
        "field": "sAttPub.woitemp",
        "readers": [
          "AttMnvrMain"
        ]
      },
      {
        "kind": "project_input_field",
        "text": "sAttPub.wti is only read by AttMnvrMain",
        "confidence": "medium",
        "evidence": "field summary",
        "field": "sAttPub.wti",
        "readers": [
          "AttMnvrMain"
        ]
      },
      {
        "kind": "project_input_field",
        "text": "sTime.tDbl is only read by targetTrack",
        "confidence": "medium",
        "evidence": "field summary",
        "field": "sTime.tDbl",
        "readers": [
          "targetTrack"
        ]
      },
      {
        "kind": "project_state_transition_set",
        "text": "workmode transitions target values subset of {UI8_LO4, WorkMode}",
        "confidence": "medium",
        "evidence": "state transition assignments",
        "symbol": "workmode",
        "values": [
          "UI8_LO4",
          "WorkMode"
        ]
      }
    ]
  }
}
