===== source2fsm batch debug =====
name: WheelFriction
source: IP_WheelFriction.c
source directory: /WheelFriction
output directory: /WheelFriction
copied input .c files:
  IP_WheelFriction.c
===== docker output =====
source-only mode: /work/input/IP_WheelFriction.c
source-only cfg
function "WheelFriction" found
nodes: 9
edges: 10
dot: /work/output/.WheelFriction.dot
cfg nodes:
  n0 [basic] MW_PARAM * para; | unint32 i; | para = sMWCtrl.para;
  n1 [loop] for ( i = 0; i < 4; i++ )
  n2 [if] if ( sMWData.F_Valid_MW[i] == TRUE32 )
  n3 [basic] sMWData.vf[i] = para->kf[i] * sMWData.h[i] / para->cut[i] + para->vf0[i] * | Sgn2( sMWData.h[i] );
  n4 [basic] sMWData.vf[i] = 0.0;
  n5 [terminal] return;
png: /work/output/WheelFriction.png
