# No-Compile Static Analysis Log

Root: /CtrlAttErr/IP_CtrlAttErr.c
Files: 1
Functions: 1
Call edges: 6
Field accesses: 7
Unresolved calls: 6
Missing local includes: 0
Function invariants: 7
Project invariants: 4

## Missing Local Includes
- none

## Duplicate Function Definitions
- none

## Unresolved Calls
- MatrixMulti331: CtrlAttErr@IP_CtrlAttErr.c:17
- Q2C: CtrlAttErr@IP_CtrlAttErr.c:16
- Qdiv: CtrlAttErr@IP_CtrlAttErr.c:13
- V3Copy: CtrlAttErr@IP_CtrlAttErr.c:22
- VectorScalar3: CtrlAttErr@IP_CtrlAttErr.c:21
- VectorSub3: CtrlAttErr@IP_CtrlAttErr.c:18

## Call Graph
- CtrlAttErr -> MatrixMulti331?, Q2C?, Qdiv?, V3Copy?, VectorScalar3?, VectorSub3?

## State Transitions
- none

## Field Access Summary
- sAttCtrl.de: read=1 write=0 read_write=0 functions=CtrlAttErr
- sAttCtrl.e: read=1 write=0 read_write=0 functions=CtrlAttErr
- sAttPub.qbt: read=3 write=0 read_write=0 functions=CtrlAttErr
- sAttPub.wbt: read=2 write=0 read_write=0 functions=CtrlAttErr

## Project Invariants
- [project_input_field/medium] sAttCtrl.de is only read by CtrlAttErr (field summary)
- [project_input_field/medium] sAttCtrl.e is only read by CtrlAttErr (field summary)
- [project_input_field/medium] sAttPub.qbt is only read by CtrlAttErr (field summary)
- [project_input_field/medium] sAttPub.wbt is only read by CtrlAttErr (field summary)

## Function Details
### CtrlAttErr (IP_CtrlAttErr.c:7)
- params: float64 * q, float64 * w, float64 * qt, float64 * wt
- locals: Cq, wb
- calls: Qdiv, Q2C, MatrixMulti331, VectorSub3, VectorScalar3, V3Copy
- undefined_calls: MatrixMulti331, Q2C, Qdiv, V3Copy, VectorScalar3, VectorSub3
- reads: none
- writes: none
- summary.ensures_observed:
  - Cq in [-1.79769e+308, 1.79769e+308]
  - q in [-1.79769e+308, 1.79769e+308]
  - qt in [-1.79769e+308, 1.79769e+308]
  - w in [-1.79769e+308, 1.79769e+308]
  - wb in [-1.79769e+308, 1.79769e+308]
  - wt in [-1.79769e+308, 1.79769e+308]
- invariants:
  - [value_range/medium] Cq in [-1.79769e+308, 1.79769e+308] (decl float64@8)
  - [value_range/medium] q in [-1.79769e+308, 1.79769e+308] (type float64)
  - [value_range/medium] qt in [-1.79769e+308, 1.79769e+308] (type float64)
  - [value_range/medium] w in [-1.79769e+308, 1.79769e+308] (type float64)
  - [value_range/medium] wb in [-1.79769e+308, 1.79769e+308] (decl float64@9)
  - [value_range/medium] wt in [-1.79769e+308, 1.79769e+308] (type float64)
  - [reads_fields/high] function may read fields: sAttCtrl.de, sAttCtrl.e, sAttPub.qbt, sAttPub.wbt (field reads)
- value_ranges:
  - Cq: [-1.79769e+308, 1.79769e+308] (decl float64@8)
  - q: [-1.79769e+308, 1.79769e+308] (type float64)
  - qt: [-1.79769e+308, 1.79769e+308] (type float64)
  - w: [-1.79769e+308, 1.79769e+308] (type float64)
  - wb: [-1.79769e+308, 1.79769e+308] (decl float64@9)
  - wt: [-1.79769e+308, 1.79769e+308] (type float64)

## JSON
{
  "root": "/CtrlAttErr/IP_CtrlAttErr.c",
  "files": [
    {
      "file": "/CtrlAttErr/IP_CtrlAttErr.c",
      "lines": 26,
      "includes": [
        {
          "name": "IP_CtrlAttErr.h",
          "kind": "local",
          "line": 1,
          "resolved": "/CtrlAttErr/IP_CtrlAttErr.h"
        }
      ],
      "macros": [],
      "typedefs": [],
      "globals": [],
      "functions": [
        {
          "name": "CtrlAttErr",
          "line": 7,
          "params": [
            "float64 * q",
            "float64 * w",
            "float64 * qt",
            "float64 * wt"
          ]
        }
      ]
    }
  ],
  "summary": {
    "file_count": 1,
    "function_count": 1,
    "defined_function_count": 1,
    "declared_function_count": 0,
    "macro_count": 0,
    "typedef_count": 0,
    "global_count": 0,
    "call_edge_count": 6,
    "unresolved_call_count": 6,
    "field_access_count": 7,
    "missing_local_include_count": 0,
    "function_invariant_count": 7,
    "project_invariant_count": 4
  },
  "symbols": {
    "defined_functions": {
      "CtrlAttErr": [
        {
          "file": "/CtrlAttErr/IP_CtrlAttErr.c",
          "line": 7
        }
      ]
    },
    "declared_functions": {},
    "macros": {},
    "typedefs": {},
    "enum_constants": [],
    "globals": {},
    "struct_fields": {},
    "duplicate_functions": {}
  },
  "functions": [
    {
      "file": "/CtrlAttErr/IP_CtrlAttErr.c",
      "name": "CtrlAttErr",
      "line": 7,
      "return_type": "void",
      "params": [
        "float64 * q",
        "float64 * w",
        "float64 * qt",
        "float64 * wt"
      ],
      "locals": [
        "Cq",
        "wb"
      ],
      "calls": [
        {
          "name": "Qdiv",
          "line": 13,
          "kind": "function",
          "resolved": false
        },
        {
          "name": "Q2C",
          "line": 16,
          "kind": "function",
          "resolved": false
        },
        {
          "name": "MatrixMulti331",
          "line": 17,
          "kind": "function",
          "resolved": false
        },
        {
          "name": "VectorSub3",
          "line": 18,
          "kind": "function",
          "resolved": false
        },
        {
          "name": "VectorScalar3",
          "line": 21,
          "kind": "function",
          "resolved": false
        },
        {
          "name": "V3Copy",
          "line": 22,
          "kind": "function",
          "resolved": false
        }
      ],
      "assignments": [],
      "conditions": [],
      "switch_cases": [],
      "field_accesses": [
        {
          "line": 13,
          "object": "sAttPub",
          "operator": ".",
          "field": "qbt",
          "access": "read",
          "name": "sAttPub.qbt"
        },
        {
          "line": 16,
          "object": "sAttPub",
          "operator": ".",
          "field": "qbt",
          "access": "read",
          "name": "sAttPub.qbt"
        },
        {
          "line": 18,
          "object": "sAttPub",
          "operator": ".",
          "field": "wbt",
          "access": "read",
          "name": "sAttPub.wbt"
        },
        {
          "line": 21,
          "object": "sAttCtrl",
          "operator": ".",
          "field": "e",
          "access": "read",
          "name": "sAttCtrl.e"
        },
        {
          "line": 21,
          "object": "sAttPub",
          "operator": ".",
          "field": "qbt",
          "access": "read",
          "name": "sAttPub.qbt"
        },
        {
          "line": 22,
          "object": "sAttCtrl",
          "operator": ".",
          "field": "de",
          "access": "read",
          "name": "sAttCtrl.de"
        },
        {
          "line": 22,
          "object": "sAttPub",
          "operator": ".",
          "field": "wbt",
          "access": "read",
          "name": "sAttPub.wbt"
        }
      ],
      "returns": [
        {
          "line": 24,
          "expression": "",
          "identifiers": []
        }
      ],
      "macro_uses": [
        {
          "name": "Q2C",
          "line": 16,
          "known": false
        }
      ],
      "type_uses": [],
      "value_ranges": [
        {
          "symbol": "Cq",
          "range": "[-1.79769e+308, 1.79769e+308]",
          "min": -1.7976931348623157e+308,
          "max": 1.7976931348623157e+308,
          "evidence": [
            "decl float64@8"
          ]
        },
        {
          "symbol": "q",
          "range": "[-1.79769e+308, 1.79769e+308]",
          "min": -1.7976931348623157e+308,
          "max": 1.7976931348623157e+308,
          "evidence": [
            "type float64"
          ]
        },
        {
          "symbol": "qt",
          "range": "[-1.79769e+308, 1.79769e+308]",
          "min": -1.7976931348623157e+308,
          "max": 1.7976931348623157e+308,
          "evidence": [
            "type float64"
          ]
        },
        {
          "symbol": "w",
          "range": "[-1.79769e+308, 1.79769e+308]",
          "min": -1.7976931348623157e+308,
          "max": 1.7976931348623157e+308,
          "evidence": [
            "type float64"
          ]
        },
        {
          "symbol": "wb",
          "range": "[-1.79769e+308, 1.79769e+308]",
          "min": -1.7976931348623157e+308,
          "max": 1.7976931348623157e+308,
          "evidence": [
            "decl float64@9"
          ]
        },
        {
          "symbol": "wt",
          "range": "[-1.79769e+308, 1.79769e+308]",
          "min": -1.7976931348623157e+308,
          "max": 1.7976931348623157e+308,
          "evidence": [
            "type float64"
          ]
        }
      ],
      "condition_ranges": [],
      "reads": [],
      "writes": [],
      "global_reads": [],
      "global_writes": [],
      "input_fields": [
        "sAttCtrl.de",
        "sAttCtrl.e",
        "sAttPub.qbt",
        "sAttPub.wbt"
      ],
      "output_fields": [],
      "undefined_calls": [
        "MatrixMulti331",
        "Q2C",
        "Qdiv",
        "V3Copy",
        "VectorScalar3",
        "VectorSub3"
      ],
      "invariants": [
        {
          "kind": "value_range",
          "text": "Cq in [-1.79769e+308, 1.79769e+308]",
          "confidence": "medium",
          "evidence": "decl float64@8",
          "symbol": "Cq",
          "min": -1.7976931348623157e+308,
          "max": 1.7976931348623157e+308
        },
        {
          "kind": "value_range",
          "text": "q in [-1.79769e+308, 1.79769e+308]",
          "confidence": "medium",
          "evidence": "type float64",
          "symbol": "q",
          "min": -1.7976931348623157e+308,
          "max": 1.7976931348623157e+308
        },
        {
          "kind": "value_range",
          "text": "qt in [-1.79769e+308, 1.79769e+308]",
          "confidence": "medium",
          "evidence": "type float64",
          "symbol": "qt",
          "min": -1.7976931348623157e+308,
          "max": 1.7976931348623157e+308
        },
        {
          "kind": "value_range",
          "text": "w in [-1.79769e+308, 1.79769e+308]",
          "confidence": "medium",
          "evidence": "type float64",
          "symbol": "w",
          "min": -1.7976931348623157e+308,
          "max": 1.7976931348623157e+308
        },
        {
          "kind": "value_range",
          "text": "wb in [-1.79769e+308, 1.79769e+308]",
          "confidence": "medium",
          "evidence": "decl float64@9",
          "symbol": "wb",
          "min": -1.7976931348623157e+308,
          "max": 1.7976931348623157e+308
        },
        {
          "kind": "value_range",
          "text": "wt in [-1.79769e+308, 1.79769e+308]",
          "confidence": "medium",
          "evidence": "type float64",
          "symbol": "wt",
          "min": -1.7976931348623157e+308,
          "max": 1.7976931348623157e+308
        },
        {
          "kind": "reads_fields",
          "text": "function may read fields: sAttCtrl.de, sAttCtrl.e, sAttPub.qbt, sAttPub.wbt",
          "confidence": "high",
          "evidence": "field reads",
          "fields": [
            "sAttCtrl.de",
            "sAttCtrl.e",
            "sAttPub.qbt",
            "sAttPub.wbt"
          ]
        }
      ],
      "summary": {
        "requires_observed": [],
        "modifies": [],
        "ensures_observed": [
          "Cq in [-1.79769e+308, 1.79769e+308]",
          "q in [-1.79769e+308, 1.79769e+308]",
          "qt in [-1.79769e+308, 1.79769e+308]",
          "w in [-1.79769e+308, 1.79769e+308]",
          "wb in [-1.79769e+308, 1.79769e+308]",
          "wt in [-1.79769e+308, 1.79769e+308]"
        ],
        "calls": [
          "Qdiv",
          "Q2C",
          "MatrixMulti331",
          "VectorSub3",
          "VectorScalar3",
          "V3Copy"
        ],
        "undefined_calls": [
          "MatrixMulti331",
          "Q2C",
          "Qdiv",
          "V3Copy",
          "VectorScalar3",
          "VectorSub3"
        ]
      }
    }
  ],
  "relations": {
    "call_graph": [
      {
        "caller": "CtrlAttErr",
        "callee": "Qdiv",
        "file": "/CtrlAttErr/IP_CtrlAttErr.c",
        "line": 13,
        "kind": "function",
        "resolved": false
      },
      {
        "caller": "CtrlAttErr",
        "callee": "Q2C",
        "file": "/CtrlAttErr/IP_CtrlAttErr.c",
        "line": 16,
        "kind": "function",
        "resolved": false
      },
      {
        "caller": "CtrlAttErr",
        "callee": "MatrixMulti331",
        "file": "/CtrlAttErr/IP_CtrlAttErr.c",
        "line": 17,
        "kind": "function",
        "resolved": false
      },
      {
        "caller": "CtrlAttErr",
        "callee": "VectorSub3",
        "file": "/CtrlAttErr/IP_CtrlAttErr.c",
        "line": 18,
        "kind": "function",
        "resolved": false
      },
      {
        "caller": "CtrlAttErr",
        "callee": "VectorScalar3",
        "file": "/CtrlAttErr/IP_CtrlAttErr.c",
        "line": 21,
        "kind": "function",
        "resolved": false
      },
      {
        "caller": "CtrlAttErr",
        "callee": "V3Copy",
        "file": "/CtrlAttErr/IP_CtrlAttErr.c",
        "line": 22,
        "kind": "function",
        "resolved": false
      }
    ],
    "field_accesses": [
      {
        "name": "sAttCtrl.de",
        "reads": 1,
        "writes": 0,
        "read_writes": 0,
        "functions": [
          "CtrlAttErr"
        ],
        "readers": [
          "CtrlAttErr"
        ],
        "writers": []
      },
      {
        "name": "sAttCtrl.e",
        "reads": 1,
        "writes": 0,
        "read_writes": 0,
        "functions": [
          "CtrlAttErr"
        ],
        "readers": [
          "CtrlAttErr"
        ],
        "writers": []
      },
      {
        "name": "sAttPub.qbt",
        "reads": 3,
        "writes": 0,
        "read_writes": 0,
        "functions": [
          "CtrlAttErr"
        ],
        "readers": [
          "CtrlAttErr"
        ],
        "writers": []
      },
      {
        "name": "sAttPub.wbt",
        "reads": 2,
        "writes": 0,
        "read_writes": 0,
        "functions": [
          "CtrlAttErr"
        ],
        "readers": [
          "CtrlAttErr"
        ],
        "writers": []
      }
    ],
    "state_transitions": [],
    "missing_local_includes": [],
    "unresolved_calls": {
      "MatrixMulti331": [
        {
          "caller": "CtrlAttErr",
          "file": "/CtrlAttErr/IP_CtrlAttErr.c",
          "line": 17
        }
      ],
      "Q2C": [
        {
          "caller": "CtrlAttErr",
          "file": "/CtrlAttErr/IP_CtrlAttErr.c",
          "line": 16
        }
      ],
      "Qdiv": [
        {
          "caller": "CtrlAttErr",
          "file": "/CtrlAttErr/IP_CtrlAttErr.c",
          "line": 13
        }
      ],
      "V3Copy": [
        {
          "caller": "CtrlAttErr",
          "file": "/CtrlAttErr/IP_CtrlAttErr.c",
          "line": 22
        }
      ],
      "VectorScalar3": [
        {
          "caller": "CtrlAttErr",
          "file": "/CtrlAttErr/IP_CtrlAttErr.c",
          "line": 21
        }
      ],
      "VectorSub3": [
        {
          "caller": "CtrlAttErr",
          "file": "/CtrlAttErr/IP_CtrlAttErr.c",
          "line": 18
        }
      ]
    }
  },
  "invariants": {
    "project": [
      {
        "kind": "project_input_field",
        "text": "sAttCtrl.de is only read by CtrlAttErr",
        "confidence": "medium",
        "evidence": "field summary",
        "field": "sAttCtrl.de",
        "readers": [
          "CtrlAttErr"
        ]
      },
      {
        "kind": "project_input_field",
        "text": "sAttCtrl.e is only read by CtrlAttErr",
        "confidence": "medium",
        "evidence": "field summary",
        "field": "sAttCtrl.e",
        "readers": [
          "CtrlAttErr"
        ]
      },
      {
        "kind": "project_input_field",
        "text": "sAttPub.qbt is only read by CtrlAttErr",
        "confidence": "medium",
        "evidence": "field summary",
        "field": "sAttPub.qbt",
        "readers": [
          "CtrlAttErr"
        ]
      },
      {
        "kind": "project_input_field",
        "text": "sAttPub.wbt is only read by CtrlAttErr",
        "confidence": "medium",
        "evidence": "field summary",
        "field": "sAttPub.wbt",
        "readers": [
          "CtrlAttErr"
        ]
      }
    ]
  }
}
